INFO Watching for file changes with StatReloader
WARNING Not Found: /
WARNING "GET / HTTP/1.1" 404 2276
WARNING Not Found: /favicon.ico
WARNING "GET /favicon.ico HTTP/1.1" 404 2327
INFO "GET /author HTTP/1.1" 301 0
INFO Чтение авторов (подробности: <WSGIRequest: GET '/author/'>
INFO "GET /author/ HTTP/1.1" 200 0
WARNING Not Found: /article
WARNING "GET /article HTTP/1.1" 404 2315
INFO "GET /articles HTTP/1.1" 301 0
INFO Чтение авторов (подробности: <WSGIRequest: GET '/articles/'>
INFO "GET /articles/ HTTP/1.1" 200 0
INFO C:\Users\User\PycharmProjects\specialization\django\seminars\project\my_blog\urls.py changed, reloading.
INFO Watching for file changes with StatReloader
INFO C:\Users\User\PycharmProjects\specialization\django\seminars\project\base_blog_app\views.py changed, reloading.
INFO Watching for file changes with StatReloader
INFO C:\Users\User\PycharmProjects\specialization\django\seminars\project\base_blog_app\urls.py changed, reloading.
INFO Watching for file changes with StatReloader
INFO C:\Users\User\PycharmProjects\specialization\django\seminars\project\base_blog_app\urls.py changed, reloading.
INFO Watching for file changes with StatReloader
WARNING Not Found: /
WARNING "GET / HTTP/1.1" 404 2376
WARNING Not Found: /
WARNING "GET / HTTP/1.1" 404 2376
WARNING Not Found: /
WARNING "GET / HTTP/1.1" 404 2376
WARNING Not Found: /
WARNING "GET / HTTP/1.1" 404 2376
WARNING Not Found: /
WARNING "GET / HTTP/1.1" 404 2376
INFO C:\Users\User\PycharmProjects\specialization\django\seminars\project\base_blog_app\urls.py changed, reloading.
INFO Watching for file changes with StatReloader
WARNING Not Found: /
WARNING "GET / HTTP/1.1" 404 2376
WARNING Not Found: /favicon.ico
WARNING "GET /favicon.ico HTTP/1.1" 404 2427
WARNING Not Found: /
WARNING "GET / HTTP/1.1" 404 2376
INFO C:\Users\User\PycharmProjects\specialization\django\seminars\project\base_blog_app\urls.py changed, reloading.
INFO Watching for file changes with StatReloader
INFO "GET / HTTP/1.1" 200 33
WARNING Not Found: /favicon.ico
WARNING "GET /favicon.ico HTTP/1.1" 404 2822
INFO C:\Users\User\PycharmProjects\specialization\django\seminars\project\base_blog_app\views.py changed, reloading.
INFO Watching for file changes with StatReloader
INFO Watching for file changes with StatReloader
INFO "GET / HTTP/1.1" 200 10
WARNING Not Found: /favicon.ico
WARNING "GET /favicon.ico HTTP/1.1" 404 2822
INFO "GET /author/ HTTP/1.1" 200 10
INFO "GET /article HTTP/1.1" 301 0
INFO "GET /article/ HTTP/1.1" 200 10
INFO Watching for file changes with StatReloader
INFO "GET / HTTP/1.1" 200 10
INFO "GET /articles_by_author HTTP/1.1" 301 0
INFO "GET /articles_by_author/ HTTP/1.1" 200 10
INFO "GET /articles_by_author/?name=Name_4 HTTP/1.1" 200 10
INFO C:\Users\User\PycharmProjects\specialization\django\seminars\project\my_blog\urls.py changed, reloading.
INFO Watching for file changes with StatReloader
INFO "GET /articles_by_author/?name=Name_4 HTTP/1.1" 200 10
INFO "GET /articles_by_author/?name=Name_4 HTTP/1.1" 200 10
INFO "GET / HTTP/1.1" 200 10
WARNING Not Found: /author/
WARNING "GET /author/ HTTP/1.1" 404 2888
INFO "GET /articles_by_author/?name=Name_4 HTTP/1.1" 200 10
INFO C:\Users\User\PycharmProjects\specialization\django\seminars\project\my_blog\urls.py changed, reloading.
INFO Watching for file changes with StatReloader
INFO "GET / HTTP/1.1" 200 10
INFO Чтение авторов (подробности: <WSGIRequest: GET '/author/'>
INFO "GET /author/ HTTP/1.1" 200 6
INFO Чтение публикаций (подробности: <WSGIRequest: GET '/article/'>
INFO "GET /article/ HTTP/1.1" 200 12
INFO Запрос статей по ID автора: <WSGIRequest: GET '/articles_by_author/?name=Name_4'>
INFO "GET /articles_by_author/?name=Name_4 HTTP/1.1" 200 0
INFO Запрос статей по ID автора: <WSGIRequest: GET '/articles_by_author/?name=Name_2'>
INFO "GET /articles_by_author/?name=Name_2 HTTP/1.1" 200 12
INFO Watching for file changes with StatReloader
INFO Watching for file changes with StatReloader
INFO Watching for file changes with StatReloader
INFO Watching for file changes with StatReloader
INFO "GET / HTTP/1.1" 200 10
WARNING Not Found: /favicon.ico
WARNING "GET /favicon.ico HTTP/1.1" 404 3006
WARNING Not Found: /templates_articles
WARNING "GET /templates_articles HTTP/1.1" 404 3027
INFO "GET /view_all_articles HTTP/1.1" 301 0
ERROR Internal Server Error: /view_all_articles/
Traceback (most recent call last):
  File "C:\Users\User\PycharmProjects\specialization\venv\Lib\site-packages\django\template\base.py", line 505, in parse
    compile_func = self.tags[command]
                   ~~~~~~~~~^^^^^^^^^
KeyError: 'empty'

During handling of the above exception, another exception occurred:

Traceback (most recent call last):
  File "C:\Users\User\PycharmProjects\specialization\venv\Lib\site-packages\django\core\handlers\exception.py", line 55, in inner
    response = get_response(request)
               ^^^^^^^^^^^^^^^^^^^^^
  File "C:\Users\User\PycharmProjects\specialization\venv\Lib\site-packages\django\core\handlers\base.py", line 197, in _get_response
    response = wrapped_callback(request, *callback_args, **callback_kwargs)
               ^^^^^^^^^^^^^^^^^^^^^^^^^^^^^^^^^^^^^^^^^^^^^^^^^^^^^^^^^^^^
  File "C:\Users\User\PycharmProjects\specialization\django\seminars\project2\base_blog_app\views.py", line 37, in view_all_articles
    return render(request, "base_blog_app/templates_articles.html", context)
           ^^^^^^^^^^^^^^^^^^^^^^^^^^^^^^^^^^^^^^^^^^^^^^^^^^^^^^^^^^^^^^^^^
  File "C:\Users\User\PycharmProjects\specialization\venv\Lib\site-packages\django\shortcuts.py", line 24, in render
    content = loader.render_to_string(template_name, context, request, using=using)
              ^^^^^^^^^^^^^^^^^^^^^^^^^^^^^^^^^^^^^^^^^^^^^^^^^^^^^^^^^^^^^^^^^^^^^
  File "C:\Users\User\PycharmProjects\specialization\venv\Lib\site-packages\django\template\loader.py", line 61, in render_to_string
    template = get_template(template_name, using=using)
               ^^^^^^^^^^^^^^^^^^^^^^^^^^^^^^^^^^^^^^^^
  File "C:\Users\User\PycharmProjects\specialization\venv\Lib\site-packages\django\template\loader.py", line 15, in get_template
    return engine.get_template(template_name)
           ^^^^^^^^^^^^^^^^^^^^^^^^^^^^^^^^^^
  File "C:\Users\User\PycharmProjects\specialization\venv\Lib\site-packages\django\template\backends\django.py", line 33, in get_template
    return Template(self.engine.get_template(template_name), self)
                    ^^^^^^^^^^^^^^^^^^^^^^^^^^^^^^^^^^^^^^^
  File "C:\Users\User\PycharmProjects\specialization\venv\Lib\site-packages\django\template\engine.py", line 175, in get_template
    template, origin = self.find_template(template_name)
                       ^^^^^^^^^^^^^^^^^^^^^^^^^^^^^^^^^
  File "C:\Users\User\PycharmProjects\specialization\venv\Lib\site-packages\django\template\engine.py", line 157, in find_template
    template = loader.get_template(name, skip=skip)
               ^^^^^^^^^^^^^^^^^^^^^^^^^^^^^^^^^^^^
  File "C:\Users\User\PycharmProjects\specialization\venv\Lib\site-packages\django\template\loaders\cached.py", line 57, in get_template
    template = super().get_template(template_name, skip)
               ^^^^^^^^^^^^^^^^^^^^^^^^^^^^^^^^^^^^^^^^^
  File "C:\Users\User\PycharmProjects\specialization\venv\Lib\site-packages\django\template\loaders\base.py", line 28, in get_template
    return Template(
           ^^^^^^^^^
  File "C:\Users\User\PycharmProjects\specialization\venv\Lib\site-packages\django\template\base.py", line 154, in __init__
    self.nodelist = self.compile_nodelist()
                    ^^^^^^^^^^^^^^^^^^^^^^^
  File "C:\Users\User\PycharmProjects\specialization\venv\Lib\site-packages\django\template\base.py", line 200, in compile_nodelist
    return parser.parse()
           ^^^^^^^^^^^^^^
  File "C:\Users\User\PycharmProjects\specialization\venv\Lib\site-packages\django\template\base.py", line 513, in parse
    raise self.error(token, e)
  File "C:\Users\User\PycharmProjects\specialization\venv\Lib\site-packages\django\template\base.py", line 511, in parse
    compiled_result = compile_func(self, token)
                      ^^^^^^^^^^^^^^^^^^^^^^^^^
  File "C:\Users\User\PycharmProjects\specialization\venv\Lib\site-packages\django\template\loader_tags.py", line 293, in do_extends
    nodelist = parser.parse()
               ^^^^^^^^^^^^^^
  File "C:\Users\User\PycharmProjects\specialization\venv\Lib\site-packages\django\template\base.py", line 513, in parse
    raise self.error(token, e)
  File "C:\Users\User\PycharmProjects\specialization\venv\Lib\site-packages\django\template\base.py", line 511, in parse
    compiled_result = compile_func(self, token)
                      ^^^^^^^^^^^^^^^^^^^^^^^^^
  File "C:\Users\User\PycharmProjects\specialization\venv\Lib\site-packages\django\template\loader_tags.py", line 232, in do_block
    nodelist = parser.parse(("endblock",))
               ^^^^^^^^^^^^^^^^^^^^^^^^^^^
  File "C:\Users\User\PycharmProjects\specialization\venv\Lib\site-packages\django\template\base.py", line 513, in parse
    raise self.error(token, e)
  File "C:\Users\User\PycharmProjects\specialization\venv\Lib\site-packages\django\template\base.py", line 511, in parse
    compiled_result = compile_func(self, token)
                      ^^^^^^^^^^^^^^^^^^^^^^^^^
  File "C:\Users\User\PycharmProjects\specialization\venv\Lib\site-packages\django\template\defaulttags.py", line 853, in do_for
    nodelist_loop = parser.parse(
                    ^^^^^^^^^^^^^
  File "C:\Users\User\PycharmProjects\specialization\venv\Lib\site-packages\django\template\base.py", line 513, in parse
    raise self.error(token, e)
  File "C:\Users\User\PycharmProjects\specialization\venv\Lib\site-packages\django\template\base.py", line 511, in parse
    compiled_result = compile_func(self, token)
                      ^^^^^^^^^^^^^^^^^^^^^^^^^
  File "C:\Users\User\PycharmProjects\specialization\venv\Lib\site-packages\django\template\defaulttags.py", line 953, in do_if
    nodelist = parser.parse(("elif", "else", "endif"))
               ^^^^^^^^^^^^^^^^^^^^^^^^^^^^^^^^^^^^^^^
  File "C:\Users\User\PycharmProjects\specialization\venv\Lib\site-packages\django\template\base.py", line 507, in parse
    self.invalid_block_tag(token, command, parse_until)
  File "C:\Users\User\PycharmProjects\specialization\venv\Lib\site-packages\django\template\base.py", line 558, in invalid_block_tag
    raise self.error(
django.template.exceptions.TemplateSyntaxError: Invalid block tag on line 11: 'empty', expected 'elif', 'else' or 'endif'. Did you forget to register or load this tag?
ERROR "GET /view_all_articles/ HTTP/1.1" 500 201753
INFO Watching for file changes with StatReloader
INFO "GET /view_all_articles/ HTTP/1.1" 200 657
INFO Watching for file changes with StatReloader
INFO "GET /view_all_articles/ HTTP/1.1" 200 657
INFO Watching for file changes with StatReloader
INFO "GET /view_all_articles/ HTTP/1.1" 200 3697
INFO Watching for file changes with StatReloader
INFO "GET / HTTP/1.1" 200 10
WARNING Not Found: /favicon.ico
WARNING "GET /favicon.ico HTTP/1.1" 404 3006
ERROR Internal Server Error: /view_all_articles/
Traceback (most recent call last):
  File "C:\Users\User\PycharmProjects\specialization\venv\Lib\site-packages\django\template\base.py", line 505, in parse
    compile_func = self.tags[command]
                   ~~~~~~~~~^^^^^^^^^
KeyError: 'elif'

During handling of the above exception, another exception occurred:

Traceback (most recent call last):
  File "C:\Users\User\PycharmProjects\specialization\venv\Lib\site-packages\django\core\handlers\exception.py", line 55, in inner
    response = get_response(request)
               ^^^^^^^^^^^^^^^^^^^^^
  File "C:\Users\User\PycharmProjects\specialization\venv\Lib\site-packages\django\core\handlers\base.py", line 197, in _get_response
    response = wrapped_callback(request, *callback_args, **callback_kwargs)
               ^^^^^^^^^^^^^^^^^^^^^^^^^^^^^^^^^^^^^^^^^^^^^^^^^^^^^^^^^^^^
  File "C:\Users\User\PycharmProjects\specialization\django\seminars\project2\base_blog_app\views.py", line 37, in view_all_articles
    return render(request, "base_blog_app/templates_articles.html", context)
           ^^^^^^^^^^^^^^^^^^^^^^^^^^^^^^^^^^^^^^^^^^^^^^^^^^^^^^^^^^^^^^^^^
  File "C:\Users\User\PycharmProjects\specialization\venv\Lib\site-packages\django\shortcuts.py", line 24, in render
    content = loader.render_to_string(template_name, context, request, using=using)
              ^^^^^^^^^^^^^^^^^^^^^^^^^^^^^^^^^^^^^^^^^^^^^^^^^^^^^^^^^^^^^^^^^^^^^
  File "C:\Users\User\PycharmProjects\specialization\venv\Lib\site-packages\django\template\loader.py", line 61, in render_to_string
    template = get_template(template_name, using=using)
               ^^^^^^^^^^^^^^^^^^^^^^^^^^^^^^^^^^^^^^^^
  File "C:\Users\User\PycharmProjects\specialization\venv\Lib\site-packages\django\template\loader.py", line 15, in get_template
    return engine.get_template(template_name)
           ^^^^^^^^^^^^^^^^^^^^^^^^^^^^^^^^^^
  File "C:\Users\User\PycharmProjects\specialization\venv\Lib\site-packages\django\template\backends\django.py", line 33, in get_template
    return Template(self.engine.get_template(template_name), self)
                    ^^^^^^^^^^^^^^^^^^^^^^^^^^^^^^^^^^^^^^^
  File "C:\Users\User\PycharmProjects\specialization\venv\Lib\site-packages\django\template\engine.py", line 175, in get_template
    template, origin = self.find_template(template_name)
                       ^^^^^^^^^^^^^^^^^^^^^^^^^^^^^^^^^
  File "C:\Users\User\PycharmProjects\specialization\venv\Lib\site-packages\django\template\engine.py", line 157, in find_template
    template = loader.get_template(name, skip=skip)
               ^^^^^^^^^^^^^^^^^^^^^^^^^^^^^^^^^^^^
  File "C:\Users\User\PycharmProjects\specialization\venv\Lib\site-packages\django\template\loaders\cached.py", line 57, in get_template
    template = super().get_template(template_name, skip)
               ^^^^^^^^^^^^^^^^^^^^^^^^^^^^^^^^^^^^^^^^^
  File "C:\Users\User\PycharmProjects\specialization\venv\Lib\site-packages\django\template\loaders\base.py", line 28, in get_template
    return Template(
           ^^^^^^^^^
  File "C:\Users\User\PycharmProjects\specialization\venv\Lib\site-packages\django\template\base.py", line 154, in __init__
    self.nodelist = self.compile_nodelist()
                    ^^^^^^^^^^^^^^^^^^^^^^^
  File "C:\Users\User\PycharmProjects\specialization\venv\Lib\site-packages\django\template\base.py", line 200, in compile_nodelist
    return parser.parse()
           ^^^^^^^^^^^^^^
  File "C:\Users\User\PycharmProjects\specialization\venv\Lib\site-packages\django\template\base.py", line 513, in parse
    raise self.error(token, e)
  File "C:\Users\User\PycharmProjects\specialization\venv\Lib\site-packages\django\template\base.py", line 511, in parse
    compiled_result = compile_func(self, token)
                      ^^^^^^^^^^^^^^^^^^^^^^^^^
  File "C:\Users\User\PycharmProjects\specialization\venv\Lib\site-packages\django\template\loader_tags.py", line 293, in do_extends
    nodelist = parser.parse()
               ^^^^^^^^^^^^^^
  File "C:\Users\User\PycharmProjects\specialization\venv\Lib\site-packages\django\template\base.py", line 513, in parse
    raise self.error(token, e)
  File "C:\Users\User\PycharmProjects\specialization\venv\Lib\site-packages\django\template\base.py", line 511, in parse
    compiled_result = compile_func(self, token)
                      ^^^^^^^^^^^^^^^^^^^^^^^^^
  File "C:\Users\User\PycharmProjects\specialization\venv\Lib\site-packages\django\template\loader_tags.py", line 232, in do_block
    nodelist = parser.parse(("endblock",))
               ^^^^^^^^^^^^^^^^^^^^^^^^^^^
  File "C:\Users\User\PycharmProjects\specialization\venv\Lib\site-packages\django\template\base.py", line 513, in parse
    raise self.error(token, e)
  File "C:\Users\User\PycharmProjects\specialization\venv\Lib\site-packages\django\template\base.py", line 511, in parse
    compiled_result = compile_func(self, token)
                      ^^^^^^^^^^^^^^^^^^^^^^^^^
  File "C:\Users\User\PycharmProjects\specialization\venv\Lib\site-packages\django\template\defaulttags.py", line 853, in do_for
    nodelist_loop = parser.parse(
                    ^^^^^^^^^^^^^
  File "C:\Users\User\PycharmProjects\specialization\venv\Lib\site-packages\django\template\base.py", line 507, in parse
    self.invalid_block_tag(token, command, parse_until)
  File "C:\Users\User\PycharmProjects\specialization\venv\Lib\site-packages\django\template\base.py", line 558, in invalid_block_tag
    raise self.error(
django.template.exceptions.TemplateSyntaxError: Invalid block tag on line 10: 'elif', expected 'empty' or 'endfor'. Did you forget to register or load this tag?
ERROR "GET /view_all_articles/ HTTP/1.1" 500 195589
INFO Watching for file changes with StatReloader
ERROR Internal Server Error: /view_all_articles/
Traceback (most recent call last):
  File "C:\Users\User\PycharmProjects\specialization\venv\Lib\site-packages\django\core\handlers\exception.py", line 55, in inner
    response = get_response(request)
               ^^^^^^^^^^^^^^^^^^^^^
  File "C:\Users\User\PycharmProjects\specialization\venv\Lib\site-packages\django\core\handlers\base.py", line 197, in _get_response
    response = wrapped_callback(request, *callback_args, **callback_kwargs)
               ^^^^^^^^^^^^^^^^^^^^^^^^^^^^^^^^^^^^^^^^^^^^^^^^^^^^^^^^^^^^
  File "C:\Users\User\PycharmProjects\specialization\django\seminars\project2\base_blog_app\views.py", line 37, in view_all_articles
    return render(request, "base_blog_app/templates_articles.html", context)
           ^^^^^^^^^^^^^^^^^^^^^^^^^^^^^^^^^^^^^^^^^^^^^^^^^^^^^^^^^^^^^^^^^
  File "C:\Users\User\PycharmProjects\specialization\venv\Lib\site-packages\django\shortcuts.py", line 24, in render
    content = loader.render_to_string(template_name, context, request, using=using)
              ^^^^^^^^^^^^^^^^^^^^^^^^^^^^^^^^^^^^^^^^^^^^^^^^^^^^^^^^^^^^^^^^^^^^^
  File "C:\Users\User\PycharmProjects\specialization\venv\Lib\site-packages\django\template\loader.py", line 61, in render_to_string
    template = get_template(template_name, using=using)
               ^^^^^^^^^^^^^^^^^^^^^^^^^^^^^^^^^^^^^^^^
  File "C:\Users\User\PycharmProjects\specialization\venv\Lib\site-packages\django\template\loader.py", line 15, in get_template
    return engine.get_template(template_name)
           ^^^^^^^^^^^^^^^^^^^^^^^^^^^^^^^^^^
  File "C:\Users\User\PycharmProjects\specialization\venv\Lib\site-packages\django\template\backends\django.py", line 33, in get_template
    return Template(self.engine.get_template(template_name), self)
                    ^^^^^^^^^^^^^^^^^^^^^^^^^^^^^^^^^^^^^^^
  File "C:\Users\User\PycharmProjects\specialization\venv\Lib\site-packages\django\template\engine.py", line 175, in get_template
    template, origin = self.find_template(template_name)
                       ^^^^^^^^^^^^^^^^^^^^^^^^^^^^^^^^^
  File "C:\Users\User\PycharmProjects\specialization\venv\Lib\site-packages\django\template\engine.py", line 157, in find_template
    template = loader.get_template(name, skip=skip)
               ^^^^^^^^^^^^^^^^^^^^^^^^^^^^^^^^^^^^
  File "C:\Users\User\PycharmProjects\specialization\venv\Lib\site-packages\django\template\loaders\cached.py", line 57, in get_template
    template = super().get_template(template_name, skip)
               ^^^^^^^^^^^^^^^^^^^^^^^^^^^^^^^^^^^^^^^^^
  File "C:\Users\User\PycharmProjects\specialization\venv\Lib\site-packages\django\template\loaders\base.py", line 28, in get_template
    return Template(
           ^^^^^^^^^
  File "C:\Users\User\PycharmProjects\specialization\venv\Lib\site-packages\django\template\base.py", line 154, in __init__
    self.nodelist = self.compile_nodelist()
                    ^^^^^^^^^^^^^^^^^^^^^^^
  File "C:\Users\User\PycharmProjects\specialization\venv\Lib\site-packages\django\template\base.py", line 200, in compile_nodelist
    return parser.parse()
           ^^^^^^^^^^^^^^
  File "C:\Users\User\PycharmProjects\specialization\venv\Lib\site-packages\django\template\base.py", line 513, in parse
    raise self.error(token, e)
  File "C:\Users\User\PycharmProjects\specialization\venv\Lib\site-packages\django\template\base.py", line 511, in parse
    compiled_result = compile_func(self, token)
                      ^^^^^^^^^^^^^^^^^^^^^^^^^
  File "C:\Users\User\PycharmProjects\specialization\venv\Lib\site-packages\django\template\loader_tags.py", line 293, in do_extends
    nodelist = parser.parse()
               ^^^^^^^^^^^^^^
  File "C:\Users\User\PycharmProjects\specialization\venv\Lib\site-packages\django\template\base.py", line 513, in parse
    raise self.error(token, e)
  File "C:\Users\User\PycharmProjects\specialization\venv\Lib\site-packages\django\template\base.py", line 511, in parse
    compiled_result = compile_func(self, token)
                      ^^^^^^^^^^^^^^^^^^^^^^^^^
  File "C:\Users\User\PycharmProjects\specialization\venv\Lib\site-packages\django\template\loader_tags.py", line 232, in do_block
    nodelist = parser.parse(("endblock",))
               ^^^^^^^^^^^^^^^^^^^^^^^^^^^
  File "C:\Users\User\PycharmProjects\specialization\venv\Lib\site-packages\django\template\base.py", line 513, in parse
    raise self.error(token, e)
  File "C:\Users\User\PycharmProjects\specialization\venv\Lib\site-packages\django\template\base.py", line 511, in parse
    compiled_result = compile_func(self, token)
                      ^^^^^^^^^^^^^^^^^^^^^^^^^
  File "C:\Users\User\PycharmProjects\specialization\venv\Lib\site-packages\django\template\defaulttags.py", line 853, in do_for
    nodelist_loop = parser.parse(
                    ^^^^^^^^^^^^^
  File "C:\Users\User\PycharmProjects\specialization\venv\Lib\site-packages\django\template\base.py", line 513, in parse
    raise self.error(token, e)
  File "C:\Users\User\PycharmProjects\specialization\venv\Lib\site-packages\django\template\base.py", line 511, in parse
    compiled_result = compile_func(self, token)
                      ^^^^^^^^^^^^^^^^^^^^^^^^^
  File "C:\Users\User\PycharmProjects\specialization\venv\Lib\site-packages\django\template\defaulttags.py", line 960, in do_if
    condition = TemplateIfParser(parser, bits).parse()
                ^^^^^^^^^^^^^^^^^^^^^^^^^^^^^^^^^^^^^^
  File "C:\Users\User\PycharmProjects\specialization\venv\Lib\site-packages\django\template\smartif.py", line 194, in parse
    retval = self.expression()
             ^^^^^^^^^^^^^^^^^
  File "C:\Users\User\PycharmProjects\specialization\venv\Lib\site-packages\django\template\smartif.py", line 205, in expression
    left = t.nud(self)
           ^^^^^^^^^^^
  File "C:\Users\User\PycharmProjects\specialization\venv\Lib\site-packages\django\template\smartif.py", line 148, in nud
    raise parser.error_class("Unexpected end of expression in if tag.")
django.template.exceptions.TemplateSyntaxError: Unexpected end of expression in if tag.
ERROR "GET /view_all_articles/ HTTP/1.1" 500 205177
INFO "GET /view_all_articles/ HTTP/1.1" 200 3697
INFO Watching for file changes with StatReloader
INFO "GET / HTTP/1.1" 200 10
INFO "GET /view_all_articles/ HTTP/1.1" 200 4236
INFO "GET /view_article/2 HTTP/1.1" 301 0
ERROR Internal Server Error: /view_article/2/
Traceback (most recent call last):
  File "C:\Users\User\PycharmProjects\specialization\venv\Lib\site-packages\django\core\handlers\exception.py", line 55, in inner
    response = get_response(request)
               ^^^^^^^^^^^^^^^^^^^^^
  File "C:\Users\User\PycharmProjects\specialization\venv\Lib\site-packages\django\core\handlers\base.py", line 197, in _get_response
    response = wrapped_callback(request, *callback_args, **callback_kwargs)
               ^^^^^^^^^^^^^^^^^^^^^^^^^^^^^^^^^^^^^^^^^^^^^^^^^^^^^^^^^^^^
  File "C:\Users\User\PycharmProjects\specialization\django\seminars\project2\base_blog_app\views.py", line 41, in view_article
    article = Article.objects.get(id=article_id)
              ^^^^^^^^^^^^^^^^^^^^^^^^^^^^^^^^^^
  File "C:\Users\User\PycharmProjects\specialization\venv\Lib\site-packages\django\db\models\manager.py", line 87, in manager_method
    return getattr(self.get_queryset(), name)(*args, **kwargs)
           ^^^^^^^^^^^^^^^^^^^^^^^^^^^^^^^^^^^^^^^^^^^^^^^^^^^
  File "C:\Users\User\PycharmProjects\specialization\venv\Lib\site-packages\django\db\models\query.py", line 637, in get
    raise self.model.DoesNotExist(
base_blog_app.models.Article.DoesNotExist: Article matching query does not exist.
ERROR "GET /view_article/2/ HTTP/1.1" 500 77162
INFO C:\Users\User\PycharmProjects\specialization\django\seminars\project2\base_blog_app\urls.py changed, reloading.
INFO Watching for file changes with StatReloader
WARNING Not Found: /view_article/2/
WARNING "GET /view_article/2/ HTTP/1.1" 404 3221
WARNING Not Found: /view_article/2/
WARNING "GET /view_article/2/ HTTP/1.1" 404 3221
INFO C:\Users\User\PycharmProjects\specialization\django\seminars\project2\base_blog_app\urls.py changed, reloading.
INFO Watching for file changes with StatReloader
ERROR Internal Server Error: /view_article/2/
Traceback (most recent call last):
  File "C:\Users\User\PycharmProjects\specialization\venv\Lib\site-packages\django\core\handlers\exception.py", line 55, in inner
    response = get_response(request)
               ^^^^^^^^^^^^^^^^^^^^^
  File "C:\Users\User\PycharmProjects\specialization\venv\Lib\site-packages\django\core\handlers\base.py", line 197, in _get_response
    response = wrapped_callback(request, *callback_args, **callback_kwargs)
               ^^^^^^^^^^^^^^^^^^^^^^^^^^^^^^^^^^^^^^^^^^^^^^^^^^^^^^^^^^^^
  File "C:\Users\User\PycharmProjects\specialization\django\seminars\project2\base_blog_app\views.py", line 41, in view_article
    article = Article.objects.get(id=article_id)
              ^^^^^^^^^^^^^^^^^^^^^^^^^^^^^^^^^^
  File "C:\Users\User\PycharmProjects\specialization\venv\Lib\site-packages\django\db\models\manager.py", line 87, in manager_method
    return getattr(self.get_queryset(), name)(*args, **kwargs)
           ^^^^^^^^^^^^^^^^^^^^^^^^^^^^^^^^^^^^^^^^^^^^^^^^^^^
  File "C:\Users\User\PycharmProjects\specialization\venv\Lib\site-packages\django\db\models\query.py", line 637, in get
    raise self.model.DoesNotExist(
base_blog_app.models.Article.DoesNotExist: Article matching query does not exist.
ERROR "GET /view_article/2/ HTTP/1.1" 500 77299
INFO C:\Users\User\PycharmProjects\specialization\django\seminars\project2\base_blog_app\urls.py changed, reloading.
INFO Watching for file changes with StatReloader
INFO "GET / HTTP/1.1" 200 10
WARNING Not Found: /about/
WARNING "GET /about/ HTTP/1.1" 404 3194
INFO "GET /view_all_articles/ HTTP/1.1" 200 4236
WARNING Not Found: /view_article
WARNING "GET /view_article HTTP/1.1" 404 3212
ERROR Internal Server Error: /view_article/1
Traceback (most recent call last):
  File "C:\Users\User\PycharmProjects\specialization\venv\Lib\site-packages\django\core\handlers\exception.py", line 55, in inner
    response = get_response(request)
               ^^^^^^^^^^^^^^^^^^^^^
  File "C:\Users\User\PycharmProjects\specialization\venv\Lib\site-packages\django\core\handlers\base.py", line 197, in _get_response
    response = wrapped_callback(request, *callback_args, **callback_kwargs)
               ^^^^^^^^^^^^^^^^^^^^^^^^^^^^^^^^^^^^^^^^^^^^^^^^^^^^^^^^^^^^
  File "C:\Users\User\PycharmProjects\specialization\django\seminars\project2\base_blog_app\views.py", line 41, in view_article
    article = Article.objects.get(id=article_id)
              ^^^^^^^^^^^^^^^^^^^^^^^^^^^^^^^^^^
  File "C:\Users\User\PycharmProjects\specialization\venv\Lib\site-packages\django\db\models\manager.py", line 87, in manager_method
    return getattr(self.get_queryset(), name)(*args, **kwargs)
           ^^^^^^^^^^^^^^^^^^^^^^^^^^^^^^^^^^^^^^^^^^^^^^^^^^^
  File "C:\Users\User\PycharmProjects\specialization\venv\Lib\site-packages\django\db\models\query.py", line 637, in get
    raise self.model.DoesNotExist(
base_blog_app.models.Article.DoesNotExist: Article matching query does not exist.
ERROR "GET /view_article/1 HTTP/1.1" 500 77152
INFO "GET /view_article/3 HTTP/1.1" 200 431
INFO "GET /view_article/4 HTTP/1.1" 200 431
INFO "GET /view_article/5 HTTP/1.1" 200 431
INFO "GET /view_all_articles/ HTTP/1.1" 200 4236
WARNING Not Found: /view_all_articles/view_article/5
WARNING "GET /view_all_articles/view_article/5 HTTP/1.1" 404 3272
INFO Watching for file changes with StatReloader
INFO "GET / HTTP/1.1" 200 10
INFO "GET /view_all_articles/ HTTP/1.1" 200 4332
WARNING Not Found: /view_all_articles/url 'view_article'/5
WARNING "GET /view_all_articles/url%20'view_article'/5 HTTP/1.1" 404 3322
INFO "GET /view_all_articles/ HTTP/1.1" 200 4028
WARNING Not Found: /view_all_articles/5
WARNING "GET /view_all_articles/5 HTTP/1.1" 404 3233
WARNING Not Found: /view_all_articles/12
WARNING "GET /view_all_articles/12 HTTP/1.1" 404 3236
INFO Watching for file changes with StatReloader
INFO "GET / HTTP/1.1" 200 10
ERROR Internal Server Error: /view_all_articles/
Traceback (most recent call last):
  File "C:\Users\User\PycharmProjects\specialization\venv\Lib\site-packages\django\core\handlers\exception.py", line 55, in inner
    response = get_response(request)
               ^^^^^^^^^^^^^^^^^^^^^
  File "C:\Users\User\PycharmProjects\specialization\venv\Lib\site-packages\django\core\handlers\base.py", line 197, in _get_response
    response = wrapped_callback(request, *callback_args, **callback_kwargs)
               ^^^^^^^^^^^^^^^^^^^^^^^^^^^^^^^^^^^^^^^^^^^^^^^^^^^^^^^^^^^^
  File "C:\Users\User\PycharmProjects\specialization\django\seminars\project2\base_blog_app\views.py", line 37, in view_all_articles
    return render(request, "base_blog_app/templates_articles.html", context)
           ^^^^^^^^^^^^^^^^^^^^^^^^^^^^^^^^^^^^^^^^^^^^^^^^^^^^^^^^^^^^^^^^^
  File "C:\Users\User\PycharmProjects\specialization\venv\Lib\site-packages\django\shortcuts.py", line 24, in render
    content = loader.render_to_string(template_name, context, request, using=using)
              ^^^^^^^^^^^^^^^^^^^^^^^^^^^^^^^^^^^^^^^^^^^^^^^^^^^^^^^^^^^^^^^^^^^^^
  File "C:\Users\User\PycharmProjects\specialization\venv\Lib\site-packages\django\template\loader.py", line 62, in render_to_string
    return template.render(context, request)
           ^^^^^^^^^^^^^^^^^^^^^^^^^^^^^^^^^
  File "C:\Users\User\PycharmProjects\specialization\venv\Lib\site-packages\django\template\backends\django.py", line 61, in render
    return self.template.render(context)
           ^^^^^^^^^^^^^^^^^^^^^^^^^^^^^
  File "C:\Users\User\PycharmProjects\specialization\venv\Lib\site-packages\django\template\base.py", line 175, in render
    return self._render(context)
           ^^^^^^^^^^^^^^^^^^^^^
  File "C:\Users\User\PycharmProjects\specialization\venv\Lib\site-packages\django\template\base.py", line 167, in _render
    return self.nodelist.render(context)
           ^^^^^^^^^^^^^^^^^^^^^^^^^^^^^
  File "C:\Users\User\PycharmProjects\specialization\venv\Lib\site-packages\django\template\base.py", line 1005, in render
    return SafeString("".join([node.render_annotated(context) for node in self]))
                              ^^^^^^^^^^^^^^^^^^^^^^^^^^^^^^^^^^^^^^^^^^^^^^^^^
  File "C:\Users\User\PycharmProjects\specialization\venv\Lib\site-packages\django\template\base.py", line 1005, in <listcomp>
    return SafeString("".join([node.render_annotated(context) for node in self]))
                               ^^^^^^^^^^^^^^^^^^^^^^^^^^^^^^
  File "C:\Users\User\PycharmProjects\specialization\venv\Lib\site-packages\django\template\base.py", line 966, in render_annotated
    return self.render(context)
           ^^^^^^^^^^^^^^^^^^^^
  File "C:\Users\User\PycharmProjects\specialization\venv\Lib\site-packages\django\template\loader_tags.py", line 157, in render
    return compiled_parent._render(context)
           ^^^^^^^^^^^^^^^^^^^^^^^^^^^^^^^^
  File "C:\Users\User\PycharmProjects\specialization\venv\Lib\site-packages\django\template\base.py", line 167, in _render
    return self.nodelist.render(context)
           ^^^^^^^^^^^^^^^^^^^^^^^^^^^^^
  File "C:\Users\User\PycharmProjects\specialization\venv\Lib\site-packages\django\template\base.py", line 1005, in render
    return SafeString("".join([node.render_annotated(context) for node in self]))
                              ^^^^^^^^^^^^^^^^^^^^^^^^^^^^^^^^^^^^^^^^^^^^^^^^^
  File "C:\Users\User\PycharmProjects\specialization\venv\Lib\site-packages\django\template\base.py", line 1005, in <listcomp>
    return SafeString("".join([node.render_annotated(context) for node in self]))
                               ^^^^^^^^^^^^^^^^^^^^^^^^^^^^^^
  File "C:\Users\User\PycharmProjects\specialization\venv\Lib\site-packages\django\template\base.py", line 966, in render_annotated
    return self.render(context)
           ^^^^^^^^^^^^^^^^^^^^
  File "C:\Users\User\PycharmProjects\specialization\venv\Lib\site-packages\django\template\loader_tags.py", line 63, in render
    result = block.nodelist.render(context)
             ^^^^^^^^^^^^^^^^^^^^^^^^^^^^^^
  File "C:\Users\User\PycharmProjects\specialization\venv\Lib\site-packages\django\template\base.py", line 1005, in render
    return SafeString("".join([node.render_annotated(context) for node in self]))
                              ^^^^^^^^^^^^^^^^^^^^^^^^^^^^^^^^^^^^^^^^^^^^^^^^^
  File "C:\Users\User\PycharmProjects\specialization\venv\Lib\site-packages\django\template\base.py", line 1005, in <listcomp>
    return SafeString("".join([node.render_annotated(context) for node in self]))
                               ^^^^^^^^^^^^^^^^^^^^^^^^^^^^^^
  File "C:\Users\User\PycharmProjects\specialization\venv\Lib\site-packages\django\template\base.py", line 966, in render_annotated
    return self.render(context)
           ^^^^^^^^^^^^^^^^^^^^
  File "C:\Users\User\PycharmProjects\specialization\venv\Lib\site-packages\django\template\defaulttags.py", line 238, in render
    nodelist.append(node.render_annotated(context))
                    ^^^^^^^^^^^^^^^^^^^^^^^^^^^^^^
  File "C:\Users\User\PycharmProjects\specialization\venv\Lib\site-packages\django\template\base.py", line 966, in render_annotated
    return self.render(context)
           ^^^^^^^^^^^^^^^^^^^^
  File "C:\Users\User\PycharmProjects\specialization\venv\Lib\site-packages\django\template\defaulttags.py", line 321, in render
    return nodelist.render(context)
           ^^^^^^^^^^^^^^^^^^^^^^^^
  File "C:\Users\User\PycharmProjects\specialization\venv\Lib\site-packages\django\template\base.py", line 1005, in render
    return SafeString("".join([node.render_annotated(context) for node in self]))
                              ^^^^^^^^^^^^^^^^^^^^^^^^^^^^^^^^^^^^^^^^^^^^^^^^^
  File "C:\Users\User\PycharmProjects\specialization\venv\Lib\site-packages\django\template\base.py", line 1005, in <listcomp>
    return SafeString("".join([node.render_annotated(context) for node in self]))
                               ^^^^^^^^^^^^^^^^^^^^^^^^^^^^^^
  File "C:\Users\User\PycharmProjects\specialization\venv\Lib\site-packages\django\template\base.py", line 966, in render_annotated
    return self.render(context)
           ^^^^^^^^^^^^^^^^^^^^
  File "C:\Users\User\PycharmProjects\specialization\venv\Lib\site-packages\django\template\defaulttags.py", line 471, in render
    url = reverse(view_name, args=args, kwargs=kwargs, current_app=current_app)
          ^^^^^^^^^^^^^^^^^^^^^^^^^^^^^^^^^^^^^^^^^^^^^^^^^^^^^^^^^^^^^^^^^^^^^
  File "C:\Users\User\PycharmProjects\specialization\venv\Lib\site-packages\django\urls\base.py", line 88, in reverse
    return resolver._reverse_with_prefix(view, prefix, *args, **kwargs)
           ^^^^^^^^^^^^^^^^^^^^^^^^^^^^^^^^^^^^^^^^^^^^^^^^^^^^^^^^^^^^
  File "C:\Users\User\PycharmProjects\specialization\venv\Lib\site-packages\django\urls\resolvers.py", line 828, in _reverse_with_prefix
    raise NoReverseMatch(msg)
django.urls.exceptions.NoReverseMatch: Reverse for 'view_article' with arguments '('',)' not found. 1 pattern(s) tried: ['view_article/(?P<article_id>[0-9]+)\\Z']
ERROR "GET /view_all_articles/ HTTP/1.1" 500 207340
INFO Watching for file changes with StatReloader
INFO "GET / HTTP/1.1" 200 10
INFO "GET /view_all_articles/ HTTP/1.1" 200 4250
INFO "GET /view_article/5 HTTP/1.1" 200 431
INFO "GET /view_article/6 HTTP/1.1" 200 431
INFO "GET /view_article/7 HTTP/1.1" 200 431
INFO "GET /view_article/8 HTTP/1.1" 200 431
INFO "GET /view_article/5 HTTP/1.1" 200 431
INFO "GET /view_article/5 HTTP/1.1" 200 431
INFO "GET /view_all_articles/ HTTP/1.1" 200 4250
INFO "GET /view_article/5 HTTP/1.1" 200 431
INFO "GET /view_all_articles/ HTTP/1.1" 200 4250
INFO "GET /view_article/5 HTTP/1.1" 200 431
INFO "GET /view_article/5 HTTP/1.1" 200 431
INFO "GET /view_article/5 HTTP/1.1" 200 431
INFO "GET /view_article/5 HTTP/1.1" 200 431
INFO "GET /view_article/5 HTTP/1.1" 200 431
INFO "GET /view_article/5 HTTP/1.1" 200 431
INFO "GET /view_article/5 HTTP/1.1" 200 431
INFO "GET /view_all_articles/ HTTP/1.1" 200 4251
