INFO Watching for file changes with StatReloader
WARNING Not Found: /
WARNING "GET / HTTP/1.1" 404 2276
WARNING Not Found: /favicon.ico
WARNING "GET /favicon.ico HTTP/1.1" 404 2327
INFO "GET /author HTTP/1.1" 301 0
INFO Чтение авторов (подробности: <WSGIRequest: GET '/author/'>
INFO "GET /author/ HTTP/1.1" 200 0
WARNING Not Found: /article
WARNING "GET /article HTTP/1.1" 404 2315
INFO "GET /articles HTTP/1.1" 301 0
INFO Чтение авторов (подробности: <WSGIRequest: GET '/articles/'>
INFO "GET /articles/ HTTP/1.1" 200 0
INFO C:\Users\User\PycharmProjects\specialization\django\seminars\project\my_blog\urls.py changed, reloading.
INFO Watching for file changes with StatReloader
INFO C:\Users\User\PycharmProjects\specialization\django\seminars\project\base_blog_app\views.py changed, reloading.
INFO Watching for file changes with StatReloader
INFO C:\Users\User\PycharmProjects\specialization\django\seminars\project\base_blog_app\urls.py changed, reloading.
INFO Watching for file changes with StatReloader
INFO C:\Users\User\PycharmProjects\specialization\django\seminars\project\base_blog_app\urls.py changed, reloading.
INFO Watching for file changes with StatReloader
WARNING Not Found: /
WARNING "GET / HTTP/1.1" 404 2376
WARNING Not Found: /
WARNING "GET / HTTP/1.1" 404 2376
WARNING Not Found: /
WARNING "GET / HTTP/1.1" 404 2376
WARNING Not Found: /
WARNING "GET / HTTP/1.1" 404 2376
WARNING Not Found: /
WARNING "GET / HTTP/1.1" 404 2376
INFO C:\Users\User\PycharmProjects\specialization\django\seminars\project\base_blog_app\urls.py changed, reloading.
INFO Watching for file changes with StatReloader
WARNING Not Found: /
WARNING "GET / HTTP/1.1" 404 2376
WARNING Not Found: /favicon.ico
WARNING "GET /favicon.ico HTTP/1.1" 404 2427
WARNING Not Found: /
WARNING "GET / HTTP/1.1" 404 2376
INFO C:\Users\User\PycharmProjects\specialization\django\seminars\project\base_blog_app\urls.py changed, reloading.
INFO Watching for file changes with StatReloader
INFO "GET / HTTP/1.1" 200 33
WARNING Not Found: /favicon.ico
WARNING "GET /favicon.ico HTTP/1.1" 404 2822
INFO C:\Users\User\PycharmProjects\specialization\django\seminars\project\base_blog_app\views.py changed, reloading.
INFO Watching for file changes with StatReloader
INFO Watching for file changes with StatReloader
INFO "GET / HTTP/1.1" 200 10
WARNING Not Found: /favicon.ico
WARNING "GET /favicon.ico HTTP/1.1" 404 2822
INFO "GET /author/ HTTP/1.1" 200 10
INFO "GET /article HTTP/1.1" 301 0
INFO "GET /article/ HTTP/1.1" 200 10
INFO Watching for file changes with StatReloader
INFO "GET / HTTP/1.1" 200 10
INFO "GET /articles_by_author HTTP/1.1" 301 0
INFO "GET /articles_by_author/ HTTP/1.1" 200 10
INFO "GET /articles_by_author/?name=Name_4 HTTP/1.1" 200 10
INFO C:\Users\User\PycharmProjects\specialization\django\seminars\project\my_blog\urls.py changed, reloading.
INFO Watching for file changes with StatReloader
INFO "GET /articles_by_author/?name=Name_4 HTTP/1.1" 200 10
INFO "GET /articles_by_author/?name=Name_4 HTTP/1.1" 200 10
INFO "GET / HTTP/1.1" 200 10
WARNING Not Found: /author/
WARNING "GET /author/ HTTP/1.1" 404 2888
INFO "GET /articles_by_author/?name=Name_4 HTTP/1.1" 200 10
INFO C:\Users\User\PycharmProjects\specialization\django\seminars\project\my_blog\urls.py changed, reloading.
INFO Watching for file changes with StatReloader
INFO "GET / HTTP/1.1" 200 10
INFO Чтение авторов (подробности: <WSGIRequest: GET '/author/'>
INFO "GET /author/ HTTP/1.1" 200 6
INFO Чтение публикаций (подробности: <WSGIRequest: GET '/article/'>
INFO "GET /article/ HTTP/1.1" 200 12
INFO Запрос статей по ID автора: <WSGIRequest: GET '/articles_by_author/?name=Name_4'>
INFO "GET /articles_by_author/?name=Name_4 HTTP/1.1" 200 0
INFO Запрос статей по ID автора: <WSGIRequest: GET '/articles_by_author/?name=Name_2'>
INFO "GET /articles_by_author/?name=Name_2 HTTP/1.1" 200 12
INFO Watching for file changes with StatReloader
INFO Watching for file changes with StatReloader
INFO Watching for file changes with StatReloader
INFO Watching for file changes with StatReloader
INFO "GET / HTTP/1.1" 200 10
WARNING Not Found: /favicon.ico
WARNING "GET /favicon.ico HTTP/1.1" 404 3006
WARNING Not Found: /templates_articles
WARNING "GET /templates_articles HTTP/1.1" 404 3027
INFO "GET /view_all_articles HTTP/1.1" 301 0
ERROR Internal Server Error: /view_all_articles/
Traceback (most recent call last):
  File "C:\Users\User\PycharmProjects\specialization\venv\Lib\site-packages\django\template\base.py", line 505, in parse
    compile_func = self.tags[command]
                   ~~~~~~~~~^^^^^^^^^
KeyError: 'empty'

During handling of the above exception, another exception occurred:

Traceback (most recent call last):
  File "C:\Users\User\PycharmProjects\specialization\venv\Lib\site-packages\django\core\handlers\exception.py", line 55, in inner
    response = get_response(request)
               ^^^^^^^^^^^^^^^^^^^^^
  File "C:\Users\User\PycharmProjects\specialization\venv\Lib\site-packages\django\core\handlers\base.py", line 197, in _get_response
    response = wrapped_callback(request, *callback_args, **callback_kwargs)
               ^^^^^^^^^^^^^^^^^^^^^^^^^^^^^^^^^^^^^^^^^^^^^^^^^^^^^^^^^^^^
  File "C:\Users\User\PycharmProjects\specialization\django\seminars\project2\base_blog_app\views.py", line 37, in view_all_articles
    return render(request, "base_blog_app/templates_articles.html", context)
           ^^^^^^^^^^^^^^^^^^^^^^^^^^^^^^^^^^^^^^^^^^^^^^^^^^^^^^^^^^^^^^^^^
  File "C:\Users\User\PycharmProjects\specialization\venv\Lib\site-packages\django\shortcuts.py", line 24, in render
    content = loader.render_to_string(template_name, context, request, using=using)
              ^^^^^^^^^^^^^^^^^^^^^^^^^^^^^^^^^^^^^^^^^^^^^^^^^^^^^^^^^^^^^^^^^^^^^
  File "C:\Users\User\PycharmProjects\specialization\venv\Lib\site-packages\django\template\loader.py", line 61, in render_to_string
    template = get_template(template_name, using=using)
               ^^^^^^^^^^^^^^^^^^^^^^^^^^^^^^^^^^^^^^^^
  File "C:\Users\User\PycharmProjects\specialization\venv\Lib\site-packages\django\template\loader.py", line 15, in get_template
    return engine.get_template(template_name)
           ^^^^^^^^^^^^^^^^^^^^^^^^^^^^^^^^^^
  File "C:\Users\User\PycharmProjects\specialization\venv\Lib\site-packages\django\template\backends\django.py", line 33, in get_template
    return Template(self.engine.get_template(template_name), self)
                    ^^^^^^^^^^^^^^^^^^^^^^^^^^^^^^^^^^^^^^^
  File "C:\Users\User\PycharmProjects\specialization\venv\Lib\site-packages\django\template\engine.py", line 175, in get_template
    template, origin = self.find_template(template_name)
                       ^^^^^^^^^^^^^^^^^^^^^^^^^^^^^^^^^
  File "C:\Users\User\PycharmProjects\specialization\venv\Lib\site-packages\django\template\engine.py", line 157, in find_template
    template = loader.get_template(name, skip=skip)
               ^^^^^^^^^^^^^^^^^^^^^^^^^^^^^^^^^^^^
  File "C:\Users\User\PycharmProjects\specialization\venv\Lib\site-packages\django\template\loaders\cached.py", line 57, in get_template
    template = super().get_template(template_name, skip)
               ^^^^^^^^^^^^^^^^^^^^^^^^^^^^^^^^^^^^^^^^^
  File "C:\Users\User\PycharmProjects\specialization\venv\Lib\site-packages\django\template\loaders\base.py", line 28, in get_template
    return Template(
           ^^^^^^^^^
  File "C:\Users\User\PycharmProjects\specialization\venv\Lib\site-packages\django\template\base.py", line 154, in __init__
    self.nodelist = self.compile_nodelist()
                    ^^^^^^^^^^^^^^^^^^^^^^^
  File "C:\Users\User\PycharmProjects\specialization\venv\Lib\site-packages\django\template\base.py", line 200, in compile_nodelist
    return parser.parse()
           ^^^^^^^^^^^^^^
  File "C:\Users\User\PycharmProjects\specialization\venv\Lib\site-packages\django\template\base.py", line 513, in parse
    raise self.error(token, e)
  File "C:\Users\User\PycharmProjects\specialization\venv\Lib\site-packages\django\template\base.py", line 511, in parse
    compiled_result = compile_func(self, token)
                      ^^^^^^^^^^^^^^^^^^^^^^^^^
  File "C:\Users\User\PycharmProjects\specialization\venv\Lib\site-packages\django\template\loader_tags.py", line 293, in do_extends
    nodelist = parser.parse()
               ^^^^^^^^^^^^^^
  File "C:\Users\User\PycharmProjects\specialization\venv\Lib\site-packages\django\template\base.py", line 513, in parse
    raise self.error(token, e)
  File "C:\Users\User\PycharmProjects\specialization\venv\Lib\site-packages\django\template\base.py", line 511, in parse
    compiled_result = compile_func(self, token)
                      ^^^^^^^^^^^^^^^^^^^^^^^^^
  File "C:\Users\User\PycharmProjects\specialization\venv\Lib\site-packages\django\template\loader_tags.py", line 232, in do_block
    nodelist = parser.parse(("endblock",))
               ^^^^^^^^^^^^^^^^^^^^^^^^^^^
  File "C:\Users\User\PycharmProjects\specialization\venv\Lib\site-packages\django\template\base.py", line 513, in parse
    raise self.error(token, e)
  File "C:\Users\User\PycharmProjects\specialization\venv\Lib\site-packages\django\template\base.py", line 511, in parse
    compiled_result = compile_func(self, token)
                      ^^^^^^^^^^^^^^^^^^^^^^^^^
  File "C:\Users\User\PycharmProjects\specialization\venv\Lib\site-packages\django\template\defaulttags.py", line 853, in do_for
    nodelist_loop = parser.parse(
                    ^^^^^^^^^^^^^
  File "C:\Users\User\PycharmProjects\specialization\venv\Lib\site-packages\django\template\base.py", line 513, in parse
    raise self.error(token, e)
  File "C:\Users\User\PycharmProjects\specialization\venv\Lib\site-packages\django\template\base.py", line 511, in parse
    compiled_result = compile_func(self, token)
                      ^^^^^^^^^^^^^^^^^^^^^^^^^
  File "C:\Users\User\PycharmProjects\specialization\venv\Lib\site-packages\django\template\defaulttags.py", line 953, in do_if
    nodelist = parser.parse(("elif", "else", "endif"))
               ^^^^^^^^^^^^^^^^^^^^^^^^^^^^^^^^^^^^^^^
  File "C:\Users\User\PycharmProjects\specialization\venv\Lib\site-packages\django\template\base.py", line 507, in parse
    self.invalid_block_tag(token, command, parse_until)
  File "C:\Users\User\PycharmProjects\specialization\venv\Lib\site-packages\django\template\base.py", line 558, in invalid_block_tag
    raise self.error(
django.template.exceptions.TemplateSyntaxError: Invalid block tag on line 11: 'empty', expected 'elif', 'else' or 'endif'. Did you forget to register or load this tag?
ERROR "GET /view_all_articles/ HTTP/1.1" 500 201753
INFO Watching for file changes with StatReloader
INFO "GET /view_all_articles/ HTTP/1.1" 200 657
INFO Watching for file changes with StatReloader
INFO "GET /view_all_articles/ HTTP/1.1" 200 657
INFO Watching for file changes with StatReloader
INFO "GET /view_all_articles/ HTTP/1.1" 200 3697
INFO Watching for file changes with StatReloader
INFO "GET / HTTP/1.1" 200 10
WARNING Not Found: /favicon.ico
WARNING "GET /favicon.ico HTTP/1.1" 404 3006
ERROR Internal Server Error: /view_all_articles/
Traceback (most recent call last):
  File "C:\Users\User\PycharmProjects\specialization\venv\Lib\site-packages\django\template\base.py", line 505, in parse
    compile_func = self.tags[command]
                   ~~~~~~~~~^^^^^^^^^
KeyError: 'elif'

During handling of the above exception, another exception occurred:

Traceback (most recent call last):
  File "C:\Users\User\PycharmProjects\specialization\venv\Lib\site-packages\django\core\handlers\exception.py", line 55, in inner
    response = get_response(request)
               ^^^^^^^^^^^^^^^^^^^^^
  File "C:\Users\User\PycharmProjects\specialization\venv\Lib\site-packages\django\core\handlers\base.py", line 197, in _get_response
    response = wrapped_callback(request, *callback_args, **callback_kwargs)
               ^^^^^^^^^^^^^^^^^^^^^^^^^^^^^^^^^^^^^^^^^^^^^^^^^^^^^^^^^^^^
  File "C:\Users\User\PycharmProjects\specialization\django\seminars\project2\base_blog_app\views.py", line 37, in view_all_articles
    return render(request, "base_blog_app/templates_articles.html", context)
           ^^^^^^^^^^^^^^^^^^^^^^^^^^^^^^^^^^^^^^^^^^^^^^^^^^^^^^^^^^^^^^^^^
  File "C:\Users\User\PycharmProjects\specialization\venv\Lib\site-packages\django\shortcuts.py", line 24, in render
    content = loader.render_to_string(template_name, context, request, using=using)
              ^^^^^^^^^^^^^^^^^^^^^^^^^^^^^^^^^^^^^^^^^^^^^^^^^^^^^^^^^^^^^^^^^^^^^
  File "C:\Users\User\PycharmProjects\specialization\venv\Lib\site-packages\django\template\loader.py", line 61, in render_to_string
    template = get_template(template_name, using=using)
               ^^^^^^^^^^^^^^^^^^^^^^^^^^^^^^^^^^^^^^^^
  File "C:\Users\User\PycharmProjects\specialization\venv\Lib\site-packages\django\template\loader.py", line 15, in get_template
    return engine.get_template(template_name)
           ^^^^^^^^^^^^^^^^^^^^^^^^^^^^^^^^^^
  File "C:\Users\User\PycharmProjects\specialization\venv\Lib\site-packages\django\template\backends\django.py", line 33, in get_template
    return Template(self.engine.get_template(template_name), self)
                    ^^^^^^^^^^^^^^^^^^^^^^^^^^^^^^^^^^^^^^^
  File "C:\Users\User\PycharmProjects\specialization\venv\Lib\site-packages\django\template\engine.py", line 175, in get_template
    template, origin = self.find_template(template_name)
                       ^^^^^^^^^^^^^^^^^^^^^^^^^^^^^^^^^
  File "C:\Users\User\PycharmProjects\specialization\venv\Lib\site-packages\django\template\engine.py", line 157, in find_template
    template = loader.get_template(name, skip=skip)
               ^^^^^^^^^^^^^^^^^^^^^^^^^^^^^^^^^^^^
  File "C:\Users\User\PycharmProjects\specialization\venv\Lib\site-packages\django\template\loaders\cached.py", line 57, in get_template
    template = super().get_template(template_name, skip)
               ^^^^^^^^^^^^^^^^^^^^^^^^^^^^^^^^^^^^^^^^^
  File "C:\Users\User\PycharmProjects\specialization\venv\Lib\site-packages\django\template\loaders\base.py", line 28, in get_template
    return Template(
           ^^^^^^^^^
  File "C:\Users\User\PycharmProjects\specialization\venv\Lib\site-packages\django\template\base.py", line 154, in __init__
    self.nodelist = self.compile_nodelist()
                    ^^^^^^^^^^^^^^^^^^^^^^^
  File "C:\Users\User\PycharmProjects\specialization\venv\Lib\site-packages\django\template\base.py", line 200, in compile_nodelist
    return parser.parse()
           ^^^^^^^^^^^^^^
  File "C:\Users\User\PycharmProjects\specialization\venv\Lib\site-packages\django\template\base.py", line 513, in parse
    raise self.error(token, e)
  File "C:\Users\User\PycharmProjects\specialization\venv\Lib\site-packages\django\template\base.py", line 511, in parse
    compiled_result = compile_func(self, token)
                      ^^^^^^^^^^^^^^^^^^^^^^^^^
  File "C:\Users\User\PycharmProjects\specialization\venv\Lib\site-packages\django\template\loader_tags.py", line 293, in do_extends
    nodelist = parser.parse()
               ^^^^^^^^^^^^^^
  File "C:\Users\User\PycharmProjects\specialization\venv\Lib\site-packages\django\template\base.py", line 513, in parse
    raise self.error(token, e)
  File "C:\Users\User\PycharmProjects\specialization\venv\Lib\site-packages\django\template\base.py", line 511, in parse
    compiled_result = compile_func(self, token)
                      ^^^^^^^^^^^^^^^^^^^^^^^^^
  File "C:\Users\User\PycharmProjects\specialization\venv\Lib\site-packages\django\template\loader_tags.py", line 232, in do_block
    nodelist = parser.parse(("endblock",))
               ^^^^^^^^^^^^^^^^^^^^^^^^^^^
  File "C:\Users\User\PycharmProjects\specialization\venv\Lib\site-packages\django\template\base.py", line 513, in parse
    raise self.error(token, e)
  File "C:\Users\User\PycharmProjects\specialization\venv\Lib\site-packages\django\template\base.py", line 511, in parse
    compiled_result = compile_func(self, token)
                      ^^^^^^^^^^^^^^^^^^^^^^^^^
  File "C:\Users\User\PycharmProjects\specialization\venv\Lib\site-packages\django\template\defaulttags.py", line 853, in do_for
    nodelist_loop = parser.parse(
                    ^^^^^^^^^^^^^
  File "C:\Users\User\PycharmProjects\specialization\venv\Lib\site-packages\django\template\base.py", line 507, in parse
    self.invalid_block_tag(token, command, parse_until)
  File "C:\Users\User\PycharmProjects\specialization\venv\Lib\site-packages\django\template\base.py", line 558, in invalid_block_tag
    raise self.error(
django.template.exceptions.TemplateSyntaxError: Invalid block tag on line 10: 'elif', expected 'empty' or 'endfor'. Did you forget to register or load this tag?
ERROR "GET /view_all_articles/ HTTP/1.1" 500 195589
INFO Watching for file changes with StatReloader
ERROR Internal Server Error: /view_all_articles/
Traceback (most recent call last):
  File "C:\Users\User\PycharmProjects\specialization\venv\Lib\site-packages\django\core\handlers\exception.py", line 55, in inner
    response = get_response(request)
               ^^^^^^^^^^^^^^^^^^^^^
  File "C:\Users\User\PycharmProjects\specialization\venv\Lib\site-packages\django\core\handlers\base.py", line 197, in _get_response
    response = wrapped_callback(request, *callback_args, **callback_kwargs)
               ^^^^^^^^^^^^^^^^^^^^^^^^^^^^^^^^^^^^^^^^^^^^^^^^^^^^^^^^^^^^
  File "C:\Users\User\PycharmProjects\specialization\django\seminars\project2\base_blog_app\views.py", line 37, in view_all_articles
    return render(request, "base_blog_app/templates_articles.html", context)
           ^^^^^^^^^^^^^^^^^^^^^^^^^^^^^^^^^^^^^^^^^^^^^^^^^^^^^^^^^^^^^^^^^
  File "C:\Users\User\PycharmProjects\specialization\venv\Lib\site-packages\django\shortcuts.py", line 24, in render
    content = loader.render_to_string(template_name, context, request, using=using)
              ^^^^^^^^^^^^^^^^^^^^^^^^^^^^^^^^^^^^^^^^^^^^^^^^^^^^^^^^^^^^^^^^^^^^^
  File "C:\Users\User\PycharmProjects\specialization\venv\Lib\site-packages\django\template\loader.py", line 61, in render_to_string
    template = get_template(template_name, using=using)
               ^^^^^^^^^^^^^^^^^^^^^^^^^^^^^^^^^^^^^^^^
  File "C:\Users\User\PycharmProjects\specialization\venv\Lib\site-packages\django\template\loader.py", line 15, in get_template
    return engine.get_template(template_name)
           ^^^^^^^^^^^^^^^^^^^^^^^^^^^^^^^^^^
  File "C:\Users\User\PycharmProjects\specialization\venv\Lib\site-packages\django\template\backends\django.py", line 33, in get_template
    return Template(self.engine.get_template(template_name), self)
                    ^^^^^^^^^^^^^^^^^^^^^^^^^^^^^^^^^^^^^^^
  File "C:\Users\User\PycharmProjects\specialization\venv\Lib\site-packages\django\template\engine.py", line 175, in get_template
    template, origin = self.find_template(template_name)
                       ^^^^^^^^^^^^^^^^^^^^^^^^^^^^^^^^^
  File "C:\Users\User\PycharmProjects\specialization\venv\Lib\site-packages\django\template\engine.py", line 157, in find_template
    template = loader.get_template(name, skip=skip)
               ^^^^^^^^^^^^^^^^^^^^^^^^^^^^^^^^^^^^
  File "C:\Users\User\PycharmProjects\specialization\venv\Lib\site-packages\django\template\loaders\cached.py", line 57, in get_template
    template = super().get_template(template_name, skip)
               ^^^^^^^^^^^^^^^^^^^^^^^^^^^^^^^^^^^^^^^^^
  File "C:\Users\User\PycharmProjects\specialization\venv\Lib\site-packages\django\template\loaders\base.py", line 28, in get_template
    return Template(
           ^^^^^^^^^
  File "C:\Users\User\PycharmProjects\specialization\venv\Lib\site-packages\django\template\base.py", line 154, in __init__
    self.nodelist = self.compile_nodelist()
                    ^^^^^^^^^^^^^^^^^^^^^^^
  File "C:\Users\User\PycharmProjects\specialization\venv\Lib\site-packages\django\template\base.py", line 200, in compile_nodelist
    return parser.parse()
           ^^^^^^^^^^^^^^
  File "C:\Users\User\PycharmProjects\specialization\venv\Lib\site-packages\django\template\base.py", line 513, in parse
    raise self.error(token, e)
  File "C:\Users\User\PycharmProjects\specialization\venv\Lib\site-packages\django\template\base.py", line 511, in parse
    compiled_result = compile_func(self, token)
                      ^^^^^^^^^^^^^^^^^^^^^^^^^
  File "C:\Users\User\PycharmProjects\specialization\venv\Lib\site-packages\django\template\loader_tags.py", line 293, in do_extends
    nodelist = parser.parse()
               ^^^^^^^^^^^^^^
  File "C:\Users\User\PycharmProjects\specialization\venv\Lib\site-packages\django\template\base.py", line 513, in parse
    raise self.error(token, e)
  File "C:\Users\User\PycharmProjects\specialization\venv\Lib\site-packages\django\template\base.py", line 511, in parse
    compiled_result = compile_func(self, token)
                      ^^^^^^^^^^^^^^^^^^^^^^^^^
  File "C:\Users\User\PycharmProjects\specialization\venv\Lib\site-packages\django\template\loader_tags.py", line 232, in do_block
    nodelist = parser.parse(("endblock",))
               ^^^^^^^^^^^^^^^^^^^^^^^^^^^
  File "C:\Users\User\PycharmProjects\specialization\venv\Lib\site-packages\django\template\base.py", line 513, in parse
    raise self.error(token, e)
  File "C:\Users\User\PycharmProjects\specialization\venv\Lib\site-packages\django\template\base.py", line 511, in parse
    compiled_result = compile_func(self, token)
                      ^^^^^^^^^^^^^^^^^^^^^^^^^
  File "C:\Users\User\PycharmProjects\specialization\venv\Lib\site-packages\django\template\defaulttags.py", line 853, in do_for
    nodelist_loop = parser.parse(
                    ^^^^^^^^^^^^^
  File "C:\Users\User\PycharmProjects\specialization\venv\Lib\site-packages\django\template\base.py", line 513, in parse
    raise self.error(token, e)
  File "C:\Users\User\PycharmProjects\specialization\venv\Lib\site-packages\django\template\base.py", line 511, in parse
    compiled_result = compile_func(self, token)
                      ^^^^^^^^^^^^^^^^^^^^^^^^^
  File "C:\Users\User\PycharmProjects\specialization\venv\Lib\site-packages\django\template\defaulttags.py", line 960, in do_if
    condition = TemplateIfParser(parser, bits).parse()
                ^^^^^^^^^^^^^^^^^^^^^^^^^^^^^^^^^^^^^^
  File "C:\Users\User\PycharmProjects\specialization\venv\Lib\site-packages\django\template\smartif.py", line 194, in parse
    retval = self.expression()
             ^^^^^^^^^^^^^^^^^
  File "C:\Users\User\PycharmProjects\specialization\venv\Lib\site-packages\django\template\smartif.py", line 205, in expression
    left = t.nud(self)
           ^^^^^^^^^^^
  File "C:\Users\User\PycharmProjects\specialization\venv\Lib\site-packages\django\template\smartif.py", line 148, in nud
    raise parser.error_class("Unexpected end of expression in if tag.")
django.template.exceptions.TemplateSyntaxError: Unexpected end of expression in if tag.
ERROR "GET /view_all_articles/ HTTP/1.1" 500 205177
INFO "GET /view_all_articles/ HTTP/1.1" 200 3697
INFO Watching for file changes with StatReloader
INFO "GET / HTTP/1.1" 200 10
INFO "GET /view_all_articles/ HTTP/1.1" 200 4236
INFO "GET /view_article/2 HTTP/1.1" 301 0
ERROR Internal Server Error: /view_article/2/
Traceback (most recent call last):
  File "C:\Users\User\PycharmProjects\specialization\venv\Lib\site-packages\django\core\handlers\exception.py", line 55, in inner
    response = get_response(request)
               ^^^^^^^^^^^^^^^^^^^^^
  File "C:\Users\User\PycharmProjects\specialization\venv\Lib\site-packages\django\core\handlers\base.py", line 197, in _get_response
    response = wrapped_callback(request, *callback_args, **callback_kwargs)
               ^^^^^^^^^^^^^^^^^^^^^^^^^^^^^^^^^^^^^^^^^^^^^^^^^^^^^^^^^^^^
  File "C:\Users\User\PycharmProjects\specialization\django\seminars\project2\base_blog_app\views.py", line 41, in view_article
    article = Article.objects.get(id=article_id)
              ^^^^^^^^^^^^^^^^^^^^^^^^^^^^^^^^^^
  File "C:\Users\User\PycharmProjects\specialization\venv\Lib\site-packages\django\db\models\manager.py", line 87, in manager_method
    return getattr(self.get_queryset(), name)(*args, **kwargs)
           ^^^^^^^^^^^^^^^^^^^^^^^^^^^^^^^^^^^^^^^^^^^^^^^^^^^
  File "C:\Users\User\PycharmProjects\specialization\venv\Lib\site-packages\django\db\models\query.py", line 637, in get
    raise self.model.DoesNotExist(
base_blog_app.models.Article.DoesNotExist: Article matching query does not exist.
ERROR "GET /view_article/2/ HTTP/1.1" 500 77162
INFO C:\Users\User\PycharmProjects\specialization\django\seminars\project2\base_blog_app\urls.py changed, reloading.
INFO Watching for file changes with StatReloader
WARNING Not Found: /view_article/2/
WARNING "GET /view_article/2/ HTTP/1.1" 404 3221
WARNING Not Found: /view_article/2/
WARNING "GET /view_article/2/ HTTP/1.1" 404 3221
INFO C:\Users\User\PycharmProjects\specialization\django\seminars\project2\base_blog_app\urls.py changed, reloading.
INFO Watching for file changes with StatReloader
ERROR Internal Server Error: /view_article/2/
Traceback (most recent call last):
  File "C:\Users\User\PycharmProjects\specialization\venv\Lib\site-packages\django\core\handlers\exception.py", line 55, in inner
    response = get_response(request)
               ^^^^^^^^^^^^^^^^^^^^^
  File "C:\Users\User\PycharmProjects\specialization\venv\Lib\site-packages\django\core\handlers\base.py", line 197, in _get_response
    response = wrapped_callback(request, *callback_args, **callback_kwargs)
               ^^^^^^^^^^^^^^^^^^^^^^^^^^^^^^^^^^^^^^^^^^^^^^^^^^^^^^^^^^^^
  File "C:\Users\User\PycharmProjects\specialization\django\seminars\project2\base_blog_app\views.py", line 41, in view_article
    article = Article.objects.get(id=article_id)
              ^^^^^^^^^^^^^^^^^^^^^^^^^^^^^^^^^^
  File "C:\Users\User\PycharmProjects\specialization\venv\Lib\site-packages\django\db\models\manager.py", line 87, in manager_method
    return getattr(self.get_queryset(), name)(*args, **kwargs)
           ^^^^^^^^^^^^^^^^^^^^^^^^^^^^^^^^^^^^^^^^^^^^^^^^^^^
  File "C:\Users\User\PycharmProjects\specialization\venv\Lib\site-packages\django\db\models\query.py", line 637, in get
    raise self.model.DoesNotExist(
base_blog_app.models.Article.DoesNotExist: Article matching query does not exist.
ERROR "GET /view_article/2/ HTTP/1.1" 500 77299
INFO C:\Users\User\PycharmProjects\specialization\django\seminars\project2\base_blog_app\urls.py changed, reloading.
INFO Watching for file changes with StatReloader
INFO "GET / HTTP/1.1" 200 10
WARNING Not Found: /about/
WARNING "GET /about/ HTTP/1.1" 404 3194
INFO "GET /view_all_articles/ HTTP/1.1" 200 4236
WARNING Not Found: /view_article
WARNING "GET /view_article HTTP/1.1" 404 3212
ERROR Internal Server Error: /view_article/1
Traceback (most recent call last):
  File "C:\Users\User\PycharmProjects\specialization\venv\Lib\site-packages\django\core\handlers\exception.py", line 55, in inner
    response = get_response(request)
               ^^^^^^^^^^^^^^^^^^^^^
  File "C:\Users\User\PycharmProjects\specialization\venv\Lib\site-packages\django\core\handlers\base.py", line 197, in _get_response
    response = wrapped_callback(request, *callback_args, **callback_kwargs)
               ^^^^^^^^^^^^^^^^^^^^^^^^^^^^^^^^^^^^^^^^^^^^^^^^^^^^^^^^^^^^
  File "C:\Users\User\PycharmProjects\specialization\django\seminars\project2\base_blog_app\views.py", line 41, in view_article
    article = Article.objects.get(id=article_id)
              ^^^^^^^^^^^^^^^^^^^^^^^^^^^^^^^^^^
  File "C:\Users\User\PycharmProjects\specialization\venv\Lib\site-packages\django\db\models\manager.py", line 87, in manager_method
    return getattr(self.get_queryset(), name)(*args, **kwargs)
           ^^^^^^^^^^^^^^^^^^^^^^^^^^^^^^^^^^^^^^^^^^^^^^^^^^^
  File "C:\Users\User\PycharmProjects\specialization\venv\Lib\site-packages\django\db\models\query.py", line 637, in get
    raise self.model.DoesNotExist(
base_blog_app.models.Article.DoesNotExist: Article matching query does not exist.
ERROR "GET /view_article/1 HTTP/1.1" 500 77152
INFO "GET /view_article/3 HTTP/1.1" 200 431
INFO "GET /view_article/4 HTTP/1.1" 200 431
INFO "GET /view_article/5 HTTP/1.1" 200 431
INFO "GET /view_all_articles/ HTTP/1.1" 200 4236
WARNING Not Found: /view_all_articles/view_article/5
WARNING "GET /view_all_articles/view_article/5 HTTP/1.1" 404 3272
INFO Watching for file changes with StatReloader
INFO "GET / HTTP/1.1" 200 10
INFO "GET /view_all_articles/ HTTP/1.1" 200 4332
WARNING Not Found: /view_all_articles/url 'view_article'/5
WARNING "GET /view_all_articles/url%20'view_article'/5 HTTP/1.1" 404 3322
INFO "GET /view_all_articles/ HTTP/1.1" 200 4028
WARNING Not Found: /view_all_articles/5
WARNING "GET /view_all_articles/5 HTTP/1.1" 404 3233
WARNING Not Found: /view_all_articles/12
WARNING "GET /view_all_articles/12 HTTP/1.1" 404 3236
INFO Watching for file changes with StatReloader
INFO "GET / HTTP/1.1" 200 10
ERROR Internal Server Error: /view_all_articles/
Traceback (most recent call last):
  File "C:\Users\User\PycharmProjects\specialization\venv\Lib\site-packages\django\core\handlers\exception.py", line 55, in inner
    response = get_response(request)
               ^^^^^^^^^^^^^^^^^^^^^
  File "C:\Users\User\PycharmProjects\specialization\venv\Lib\site-packages\django\core\handlers\base.py", line 197, in _get_response
    response = wrapped_callback(request, *callback_args, **callback_kwargs)
               ^^^^^^^^^^^^^^^^^^^^^^^^^^^^^^^^^^^^^^^^^^^^^^^^^^^^^^^^^^^^
  File "C:\Users\User\PycharmProjects\specialization\django\seminars\project2\base_blog_app\views.py", line 37, in view_all_articles
    return render(request, "base_blog_app/templates_articles.html", context)
           ^^^^^^^^^^^^^^^^^^^^^^^^^^^^^^^^^^^^^^^^^^^^^^^^^^^^^^^^^^^^^^^^^
  File "C:\Users\User\PycharmProjects\specialization\venv\Lib\site-packages\django\shortcuts.py", line 24, in render
    content = loader.render_to_string(template_name, context, request, using=using)
              ^^^^^^^^^^^^^^^^^^^^^^^^^^^^^^^^^^^^^^^^^^^^^^^^^^^^^^^^^^^^^^^^^^^^^
  File "C:\Users\User\PycharmProjects\specialization\venv\Lib\site-packages\django\template\loader.py", line 62, in render_to_string
    return template.render(context, request)
           ^^^^^^^^^^^^^^^^^^^^^^^^^^^^^^^^^
  File "C:\Users\User\PycharmProjects\specialization\venv\Lib\site-packages\django\template\backends\django.py", line 61, in render
    return self.template.render(context)
           ^^^^^^^^^^^^^^^^^^^^^^^^^^^^^
  File "C:\Users\User\PycharmProjects\specialization\venv\Lib\site-packages\django\template\base.py", line 175, in render
    return self._render(context)
           ^^^^^^^^^^^^^^^^^^^^^
  File "C:\Users\User\PycharmProjects\specialization\venv\Lib\site-packages\django\template\base.py", line 167, in _render
    return self.nodelist.render(context)
           ^^^^^^^^^^^^^^^^^^^^^^^^^^^^^
  File "C:\Users\User\PycharmProjects\specialization\venv\Lib\site-packages\django\template\base.py", line 1005, in render
    return SafeString("".join([node.render_annotated(context) for node in self]))
                              ^^^^^^^^^^^^^^^^^^^^^^^^^^^^^^^^^^^^^^^^^^^^^^^^^
  File "C:\Users\User\PycharmProjects\specialization\venv\Lib\site-packages\django\template\base.py", line 1005, in <listcomp>
    return SafeString("".join([node.render_annotated(context) for node in self]))
                               ^^^^^^^^^^^^^^^^^^^^^^^^^^^^^^
  File "C:\Users\User\PycharmProjects\specialization\venv\Lib\site-packages\django\template\base.py", line 966, in render_annotated
    return self.render(context)
           ^^^^^^^^^^^^^^^^^^^^
  File "C:\Users\User\PycharmProjects\specialization\venv\Lib\site-packages\django\template\loader_tags.py", line 157, in render
    return compiled_parent._render(context)
           ^^^^^^^^^^^^^^^^^^^^^^^^^^^^^^^^
  File "C:\Users\User\PycharmProjects\specialization\venv\Lib\site-packages\django\template\base.py", line 167, in _render
    return self.nodelist.render(context)
           ^^^^^^^^^^^^^^^^^^^^^^^^^^^^^
  File "C:\Users\User\PycharmProjects\specialization\venv\Lib\site-packages\django\template\base.py", line 1005, in render
    return SafeString("".join([node.render_annotated(context) for node in self]))
                              ^^^^^^^^^^^^^^^^^^^^^^^^^^^^^^^^^^^^^^^^^^^^^^^^^
  File "C:\Users\User\PycharmProjects\specialization\venv\Lib\site-packages\django\template\base.py", line 1005, in <listcomp>
    return SafeString("".join([node.render_annotated(context) for node in self]))
                               ^^^^^^^^^^^^^^^^^^^^^^^^^^^^^^
  File "C:\Users\User\PycharmProjects\specialization\venv\Lib\site-packages\django\template\base.py", line 966, in render_annotated
    return self.render(context)
           ^^^^^^^^^^^^^^^^^^^^
  File "C:\Users\User\PycharmProjects\specialization\venv\Lib\site-packages\django\template\loader_tags.py", line 63, in render
    result = block.nodelist.render(context)
             ^^^^^^^^^^^^^^^^^^^^^^^^^^^^^^
  File "C:\Users\User\PycharmProjects\specialization\venv\Lib\site-packages\django\template\base.py", line 1005, in render
    return SafeString("".join([node.render_annotated(context) for node in self]))
                              ^^^^^^^^^^^^^^^^^^^^^^^^^^^^^^^^^^^^^^^^^^^^^^^^^
  File "C:\Users\User\PycharmProjects\specialization\venv\Lib\site-packages\django\template\base.py", line 1005, in <listcomp>
    return SafeString("".join([node.render_annotated(context) for node in self]))
                               ^^^^^^^^^^^^^^^^^^^^^^^^^^^^^^
  File "C:\Users\User\PycharmProjects\specialization\venv\Lib\site-packages\django\template\base.py", line 966, in render_annotated
    return self.render(context)
           ^^^^^^^^^^^^^^^^^^^^
  File "C:\Users\User\PycharmProjects\specialization\venv\Lib\site-packages\django\template\defaulttags.py", line 238, in render
    nodelist.append(node.render_annotated(context))
                    ^^^^^^^^^^^^^^^^^^^^^^^^^^^^^^
  File "C:\Users\User\PycharmProjects\specialization\venv\Lib\site-packages\django\template\base.py", line 966, in render_annotated
    return self.render(context)
           ^^^^^^^^^^^^^^^^^^^^
  File "C:\Users\User\PycharmProjects\specialization\venv\Lib\site-packages\django\template\defaulttags.py", line 321, in render
    return nodelist.render(context)
           ^^^^^^^^^^^^^^^^^^^^^^^^
  File "C:\Users\User\PycharmProjects\specialization\venv\Lib\site-packages\django\template\base.py", line 1005, in render
    return SafeString("".join([node.render_annotated(context) for node in self]))
                              ^^^^^^^^^^^^^^^^^^^^^^^^^^^^^^^^^^^^^^^^^^^^^^^^^
  File "C:\Users\User\PycharmProjects\specialization\venv\Lib\site-packages\django\template\base.py", line 1005, in <listcomp>
    return SafeString("".join([node.render_annotated(context) for node in self]))
                               ^^^^^^^^^^^^^^^^^^^^^^^^^^^^^^
  File "C:\Users\User\PycharmProjects\specialization\venv\Lib\site-packages\django\template\base.py", line 966, in render_annotated
    return self.render(context)
           ^^^^^^^^^^^^^^^^^^^^
  File "C:\Users\User\PycharmProjects\specialization\venv\Lib\site-packages\django\template\defaulttags.py", line 471, in render
    url = reverse(view_name, args=args, kwargs=kwargs, current_app=current_app)
          ^^^^^^^^^^^^^^^^^^^^^^^^^^^^^^^^^^^^^^^^^^^^^^^^^^^^^^^^^^^^^^^^^^^^^
  File "C:\Users\User\PycharmProjects\specialization\venv\Lib\site-packages\django\urls\base.py", line 88, in reverse
    return resolver._reverse_with_prefix(view, prefix, *args, **kwargs)
           ^^^^^^^^^^^^^^^^^^^^^^^^^^^^^^^^^^^^^^^^^^^^^^^^^^^^^^^^^^^^
  File "C:\Users\User\PycharmProjects\specialization\venv\Lib\site-packages\django\urls\resolvers.py", line 828, in _reverse_with_prefix
    raise NoReverseMatch(msg)
django.urls.exceptions.NoReverseMatch: Reverse for 'view_article' with arguments '('',)' not found. 1 pattern(s) tried: ['view_article/(?P<article_id>[0-9]+)\\Z']
ERROR "GET /view_all_articles/ HTTP/1.1" 500 207340
INFO Watching for file changes with StatReloader
INFO "GET / HTTP/1.1" 200 10
INFO "GET /view_all_articles/ HTTP/1.1" 200 4250
INFO "GET /view_article/5 HTTP/1.1" 200 431
INFO "GET /view_article/6 HTTP/1.1" 200 431
INFO "GET /view_article/7 HTTP/1.1" 200 431
INFO "GET /view_article/8 HTTP/1.1" 200 431
INFO "GET /view_article/5 HTTP/1.1" 200 431
INFO "GET /view_article/5 HTTP/1.1" 200 431
INFO "GET /view_all_articles/ HTTP/1.1" 200 4250
INFO "GET /view_article/5 HTTP/1.1" 200 431
INFO "GET /view_all_articles/ HTTP/1.1" 200 4250
INFO "GET /view_article/5 HTTP/1.1" 200 431
INFO "GET /view_article/5 HTTP/1.1" 200 431
INFO "GET /view_article/5 HTTP/1.1" 200 431
INFO "GET /view_article/5 HTTP/1.1" 200 431
INFO "GET /view_article/5 HTTP/1.1" 200 431
INFO "GET /view_article/5 HTTP/1.1" 200 431
INFO "GET /view_article/5 HTTP/1.1" 200 431
INFO "GET /view_all_articles/ HTTP/1.1" 200 4251
INFO Watching for file changes with StatReloader
INFO "GET / HTTP/1.1" 200 10
WARNING Not Found: /favicon.ico
WARNING "GET /favicon.ico HTTP/1.1" 404 3425
WARNING Not Found: /view_comment_article
WARNING "GET /view_comment_article HTTP/1.1" 404 3452
ERROR Internal Server Error: /view_comment_article/4
Traceback (most recent call last):
  File "C:\Users\User\PycharmProjects\specialization\venv\Lib\site-packages\django\db\backends\utils.py", line 89, in _execute
    return self.cursor.execute(sql, params)
           ^^^^^^^^^^^^^^^^^^^^^^^^^^^^^^^^
  File "C:\Users\User\PycharmProjects\specialization\venv\Lib\site-packages\django\db\backends\sqlite3\base.py", line 328, in execute
    return super().execute(query, params)
           ^^^^^^^^^^^^^^^^^^^^^^^^^^^^^^
sqlite3.OperationalError: no such column: base_blog_app_comment.article_id

The above exception was the direct cause of the following exception:

Traceback (most recent call last):
  File "C:\Users\User\PycharmProjects\specialization\venv\Lib\site-packages\django\core\handlers\exception.py", line 55, in inner
    response = get_response(request)
               ^^^^^^^^^^^^^^^^^^^^^
  File "C:\Users\User\PycharmProjects\specialization\venv\Lib\site-packages\django\core\handlers\base.py", line 197, in _get_response
    response = wrapped_callback(request, *callback_args, **callback_kwargs)
               ^^^^^^^^^^^^^^^^^^^^^^^^^^^^^^^^^^^^^^^^^^^^^^^^^^^^^^^^^^^^
  File "C:\Users\User\PycharmProjects\specialization\django\seminars\project2\base_blog_app\views.py", line 57, in view_comment_article
    return render(request, "base_blog_app/template_comment.html", {"article": article,
           ^^^^^^^^^^^^^^^^^^^^^^^^^^^^^^^^^^^^^^^^^^^^^^^^^^^^^^^^^^^^^^^^^^^^^^^^^^^
  File "C:\Users\User\PycharmProjects\specialization\venv\Lib\site-packages\django\shortcuts.py", line 24, in render
    content = loader.render_to_string(template_name, context, request, using=using)
              ^^^^^^^^^^^^^^^^^^^^^^^^^^^^^^^^^^^^^^^^^^^^^^^^^^^^^^^^^^^^^^^^^^^^^
  File "C:\Users\User\PycharmProjects\specialization\venv\Lib\site-packages\django\template\loader.py", line 62, in render_to_string
    return template.render(context, request)
           ^^^^^^^^^^^^^^^^^^^^^^^^^^^^^^^^^
  File "C:\Users\User\PycharmProjects\specialization\venv\Lib\site-packages\django\template\backends\django.py", line 61, in render
    return self.template.render(context)
           ^^^^^^^^^^^^^^^^^^^^^^^^^^^^^
  File "C:\Users\User\PycharmProjects\specialization\venv\Lib\site-packages\django\template\base.py", line 175, in render
    return self._render(context)
           ^^^^^^^^^^^^^^^^^^^^^
  File "C:\Users\User\PycharmProjects\specialization\venv\Lib\site-packages\django\template\base.py", line 167, in _render
    return self.nodelist.render(context)
           ^^^^^^^^^^^^^^^^^^^^^^^^^^^^^
  File "C:\Users\User\PycharmProjects\specialization\venv\Lib\site-packages\django\template\base.py", line 1005, in render
    return SafeString("".join([node.render_annotated(context) for node in self]))
                              ^^^^^^^^^^^^^^^^^^^^^^^^^^^^^^^^^^^^^^^^^^^^^^^^^
  File "C:\Users\User\PycharmProjects\specialization\venv\Lib\site-packages\django\template\base.py", line 1005, in <listcomp>
    return SafeString("".join([node.render_annotated(context) for node in self]))
                               ^^^^^^^^^^^^^^^^^^^^^^^^^^^^^^
  File "C:\Users\User\PycharmProjects\specialization\venv\Lib\site-packages\django\template\base.py", line 966, in render_annotated
    return self.render(context)
           ^^^^^^^^^^^^^^^^^^^^
  File "C:\Users\User\PycharmProjects\specialization\venv\Lib\site-packages\django\template\loader_tags.py", line 157, in render
    return compiled_parent._render(context)
           ^^^^^^^^^^^^^^^^^^^^^^^^^^^^^^^^
  File "C:\Users\User\PycharmProjects\specialization\venv\Lib\site-packages\django\template\base.py", line 167, in _render
    return self.nodelist.render(context)
           ^^^^^^^^^^^^^^^^^^^^^^^^^^^^^
  File "C:\Users\User\PycharmProjects\specialization\venv\Lib\site-packages\django\template\base.py", line 1005, in render
    return SafeString("".join([node.render_annotated(context) for node in self]))
                              ^^^^^^^^^^^^^^^^^^^^^^^^^^^^^^^^^^^^^^^^^^^^^^^^^
  File "C:\Users\User\PycharmProjects\specialization\venv\Lib\site-packages\django\template\base.py", line 1005, in <listcomp>
    return SafeString("".join([node.render_annotated(context) for node in self]))
                               ^^^^^^^^^^^^^^^^^^^^^^^^^^^^^^
  File "C:\Users\User\PycharmProjects\specialization\venv\Lib\site-packages\django\template\base.py", line 966, in render_annotated
    return self.render(context)
           ^^^^^^^^^^^^^^^^^^^^
  File "C:\Users\User\PycharmProjects\specialization\venv\Lib\site-packages\django\template\loader_tags.py", line 63, in render
    result = block.nodelist.render(context)
             ^^^^^^^^^^^^^^^^^^^^^^^^^^^^^^
  File "C:\Users\User\PycharmProjects\specialization\venv\Lib\site-packages\django\template\base.py", line 1005, in render
    return SafeString("".join([node.render_annotated(context) for node in self]))
                              ^^^^^^^^^^^^^^^^^^^^^^^^^^^^^^^^^^^^^^^^^^^^^^^^^
  File "C:\Users\User\PycharmProjects\specialization\venv\Lib\site-packages\django\template\base.py", line 1005, in <listcomp>
    return SafeString("".join([node.render_annotated(context) for node in self]))
                               ^^^^^^^^^^^^^^^^^^^^^^^^^^^^^^
  File "C:\Users\User\PycharmProjects\specialization\venv\Lib\site-packages\django\template\base.py", line 966, in render_annotated
    return self.render(context)
           ^^^^^^^^^^^^^^^^^^^^
  File "C:\Users\User\PycharmProjects\specialization\venv\Lib\site-packages\django\template\defaulttags.py", line 194, in render
    len_values = len(values)
                 ^^^^^^^^^^^
  File "C:\Users\User\PycharmProjects\specialization\venv\Lib\site-packages\django\db\models\query.py", line 380, in __len__
    self._fetch_all()
  File "C:\Users\User\PycharmProjects\specialization\venv\Lib\site-packages\django\db\models\query.py", line 1881, in _fetch_all
    self._result_cache = list(self._iterable_class(self))
                         ^^^^^^^^^^^^^^^^^^^^^^^^^^^^^^^^
  File "C:\Users\User\PycharmProjects\specialization\venv\Lib\site-packages\django\db\models\query.py", line 91, in __iter__
    results = compiler.execute_sql(
              ^^^^^^^^^^^^^^^^^^^^^
  File "C:\Users\User\PycharmProjects\specialization\venv\Lib\site-packages\django\db\models\sql\compiler.py", line 1562, in execute_sql
    cursor.execute(sql, params)
  File "C:\Users\User\PycharmProjects\specialization\venv\Lib\site-packages\django\db\backends\utils.py", line 102, in execute
    return super().execute(sql, params)
           ^^^^^^^^^^^^^^^^^^^^^^^^^^^^
  File "C:\Users\User\PycharmProjects\specialization\venv\Lib\site-packages\django\db\backends\utils.py", line 67, in execute
    return self._execute_with_wrappers(
           ^^^^^^^^^^^^^^^^^^^^^^^^^^^^
  File "C:\Users\User\PycharmProjects\specialization\venv\Lib\site-packages\django\db\backends\utils.py", line 80, in _execute_with_wrappers
    return executor(sql, params, many, context)
           ^^^^^^^^^^^^^^^^^^^^^^^^^^^^^^^^^^^^
  File "C:\Users\User\PycharmProjects\specialization\venv\Lib\site-packages\django\db\backends\utils.py", line 84, in _execute
    with self.db.wrap_database_errors:
  File "C:\Users\User\PycharmProjects\specialization\venv\Lib\site-packages\django\db\utils.py", line 91, in __exit__
    raise dj_exc_value.with_traceback(traceback) from exc_value
  File "C:\Users\User\PycharmProjects\specialization\venv\Lib\site-packages\django\db\backends\utils.py", line 89, in _execute
    return self.cursor.execute(sql, params)
           ^^^^^^^^^^^^^^^^^^^^^^^^^^^^^^^^
  File "C:\Users\User\PycharmProjects\specialization\venv\Lib\site-packages\django\db\backends\sqlite3\base.py", line 328, in execute
    return super().execute(query, params)
           ^^^^^^^^^^^^^^^^^^^^^^^^^^^^^^
django.db.utils.OperationalError: no such column: base_blog_app_comment.article_id
ERROR "GET /view_comment_article/4 HTTP/1.1" 500 214346
INFO Watching for file changes with StatReloader
INFO "GET / HTTP/1.1" 200 10
WARNING Not Found: /favicon.ico
WARNING "GET /favicon.ico HTTP/1.1" 404 3425
INFO "GET /view_comment_article/4 HTTP/1.1" 200 484
INFO "GET /view_comment_article/4 HTTP/1.1" 200 484
INFO "GET /view_comment_article/4 HTTP/1.1" 200 484
INFO "GET /view_comment_article/10 HTTP/1.1" 200 484
INFO "GET /view_comment_article/50 HTTP/1.1" 200 1199
INFO "GET /view_comment_article/50 HTTP/1.1" 200 1199
INFO "GET /view_comment_article/50 HTTP/1.1" 200 1199
WARNING Not Found: /view_comment_article/51
WARNING "GET /view_comment_article/51 HTTP/1.1" 404 3640
INFO "GET /view_comment_article/44 HTTP/1.1" 200 1199
INFO "GET /view_comment_article/1 HTTP/1.1" 200 484
INFO "GET /view_comment_article/10 HTTP/1.1" 200 484
INFO "GET /view_comment_article/15 HTTP/1.1" 200 484
INFO "GET /view_comment_article/25 HTTP/1.1" 200 484
INFO "GET /view_comment_article/35 HTTP/1.1" 200 1199
INFO Watching for file changes with StatReloader
ERROR Internal Server Error: /view_comment_article/35
Traceback (most recent call last):
  File "C:\Users\User\PycharmProjects\specialization\venv\Lib\site-packages\django\template\base.py", line 505, in parse
    compile_func = self.tags[command]
                   ~~~~~~~~~^^^^^^^^^
KeyError: 'empty'

During handling of the above exception, another exception occurred:

Traceback (most recent call last):
  File "C:\Users\User\PycharmProjects\specialization\venv\Lib\site-packages\django\core\handlers\exception.py", line 55, in inner
    response = get_response(request)
               ^^^^^^^^^^^^^^^^^^^^^
  File "C:\Users\User\PycharmProjects\specialization\venv\Lib\site-packages\django\core\handlers\base.py", line 197, in _get_response
    response = wrapped_callback(request, *callback_args, **callback_kwargs)
               ^^^^^^^^^^^^^^^^^^^^^^^^^^^^^^^^^^^^^^^^^^^^^^^^^^^^^^^^^^^^
  File "C:\Users\User\PycharmProjects\specialization\django\seminars\project2\base_blog_app\views.py", line 57, in view_comment_article
    return render(request, "base_blog_app/template_comment.html", {"article": article,
           ^^^^^^^^^^^^^^^^^^^^^^^^^^^^^^^^^^^^^^^^^^^^^^^^^^^^^^^^^^^^^^^^^^^^^^^^^^^
  File "C:\Users\User\PycharmProjects\specialization\venv\Lib\site-packages\django\shortcuts.py", line 24, in render
    content = loader.render_to_string(template_name, context, request, using=using)
              ^^^^^^^^^^^^^^^^^^^^^^^^^^^^^^^^^^^^^^^^^^^^^^^^^^^^^^^^^^^^^^^^^^^^^
  File "C:\Users\User\PycharmProjects\specialization\venv\Lib\site-packages\django\template\loader.py", line 61, in render_to_string
    template = get_template(template_name, using=using)
               ^^^^^^^^^^^^^^^^^^^^^^^^^^^^^^^^^^^^^^^^
  File "C:\Users\User\PycharmProjects\specialization\venv\Lib\site-packages\django\template\loader.py", line 15, in get_template
    return engine.get_template(template_name)
           ^^^^^^^^^^^^^^^^^^^^^^^^^^^^^^^^^^
  File "C:\Users\User\PycharmProjects\specialization\venv\Lib\site-packages\django\template\backends\django.py", line 33, in get_template
    return Template(self.engine.get_template(template_name), self)
                    ^^^^^^^^^^^^^^^^^^^^^^^^^^^^^^^^^^^^^^^
  File "C:\Users\User\PycharmProjects\specialization\venv\Lib\site-packages\django\template\engine.py", line 175, in get_template
    template, origin = self.find_template(template_name)
                       ^^^^^^^^^^^^^^^^^^^^^^^^^^^^^^^^^
  File "C:\Users\User\PycharmProjects\specialization\venv\Lib\site-packages\django\template\engine.py", line 157, in find_template
    template = loader.get_template(name, skip=skip)
               ^^^^^^^^^^^^^^^^^^^^^^^^^^^^^^^^^^^^
  File "C:\Users\User\PycharmProjects\specialization\venv\Lib\site-packages\django\template\loaders\cached.py", line 57, in get_template
    template = super().get_template(template_name, skip)
               ^^^^^^^^^^^^^^^^^^^^^^^^^^^^^^^^^^^^^^^^^
  File "C:\Users\User\PycharmProjects\specialization\venv\Lib\site-packages\django\template\loaders\base.py", line 28, in get_template
    return Template(
           ^^^^^^^^^
  File "C:\Users\User\PycharmProjects\specialization\venv\Lib\site-packages\django\template\base.py", line 154, in __init__
    self.nodelist = self.compile_nodelist()
                    ^^^^^^^^^^^^^^^^^^^^^^^
  File "C:\Users\User\PycharmProjects\specialization\venv\Lib\site-packages\django\template\base.py", line 200, in compile_nodelist
    return parser.parse()
           ^^^^^^^^^^^^^^
  File "C:\Users\User\PycharmProjects\specialization\venv\Lib\site-packages\django\template\base.py", line 513, in parse
    raise self.error(token, e)
  File "C:\Users\User\PycharmProjects\specialization\venv\Lib\site-packages\django\template\base.py", line 511, in parse
    compiled_result = compile_func(self, token)
                      ^^^^^^^^^^^^^^^^^^^^^^^^^
  File "C:\Users\User\PycharmProjects\specialization\venv\Lib\site-packages\django\template\loader_tags.py", line 293, in do_extends
    nodelist = parser.parse()
               ^^^^^^^^^^^^^^
  File "C:\Users\User\PycharmProjects\specialization\venv\Lib\site-packages\django\template\base.py", line 513, in parse
    raise self.error(token, e)
  File "C:\Users\User\PycharmProjects\specialization\venv\Lib\site-packages\django\template\base.py", line 511, in parse
    compiled_result = compile_func(self, token)
                      ^^^^^^^^^^^^^^^^^^^^^^^^^
  File "C:\Users\User\PycharmProjects\specialization\venv\Lib\site-packages\django\template\loader_tags.py", line 232, in do_block
    nodelist = parser.parse(("endblock",))
               ^^^^^^^^^^^^^^^^^^^^^^^^^^^
  File "C:\Users\User\PycharmProjects\specialization\venv\Lib\site-packages\django\template\base.py", line 513, in parse
    raise self.error(token, e)
  File "C:\Users\User\PycharmProjects\specialization\venv\Lib\site-packages\django\template\base.py", line 511, in parse
    compiled_result = compile_func(self, token)
                      ^^^^^^^^^^^^^^^^^^^^^^^^^
  File "C:\Users\User\PycharmProjects\specialization\venv\Lib\site-packages\django\template\defaulttags.py", line 853, in do_for
    nodelist_loop = parser.parse(
                    ^^^^^^^^^^^^^
  File "C:\Users\User\PycharmProjects\specialization\venv\Lib\site-packages\django\template\base.py", line 513, in parse
    raise self.error(token, e)
  File "C:\Users\User\PycharmProjects\specialization\venv\Lib\site-packages\django\template\base.py", line 511, in parse
    compiled_result = compile_func(self, token)
                      ^^^^^^^^^^^^^^^^^^^^^^^^^
  File "C:\Users\User\PycharmProjects\specialization\venv\Lib\site-packages\django\template\defaulttags.py", line 967, in do_if
    nodelist = parser.parse(("endif",))
               ^^^^^^^^^^^^^^^^^^^^^^^^
  File "C:\Users\User\PycharmProjects\specialization\venv\Lib\site-packages\django\template\base.py", line 507, in parse
    self.invalid_block_tag(token, command, parse_until)
  File "C:\Users\User\PycharmProjects\specialization\venv\Lib\site-packages\django\template\base.py", line 558, in invalid_block_tag
    raise self.error(
django.template.exceptions.TemplateSyntaxError: Invalid block tag on line 16: 'empty', expected 'endif'. Did you forget to register or load this tag?
ERROR "GET /view_comment_article/35 HTTP/1.1" 500 210458
INFO Watching for file changes with StatReloader
INFO "GET /view_comment_article/35 HTTP/1.1" 200 1219
INFO "GET /view_comment_article/1 HTTP/1.1" 200 542
WARNING Not Found: /view_comment_article/51
WARNING "GET /view_comment_article/51 HTTP/1.1" 404 3640
INFO "GET /view_comment_article/44 HTTP/1.1" 200 1219
INFO "GET /view_comment_article/1 HTTP/1.1" 200 542
INFO Watching for file changes with StatReloader
INFO Watching for file changes with StatReloader
INFO Watching for file changes with StatReloader
INFO Watching for file changes with StatReloader
INFO Watching for file changes with StatReloader
INFO Watching for file changes with StatReloader
INFO Watching for file changes with StatReloader
INFO Watching for file changes with StatReloader
INFO Watching for file changes with StatReloader
INFO "GET / HTTP/1.1" 200 10
WARNING Not Found: /favicon.ico
WARNING "GET /favicon.ico HTTP/1.1" 404 3618
INFO "GET /create_author_form HTTP/1.1" 301 0
ERROR Internal Server Error: /create_author_form/
Traceback (most recent call last):
  File "C:\Users\User\PycharmProjects\specialization\venv\Lib\site-packages\django\template\backends\django.py", line 61, in render
    return self.template.render(context)
           ^^^^^^^^^^^^^^^^^^^^^^^^^^^^^
  File "C:\Users\User\PycharmProjects\specialization\venv\Lib\site-packages\django\template\base.py", line 175, in render
    return self._render(context)
           ^^^^^^^^^^^^^^^^^^^^^
  File "C:\Users\User\PycharmProjects\specialization\venv\Lib\site-packages\django\template\base.py", line 167, in _render
    return self.nodelist.render(context)
           ^^^^^^^^^^^^^^^^^^^^^^^^^^^^^
  File "C:\Users\User\PycharmProjects\specialization\venv\Lib\site-packages\django\template\base.py", line 1005, in render
    return SafeString("".join([node.render_annotated(context) for node in self]))
                              ^^^^^^^^^^^^^^^^^^^^^^^^^^^^^^^^^^^^^^^^^^^^^^^^^
  File "C:\Users\User\PycharmProjects\specialization\venv\Lib\site-packages\django\template\base.py", line 1005, in <listcomp>
    return SafeString("".join([node.render_annotated(context) for node in self]))
                               ^^^^^^^^^^^^^^^^^^^^^^^^^^^^^^
  File "C:\Users\User\PycharmProjects\specialization\venv\Lib\site-packages\django\template\base.py", line 966, in render_annotated
    return self.render(context)
           ^^^^^^^^^^^^^^^^^^^^
  File "C:\Users\User\PycharmProjects\specialization\venv\Lib\site-packages\django\template\loader_tags.py", line 132, in render
    compiled_parent = self.get_parent(context)
                      ^^^^^^^^^^^^^^^^^^^^^^^^
  File "C:\Users\User\PycharmProjects\specialization\venv\Lib\site-packages\django\template\loader_tags.py", line 129, in get_parent
    return self.find_template(parent, context)
           ^^^^^^^^^^^^^^^^^^^^^^^^^^^^^^^^^^^
  File "C:\Users\User\PycharmProjects\specialization\venv\Lib\site-packages\django\template\loader_tags.py", line 107, in find_template
    template, origin = context.template.engine.find_template(
                       ^^^^^^^^^^^^^^^^^^^^^^^^^^^^^^^^^^^^^^
  File "C:\Users\User\PycharmProjects\specialization\venv\Lib\site-packages\django\template\engine.py", line 161, in find_template
    raise TemplateDoesNotExist(name, tried=tried)
django.template.exceptions.TemplateDoesNotExist: base.html

The above exception was the direct cause of the following exception:

Traceback (most recent call last):
  File "C:\Users\User\PycharmProjects\specialization\venv\Lib\site-packages\django\core\handlers\exception.py", line 55, in inner
    response = get_response(request)
               ^^^^^^^^^^^^^^^^^^^^^
  File "C:\Users\User\PycharmProjects\specialization\venv\Lib\site-packages\django\core\handlers\base.py", line 197, in _get_response
    response = wrapped_callback(request, *callback_args, **callback_kwargs)
               ^^^^^^^^^^^^^^^^^^^^^^^^^^^^^^^^^^^^^^^^^^^^^^^^^^^^^^^^^^^^
  File "C:\Users\User\PycharmProjects\specialization\django\seminars\project2\base_blog_app\views.py", line 66, in create_author_form
    return render(request, "base_blog_app/create_author_form.html", {"form": form})
           ^^^^^^^^^^^^^^^^^^^^^^^^^^^^^^^^^^^^^^^^^^^^^^^^^^^^^^^^^^^^^^^^^^^^^^^^
  File "C:\Users\User\PycharmProjects\specialization\venv\Lib\site-packages\django\shortcuts.py", line 24, in render
    content = loader.render_to_string(template_name, context, request, using=using)
              ^^^^^^^^^^^^^^^^^^^^^^^^^^^^^^^^^^^^^^^^^^^^^^^^^^^^^^^^^^^^^^^^^^^^^
  File "C:\Users\User\PycharmProjects\specialization\venv\Lib\site-packages\django\template\loader.py", line 62, in render_to_string
    return template.render(context, request)
           ^^^^^^^^^^^^^^^^^^^^^^^^^^^^^^^^^
  File "C:\Users\User\PycharmProjects\specialization\venv\Lib\site-packages\django\template\backends\django.py", line 63, in render
    reraise(exc, self.backend)
  File "C:\Users\User\PycharmProjects\specialization\venv\Lib\site-packages\django\template\backends\django.py", line 84, in reraise
    raise new from exc
django.template.exceptions.TemplateDoesNotExist: base.html
ERROR "GET /create_author_form/ HTTP/1.1" 500 134150
INFO "GET /create_author_form/ HTTP/1.1" 200 1416
INFO C:\Users\User\PycharmProjects\specialization\django\seminars\project2\base_blog_app\forms.py changed, reloading.
INFO Watching for file changes with StatReloader
INFO Watching for file changes with StatReloader
INFO "GET /create_author_form/ HTTP/1.1" 200 1395
INFO C:\Users\User\PycharmProjects\specialization\django\seminars\project2\base_blog_app\forms.py changed, reloading.
INFO Watching for file changes with StatReloader
INFO C:\Users\User\PycharmProjects\specialization\django\seminars\project2\base_blog_app\forms.py changed, reloading.
INFO Watching for file changes with StatReloader
INFO Watching for file changes with StatReloader
INFO Watching for file changes with StatReloader
INFO Watching for file changes with StatReloader
INFO Watching for file changes with StatReloader
INFO "GET /create_author_form/ HTTP/1.1" 200 1410
INFO C:\Users\User\PycharmProjects\specialization\django\seminars\project2\base_blog_app\forms.py changed, reloading.
INFO Watching for file changes with StatReloader
INFO "GET /create_author_form/ HTTP/1.1" 200 1443
INFO C:\Users\User\PycharmProjects\specialization\django\seminars\project2\base_blog_app\forms.py changed, reloading.
INFO Watching for file changes with StatReloader
INFO "GET /create_author_form/ HTTP/1.1" 200 1430
INFO "POST /create_author_form/ HTTP/1.1" 200 1430
INFO Watching for file changes with StatReloader
INFO "GET / HTTP/1.1" 200 10
WARNING Not Found: /favicon.ico
WARNING "GET /favicon.ico HTTP/1.1" 404 3618
INFO "GET /create_author_form/ HTTP/1.1" 200 1430
INFO "POST /create_author_form/ HTTP/1.1" 200 1521
INFO C:\Users\User\PycharmProjects\specialization\django\seminars\project2\base_blog_app\views.py changed, reloading.
INFO Watching for file changes with StatReloader
ERROR Internal Server Error: /create_author_form/
Traceback (most recent call last):
  File "C:\Users\User\PycharmProjects\specialization\venv\Lib\site-packages\django\core\handlers\exception.py", line 55, in inner
    response = get_response(request)
               ^^^^^^^^^^^^^^^^^^^^^
  File "C:\Users\User\PycharmProjects\specialization\venv\Lib\site-packages\django\core\handlers\base.py", line 197, in _get_response
    response = wrapped_callback(request, *callback_args, **callback_kwargs)
               ^^^^^^^^^^^^^^^^^^^^^^^^^^^^^^^^^^^^^^^^^^^^^^^^^^^^^^^^^^^^
  File "C:\Users\User\PycharmProjects\specialization\django\seminars\project2\base_blog_app\views.py", line 75, in create_author_form
    message.success(request, "Автор успешно создан!")
    ^^^^^^^^^^^^^^^
AttributeError: module 'django.core.mail.message' has no attribute 'success'
ERROR "POST /create_author_form/ HTTP/1.1" 500 69890
INFO C:\Users\User\PycharmProjects\specialization\django\seminars\project2\base_blog_app\views.py changed, reloading.
INFO Watching for file changes with StatReloader
ERROR Internal Server Error: /create_author_form/
Traceback (most recent call last):
  File "C:\Users\User\PycharmProjects\specialization\venv\Lib\site-packages\django\core\handlers\exception.py", line 55, in inner
    response = get_response(request)
               ^^^^^^^^^^^^^^^^^^^^^
  File "C:\Users\User\PycharmProjects\specialization\venv\Lib\site-packages\django\core\handlers\base.py", line 197, in _get_response
    response = wrapped_callback(request, *callback_args, **callback_kwargs)
               ^^^^^^^^^^^^^^^^^^^^^^^^^^^^^^^^^^^^^^^^^^^^^^^^^^^^^^^^^^^^
  File "C:\Users\User\PycharmProjects\specialization\django\seminars\project2\base_blog_app\views.py", line 75, in create_author_form
    message.add_message(request, f"Автор {author.first_name} создан")
    ^^^^^^^^^^^^^^^^^^^
AttributeError: module 'django.core.mail.message' has no attribute 'add_message'
ERROR "POST /create_author_form/ HTTP/1.1" 500 69932
INFO C:\Users\User\PycharmProjects\specialization\django\seminars\project2\base_blog_app\views.py changed, reloading.
INFO Watching for file changes with StatReloader
ERROR Internal Server Error: /create_author_form/
Traceback (most recent call last):
  File "C:\Users\User\PycharmProjects\specialization\venv\Lib\site-packages\django\core\handlers\exception.py", line 55, in inner
    response = get_response(request)
               ^^^^^^^^^^^^^^^^^^^^^
  File "C:\Users\User\PycharmProjects\specialization\venv\Lib\site-packages\django\core\handlers\base.py", line 197, in _get_response
    response = wrapped_callback(request, *callback_args, **callback_kwargs)
               ^^^^^^^^^^^^^^^^^^^^^^^^^^^^^^^^^^^^^^^^^^^^^^^^^^^^^^^^^^^^
  File "C:\Users\User\PycharmProjects\specialization\django\seminars\project2\base_blog_app\views.py", line 74, in create_author_form
    message.add_message(request, f"Автор {author.first_name} создан")
    ^^^^^^^
NameError: name 'message' is not defined
ERROR "POST /create_author_form/ HTTP/1.1" 500 69698
INFO C:\Users\User\PycharmProjects\specialization\django\seminars\project2\base_blog_app\views.py changed, reloading.
INFO Watching for file changes with StatReloader
ERROR Internal Server Error: /create_author_form/
Traceback (most recent call last):
  File "C:\Users\User\PycharmProjects\specialization\venv\Lib\site-packages\django\core\handlers\exception.py", line 55, in inner
    response = get_response(request)
               ^^^^^^^^^^^^^^^^^^^^^
  File "C:\Users\User\PycharmProjects\specialization\venv\Lib\site-packages\django\core\handlers\base.py", line 197, in _get_response
    response = wrapped_callback(request, *callback_args, **callback_kwargs)
               ^^^^^^^^^^^^^^^^^^^^^^^^^^^^^^^^^^^^^^^^^^^^^^^^^^^^^^^^^^^^
  File "C:\Users\User\PycharmProjects\specialization\django\seminars\project2\base_blog_app\views.py", line 74, in create_author_form
    message.add_message(request, message.succes,  f"Автор {author.first_name} создан")
    ^^^^^^^
NameError: name 'message' is not defined
ERROR "POST /create_author_form/ HTTP/1.1" 500 69732
INFO C:\Users\User\PycharmProjects\specialization\django\seminars\project2\base_blog_app\views.py changed, reloading.
INFO Watching for file changes with StatReloader
INFO C:\Users\User\PycharmProjects\specialization\django\seminars\project2\base_blog_app\views.py changed, reloading.
INFO Watching for file changes with StatReloader
INFO C:\Users\User\PycharmProjects\specialization\django\seminars\project2\base_blog_app\views.py changed, reloading.
INFO Watching for file changes with StatReloader
INFO "GET / HTTP/1.1" 200 10
WARNING Not Found: /favicon.ico
WARNING "GET /favicon.ico HTTP/1.1" 404 3618
INFO "GET /create_author_form/ HTTP/1.1" 200 1438
ERROR Internal Server Error: /create_author_form/
Traceback (most recent call last):
  File "C:\Users\User\PycharmProjects\specialization\venv\Lib\site-packages\django\core\handlers\exception.py", line 55, in inner
    response = get_response(request)
               ^^^^^^^^^^^^^^^^^^^^^
  File "C:\Users\User\PycharmProjects\specialization\venv\Lib\site-packages\django\core\handlers\base.py", line 197, in _get_response
    response = wrapped_callback(request, *callback_args, **callback_kwargs)
               ^^^^^^^^^^^^^^^^^^^^^^^^^^^^^^^^^^^^^^^^^^^^^^^^^^^^^^^^^^^^
  File "C:\Users\User\PycharmProjects\specialization\django\seminars\project2\base_blog_app\views.py", line 75, in create_author_form
    message.add_message(request, message.succes,  f"Автор {author.first_name} создан")
    ^^^^^^^^^^^^^^^^^^^
AttributeError: 'str' object has no attribute 'add_message'
ERROR "POST /create_author_form/ HTTP/1.1" 500 70230
INFO C:\Users\User\PycharmProjects\specialization\django\seminars\project2\base_blog_app\views.py changed, reloading.
INFO Watching for file changes with StatReloader
ERROR Internal Server Error: /create_author_form/
Traceback (most recent call last):
  File "C:\Users\User\PycharmProjects\specialization\venv\Lib\site-packages\django\core\handlers\exception.py", line 55, in inner
    response = get_response(request)
               ^^^^^^^^^^^^^^^^^^^^^
  File "C:\Users\User\PycharmProjects\specialization\venv\Lib\site-packages\django\core\handlers\base.py", line 197, in _get_response
    response = wrapped_callback(request, *callback_args, **callback_kwargs)
               ^^^^^^^^^^^^^^^^^^^^^^^^^^^^^^^^^^^^^^^^^^^^^^^^^^^^^^^^^^^^
  File "C:\Users\User\PycharmProjects\specialization\django\seminars\project2\base_blog_app\views.py", line 75, in create_author_form
    message.success("Пользователь сохранён")
    ^^^^^^^^^^^^^^^
AttributeError: 'str' object has no attribute 'success'
ERROR "POST /create_author_form/ HTTP/1.1" 500 70140
INFO C:\Users\User\PycharmProjects\specialization\django\seminars\project2\base_blog_app\views.py changed, reloading.
INFO Watching for file changes with StatReloader
INFO "POST /create_author_form/ HTTP/1.1" 200 1506
INFO "POST /create_author_form/ HTTP/1.1" 200 1506
INFO C:\Users\User\PycharmProjects\specialization\django\seminars\project2\base_blog_app\views.py changed, reloading.
INFO Watching for file changes with StatReloader
INFO "GET / HTTP/1.1" 200 10
INFO "POST /create_author_form/ HTTP/1.1" 200 1559
INFO "POST /create_author_form/ HTTP/1.1" 200 1559
INFO "POST /create_author_form/ HTTP/1.1" 200 1573
INFO "POST /create_author_form/ HTTP/1.1" 200 1526
INFO "GET / HTTP/1.1" 200 10
WARNING Not Found: /favicon.ico
WARNING "GET /favicon.ico HTTP/1.1" 404 3618
INFO "GET /create_author_form/ HTTP/1.1" 200 1479
INFO "POST /create_author_form/ HTTP/1.1" 200 1532
INFO C:\Users\User\PycharmProjects\specialization\django\seminars\project2\base_blog_app\urls.py changed, reloading.
INFO Watching for file changes with StatReloader
INFO Watching for file changes with StatReloader
INFO Watching for file changes with StatReloader
INFO "GET / HTTP/1.1" 200 10
WARNING Not Found: /favicon.ico
WARNING "GET /favicon.ico HTTP/1.1" 404 3813
INFO "GET /create_article_form HTTP/1.1" 301 0
ERROR Internal Server Error: /create_article_form/
Traceback (most recent call last):
  File "C:\Users\User\PycharmProjects\specialization\venv\Lib\site-packages\django\core\handlers\exception.py", line 55, in inner
    response = get_response(request)
               ^^^^^^^^^^^^^^^^^^^^^
  File "C:\Users\User\PycharmProjects\specialization\venv\Lib\site-packages\django\core\handlers\base.py", line 197, in _get_response
    response = wrapped_callback(request, *callback_args, **callback_kwargs)
               ^^^^^^^^^^^^^^^^^^^^^^^^^^^^^^^^^^^^^^^^^^^^^^^^^^^^^^^^^^^^
  File "C:\Users\User\PycharmProjects\specialization\django\seminars\project2\base_blog_app\views.py", line 91, in create_article_form
    return render(request, "base_blog_app/create_article_form.html", {"form": form, "message": message})
           ^^^^^^^^^^^^^^^^^^^^^^^^^^^^^^^^^^^^^^^^^^^^^^^^^^^^^^^^^^^^^^^^^^^^^^^^^^^^^^^^^^^^^^^^^^^^^
  File "C:\Users\User\PycharmProjects\specialization\venv\Lib\site-packages\django\shortcuts.py", line 24, in render
    content = loader.render_to_string(template_name, context, request, using=using)
              ^^^^^^^^^^^^^^^^^^^^^^^^^^^^^^^^^^^^^^^^^^^^^^^^^^^^^^^^^^^^^^^^^^^^^
  File "C:\Users\User\PycharmProjects\specialization\venv\Lib\site-packages\django\template\loader.py", line 61, in render_to_string
    template = get_template(template_name, using=using)
               ^^^^^^^^^^^^^^^^^^^^^^^^^^^^^^^^^^^^^^^^
  File "C:\Users\User\PycharmProjects\specialization\venv\Lib\site-packages\django\template\loader.py", line 19, in get_template
    raise TemplateDoesNotExist(template_name, chain=chain)
django.template.exceptions.TemplateDoesNotExist: base_blog_app/create_article_form.html
ERROR "GET /create_article_form/ HTTP/1.1" 500 83798
INFO "GET /create_article_form/ HTTP/1.1" 200 0
INFO "GET /create_article_form/ HTTP/1.1" 200 2318
INFO "POST /create_article_form/ HTTP/1.1" 200 2373
INFO Watching for file changes with StatReloader
INFO "GET / HTTP/1.1" 200 10
INFO "GET /create_comment_form HTTP/1.1" 301 0
INFO "GET /create_comment_form/ HTTP/1.1" 200 4554
INFO "POST /create_comment_form/ HTTP/1.1" 200 4602
INFO C:\Users\User\PycharmProjects\specialization\django\seminars\project2\base_blog_app\forms.py changed, reloading.
INFO Watching for file changes with StatReloader
INFO C:\Users\User\PycharmProjects\specialization\django\seminars\project2\base_blog_app\forms.py changed, reloading.
INFO Watching for file changes with StatReloader
INFO "POST /create_comment_form/ HTTP/1.1" 200 4142
INFO "POST /create_comment_form/ HTTP/1.1" 200 4114
INFO "GET /view_all_articles HTTP/1.1" 301 0
INFO "GET /view_all_articles/ HTTP/1.1" 200 11763
INFO "GET /view_article/31 HTTP/1.1" 200 431
INFO "GET /view_article/50 HTTP/1.1" 200 431
INFO "GET /create_comment_form/ HTTP/1.1" 200 4094
INFO "POST /create_comment_form/ HTTP/1.1" 200 4114
INFO "GET /view_article/1 HTTP/1.1" 200 431
INFO "GET /view_article/6 HTTP/1.1" 200 431
INFO "GET /view_article/11 HTTP/1.1" 200 431
INFO "GET /view_article/21 HTTP/1.1" 200 431
INFO "GET /view_article/26 HTTP/1.1" 200 431
INFO "GET /view_article/31 HTTP/1.1" 200 431
INFO "GET /view_article/36 HTTP/1.1" 200 431
INFO "GET /view_article/41 HTTP/1.1" 200 431
INFO "GET /view_article/46 HTTP/1.1" 200 431
INFO Watching for file changes with StatReloader
INFO "GET / HTTP/1.1" 200 10
INFO "GET /view_all_articles/ HTTP/1.1" 200 11763
INFO C:\Users\User\PycharmProjects\specialization\django\seminars\project2\base_blog_app\forms.py changed, reloading.
INFO Watching for file changes with StatReloader
INFO "GET /view_all_articles/ HTTP/1.1" 200 11763
ERROR Internal Server Error: /create_comment_form/
Traceback (most recent call last):
  File "C:\Users\User\PycharmProjects\specialization\venv\Lib\site-packages\django\db\backends\utils.py", line 89, in _execute
    return self.cursor.execute(sql, params)
           ^^^^^^^^^^^^^^^^^^^^^^^^^^^^^^^^
  File "C:\Users\User\PycharmProjects\specialization\venv\Lib\site-packages\django\db\backends\sqlite3\base.py", line 328, in execute
    return super().execute(query, params)
           ^^^^^^^^^^^^^^^^^^^^^^^^^^^^^^
sqlite3.IntegrityError: NOT NULL constraint failed: base_blog_app_comment.author_id

The above exception was the direct cause of the following exception:

Traceback (most recent call last):
  File "C:\Users\User\PycharmProjects\specialization\venv\Lib\site-packages\django\core\handlers\exception.py", line 55, in inner
    response = get_response(request)
               ^^^^^^^^^^^^^^^^^^^^^
  File "C:\Users\User\PycharmProjects\specialization\venv\Lib\site-packages\django\core\handlers\base.py", line 197, in _get_response
    response = wrapped_callback(request, *callback_args, **callback_kwargs)
               ^^^^^^^^^^^^^^^^^^^^^^^^^^^^^^^^^^^^^^^^^^^^^^^^^^^^^^^^^^^^
  File "C:\Users\User\PycharmProjects\specialization\django\seminars\project2\base_blog_app\views.py", line 98, in create_comment_form
    form.save()
  File "C:\Users\User\PycharmProjects\specialization\venv\Lib\site-packages\django\forms\models.py", line 542, in save
    self.instance.save()
  File "C:\Users\User\PycharmProjects\specialization\venv\Lib\site-packages\django\db\models\base.py", line 814, in save
    self.save_base(
  File "C:\Users\User\PycharmProjects\specialization\venv\Lib\site-packages\django\db\models\base.py", line 877, in save_base
    updated = self._save_table(
              ^^^^^^^^^^^^^^^^^
  File "C:\Users\User\PycharmProjects\specialization\venv\Lib\site-packages\django\db\models\base.py", line 1020, in _save_table
    results = self._do_insert(
              ^^^^^^^^^^^^^^^^
  File "C:\Users\User\PycharmProjects\specialization\venv\Lib\site-packages\django\db\models\base.py", line 1061, in _do_insert
    return manager._insert(
           ^^^^^^^^^^^^^^^^
  File "C:\Users\User\PycharmProjects\specialization\venv\Lib\site-packages\django\db\models\manager.py", line 87, in manager_method
    return getattr(self.get_queryset(), name)(*args, **kwargs)
           ^^^^^^^^^^^^^^^^^^^^^^^^^^^^^^^^^^^^^^^^^^^^^^^^^^^
  File "C:\Users\User\PycharmProjects\specialization\venv\Lib\site-packages\django\db\models\query.py", line 1805, in _insert
    return query.get_compiler(using=using).execute_sql(returning_fields)
           ^^^^^^^^^^^^^^^^^^^^^^^^^^^^^^^^^^^^^^^^^^^^^^^^^^^^^^^^^^^^^
  File "C:\Users\User\PycharmProjects\specialization\venv\Lib\site-packages\django\db\models\sql\compiler.py", line 1822, in execute_sql
    cursor.execute(sql, params)
  File "C:\Users\User\PycharmProjects\specialization\venv\Lib\site-packages\django\db\backends\utils.py", line 102, in execute
    return super().execute(sql, params)
           ^^^^^^^^^^^^^^^^^^^^^^^^^^^^
  File "C:\Users\User\PycharmProjects\specialization\venv\Lib\site-packages\django\db\backends\utils.py", line 67, in execute
    return self._execute_with_wrappers(
           ^^^^^^^^^^^^^^^^^^^^^^^^^^^^
  File "C:\Users\User\PycharmProjects\specialization\venv\Lib\site-packages\django\db\backends\utils.py", line 80, in _execute_with_wrappers
    return executor(sql, params, many, context)
           ^^^^^^^^^^^^^^^^^^^^^^^^^^^^^^^^^^^^
  File "C:\Users\User\PycharmProjects\specialization\venv\Lib\site-packages\django\db\backends\utils.py", line 84, in _execute
    with self.db.wrap_database_errors:
  File "C:\Users\User\PycharmProjects\specialization\venv\Lib\site-packages\django\db\utils.py", line 91, in __exit__
    raise dj_exc_value.with_traceback(traceback) from exc_value
  File "C:\Users\User\PycharmProjects\specialization\venv\Lib\site-packages\django\db\backends\utils.py", line 89, in _execute
    return self.cursor.execute(sql, params)
           ^^^^^^^^^^^^^^^^^^^^^^^^^^^^^^^^
  File "C:\Users\User\PycharmProjects\specialization\venv\Lib\site-packages\django\db\backends\sqlite3\base.py", line 328, in execute
    return super().execute(query, params)
           ^^^^^^^^^^^^^^^^^^^^^^^^^^^^^^
django.db.utils.IntegrityError: NOT NULL constraint failed: base_blog_app_comment.author_id
ERROR "POST /create_comment_form/ HTTP/1.1" 500 156393
INFO C:\Users\User\PycharmProjects\specialization\django\seminars\project2\base_blog_app\forms.py changed, reloading.
INFO Watching for file changes with StatReloader
INFO "GET /view_all_articles/ HTTP/1.1" 200 11763
INFO "POST /create_comment_form/ HTTP/1.1" 200 4210
INFO "POST /create_comment_form/ HTTP/1.1" 200 4231
WARNING Not Found: /view_all_articles/1
WARNING "GET /view_all_articles/1 HTTP/1.1" 404 4032
INFO "GET /view_comment_article/1 HTTP/1.1" 200 1053
INFO C:\Users\User\PycharmProjects\specialization\django\seminars\project2\base_blog_app\forms.py changed, reloading.
INFO Watching for file changes with StatReloader
INFO C:\Users\User\PycharmProjects\specialization\django\seminars\project2\base_blog_app\forms.py changed, reloading.
INFO Watching for file changes with StatReloader
INFO C:\Users\User\PycharmProjects\specialization\django\seminars\project2\base_blog_app\forms.py changed, reloading.
INFO Watching for file changes with StatReloader
INFO "GET /view_comment_article/1 HTTP/1.1" 200 1053
WARNING Not Found: /view_all_articles/1
WARNING "GET /view_all_articles/1 HTTP/1.1" 404 4032
INFO "GET /view_all_articles/ HTTP/1.1" 200 505563
INFO "GET /view_article/14 HTTP/1.1" 200 431
INFO "GET /view_article/1 HTTP/1.1" 200 431
ERROR Internal Server Error: /create_comment_form/
Traceback (most recent call last):
  File "C:\Users\User\PycharmProjects\specialization\venv\Lib\site-packages\django\core\handlers\exception.py", line 55, in inner
    response = get_response(request)
               ^^^^^^^^^^^^^^^^^^^^^
  File "C:\Users\User\PycharmProjects\specialization\venv\Lib\site-packages\django\core\handlers\base.py", line 197, in _get_response
    response = wrapped_callback(request, *callback_args, **callback_kwargs)
               ^^^^^^^^^^^^^^^^^^^^^^^^^^^^^^^^^^^^^^^^^^^^^^^^^^^^^^^^^^^^
  File "C:\Users\User\PycharmProjects\specialization\django\seminars\project2\base_blog_app\views.py", line 98, in create_comment_form
    if form.is_valid():
       ^^^^^^^^^^^^^^^
  File "C:\Users\User\PycharmProjects\specialization\venv\Lib\site-packages\django\forms\forms.py", line 201, in is_valid
    return self.is_bound and not self.errors
                                 ^^^^^^^^^^^
  File "C:\Users\User\PycharmProjects\specialization\venv\Lib\site-packages\django\forms\forms.py", line 196, in errors
    self.full_clean()
  File "C:\Users\User\PycharmProjects\specialization\venv\Lib\site-packages\django\forms\forms.py", line 433, in full_clean
    self._clean_fields()
  File "C:\Users\User\PycharmProjects\specialization\venv\Lib\site-packages\django\forms\forms.py", line 440, in _clean_fields
    value = bf.initial if field.disabled else bf.data
                                              ^^^^^^^
  File "C:\Users\User\PycharmProjects\specialization\venv\Lib\site-packages\django\forms\boundfield.py", line 135, in data
    return self.form._widget_data_value(self.field.widget, self.html_name)
           ^^^^^^^^^^^^^^^^^^^^^^^^^^^^^^^^^^^^^^^^^^^^^^^^^^^^^^^^^^^^^^^
  File "C:\Users\User\PycharmProjects\specialization\venv\Lib\site-packages\django\forms\forms.py", line 220, in _widget_data_value
    return widget.value_from_datadict(self.data, self.files, html_name)
           ^^^^^^^^^^^^^^^^^^^^^^^^^^
AttributeError: 'BooleanField' object has no attribute 'value_from_datadict'
ERROR "POST /create_comment_form/ HTTP/1.1" 500 93665
INFO C:\Users\User\PycharmProjects\specialization\django\seminars\project2\base_blog_app\views.py changed, reloading.
INFO Watching for file changes with StatReloader
INFO C:\Users\User\PycharmProjects\specialization\django\seminars\project2\base_blog_app\forms.py changed, reloading.
INFO Watching for file changes with StatReloader
INFO C:\Users\User\PycharmProjects\specialization\django\seminars\project2\base_blog_app\forms.py changed, reloading.
INFO Watching for file changes with StatReloader
ERROR Internal Server Error: /create_comment_form/
Traceback (most recent call last):
  File "C:\Users\User\PycharmProjects\specialization\venv\Lib\site-packages\django\core\handlers\exception.py", line 55, in inner
    response = get_response(request)
               ^^^^^^^^^^^^^^^^^^^^^
  File "C:\Users\User\PycharmProjects\specialization\venv\Lib\site-packages\django\core\handlers\base.py", line 197, in _get_response
    response = wrapped_callback(request, *callback_args, **callback_kwargs)
               ^^^^^^^^^^^^^^^^^^^^^^^^^^^^^^^^^^^^^^^^^^^^^^^^^^^^^^^^^^^^
  File "C:\Users\User\PycharmProjects\specialization\django\seminars\project2\base_blog_app\views.py", line 97, in create_comment_form
    if form.is_valid():
       ^^^^^^^^^^^^^^^
  File "C:\Users\User\PycharmProjects\specialization\venv\Lib\site-packages\django\forms\forms.py", line 201, in is_valid
    return self.is_bound and not self.errors
                                 ^^^^^^^^^^^
  File "C:\Users\User\PycharmProjects\specialization\venv\Lib\site-packages\django\forms\forms.py", line 196, in errors
    self.full_clean()
  File "C:\Users\User\PycharmProjects\specialization\venv\Lib\site-packages\django\forms\forms.py", line 433, in full_clean
    self._clean_fields()
  File "C:\Users\User\PycharmProjects\specialization\venv\Lib\site-packages\django\forms\forms.py", line 440, in _clean_fields
    value = bf.initial if field.disabled else bf.data
                                              ^^^^^^^
  File "C:\Users\User\PycharmProjects\specialization\venv\Lib\site-packages\django\forms\boundfield.py", line 135, in data
    return self.form._widget_data_value(self.field.widget, self.html_name)
           ^^^^^^^^^^^^^^^^^^^^^^^^^^^^^^^^^^^^^^^^^^^^^^^^^^^^^^^^^^^^^^^
  File "C:\Users\User\PycharmProjects\specialization\venv\Lib\site-packages\django\forms\forms.py", line 220, in _widget_data_value
    return widget.value_from_datadict(self.data, self.files, html_name)
           ^^^^^^^^^^^^^^^^^^^^^^^^^^
AttributeError: 'BooleanField' object has no attribute 'value_from_datadict'
ERROR "POST /create_comment_form/ HTTP/1.1" 500 93665
INFO C:\Users\User\PycharmProjects\specialization\django\seminars\project2\base_blog_app\forms.py changed, reloading.
INFO Watching for file changes with StatReloader
INFO C:\Users\User\PycharmProjects\specialization\django\seminars\project2\base_blog_app\forms.py changed, reloading.
INFO Watching for file changes with StatReloader
INFO C:\Users\User\PycharmProjects\specialization\django\seminars\project2\base_blog_app\forms.py changed, reloading.
INFO Watching for file changes with StatReloader
INFO C:\Users\User\PycharmProjects\specialization\django\seminars\project2\base_blog_app\forms.py changed, reloading.
INFO Watching for file changes with StatReloader
INFO C:\Users\User\PycharmProjects\specialization\django\seminars\project2\base_blog_app\forms.py changed, reloading.
INFO Watching for file changes with StatReloader
ERROR Internal Server Error: /create_comment_form/
Traceback (most recent call last):
  File "C:\Users\User\PycharmProjects\specialization\venv\Lib\site-packages\django\core\handlers\exception.py", line 55, in inner
    response = get_response(request)
               ^^^^^^^^^^^^^^^^^^^^^
  File "C:\Users\User\PycharmProjects\specialization\venv\Lib\site-packages\django\core\handlers\base.py", line 197, in _get_response
    response = wrapped_callback(request, *callback_args, **callback_kwargs)
               ^^^^^^^^^^^^^^^^^^^^^^^^^^^^^^^^^^^^^^^^^^^^^^^^^^^^^^^^^^^^
  File "C:\Users\User\PycharmProjects\specialization\django\seminars\project2\base_blog_app\views.py", line 103, in create_comment_form
    return render(request, "base_blog_app/create_comment_form.html", {"form": form, "message": message})
                                                                                               ^^^^^^^
UnboundLocalError: cannot access local variable 'message' where it is not associated with a value
ERROR "POST /create_comment_form/ HTTP/1.1" 500 68910
INFO "GET /view_all_articles/ HTTP/1.1" 200 11763
INFO C:\Users\User\PycharmProjects\specialization\django\seminars\project2\base_blog_app\forms.py changed, reloading.
INFO Watching for file changes with StatReloader
INFO "POST /create_comment_form/ HTTP/1.1" 200 4231
INFO "POST /create_comment_form/ HTTP/1.1" 200 4231
ERROR Internal Server Error: /create_article_form/
Traceback (most recent call last):
  File "C:\Users\User\PycharmProjects\specialization\venv\Lib\site-packages\django\core\handlers\exception.py", line 55, in inner
    response = get_response(request)
               ^^^^^^^^^^^^^^^^^^^^^
  File "C:\Users\User\PycharmProjects\specialization\venv\Lib\site-packages\django\core\handlers\base.py", line 197, in _get_response
    response = wrapped_callback(request, *callback_args, **callback_kwargs)
               ^^^^^^^^^^^^^^^^^^^^^^^^^^^^^^^^^^^^^^^^^^^^^^^^^^^^^^^^^^^^
  File "C:\Users\User\PycharmProjects\specialization\django\seminars\project2\base_blog_app\views.py", line 91, in create_article_form
    return render(request, "base_blog_app/create_article_form.html", {"form": form, "message": message})
           ^^^^^^^^^^^^^^^^^^^^^^^^^^^^^^^^^^^^^^^^^^^^^^^^^^^^^^^^^^^^^^^^^^^^^^^^^^^^^^^^^^^^^^^^^^^^^
  File "C:\Users\User\PycharmProjects\specialization\venv\Lib\site-packages\django\shortcuts.py", line 24, in render
    content = loader.render_to_string(template_name, context, request, using=using)
              ^^^^^^^^^^^^^^^^^^^^^^^^^^^^^^^^^^^^^^^^^^^^^^^^^^^^^^^^^^^^^^^^^^^^^
  File "C:\Users\User\PycharmProjects\specialization\venv\Lib\site-packages\django\template\loader.py", line 62, in render_to_string
    return template.render(context, request)
           ^^^^^^^^^^^^^^^^^^^^^^^^^^^^^^^^^
  File "C:\Users\User\PycharmProjects\specialization\venv\Lib\site-packages\django\template\backends\django.py", line 61, in render
    return self.template.render(context)
           ^^^^^^^^^^^^^^^^^^^^^^^^^^^^^
  File "C:\Users\User\PycharmProjects\specialization\venv\Lib\site-packages\django\template\base.py", line 175, in render
    return self._render(context)
           ^^^^^^^^^^^^^^^^^^^^^
  File "C:\Users\User\PycharmProjects\specialization\venv\Lib\site-packages\django\template\base.py", line 167, in _render
    return self.nodelist.render(context)
           ^^^^^^^^^^^^^^^^^^^^^^^^^^^^^
  File "C:\Users\User\PycharmProjects\specialization\venv\Lib\site-packages\django\template\base.py", line 1005, in render
    return SafeString("".join([node.render_annotated(context) for node in self]))
                              ^^^^^^^^^^^^^^^^^^^^^^^^^^^^^^^^^^^^^^^^^^^^^^^^^
  File "C:\Users\User\PycharmProjects\specialization\venv\Lib\site-packages\django\template\base.py", line 1005, in <listcomp>
    return SafeString("".join([node.render_annotated(context) for node in self]))
                               ^^^^^^^^^^^^^^^^^^^^^^^^^^^^^^
  File "C:\Users\User\PycharmProjects\specialization\venv\Lib\site-packages\django\template\base.py", line 966, in render_annotated
    return self.render(context)
           ^^^^^^^^^^^^^^^^^^^^
  File "C:\Users\User\PycharmProjects\specialization\venv\Lib\site-packages\django\template\loader_tags.py", line 157, in render
    return compiled_parent._render(context)
           ^^^^^^^^^^^^^^^^^^^^^^^^^^^^^^^^
  File "C:\Users\User\PycharmProjects\specialization\venv\Lib\site-packages\django\template\base.py", line 167, in _render
    return self.nodelist.render(context)
           ^^^^^^^^^^^^^^^^^^^^^^^^^^^^^
  File "C:\Users\User\PycharmProjects\specialization\venv\Lib\site-packages\django\template\base.py", line 1005, in render
    return SafeString("".join([node.render_annotated(context) for node in self]))
                              ^^^^^^^^^^^^^^^^^^^^^^^^^^^^^^^^^^^^^^^^^^^^^^^^^
  File "C:\Users\User\PycharmProjects\specialization\venv\Lib\site-packages\django\template\base.py", line 1005, in <listcomp>
    return SafeString("".join([node.render_annotated(context) for node in self]))
                               ^^^^^^^^^^^^^^^^^^^^^^^^^^^^^^
  File "C:\Users\User\PycharmProjects\specialization\venv\Lib\site-packages\django\template\base.py", line 966, in render_annotated
    return self.render(context)
           ^^^^^^^^^^^^^^^^^^^^
  File "C:\Users\User\PycharmProjects\specialization\venv\Lib\site-packages\django\template\loader_tags.py", line 63, in render
    result = block.nodelist.render(context)
             ^^^^^^^^^^^^^^^^^^^^^^^^^^^^^^
  File "C:\Users\User\PycharmProjects\specialization\venv\Lib\site-packages\django\template\base.py", line 1005, in render
    return SafeString("".join([node.render_annotated(context) for node in self]))
                              ^^^^^^^^^^^^^^^^^^^^^^^^^^^^^^^^^^^^^^^^^^^^^^^^^
  File "C:\Users\User\PycharmProjects\specialization\venv\Lib\site-packages\django\template\base.py", line 1005, in <listcomp>
    return SafeString("".join([node.render_annotated(context) for node in self]))
                               ^^^^^^^^^^^^^^^^^^^^^^^^^^^^^^
  File "C:\Users\User\PycharmProjects\specialization\venv\Lib\site-packages\django\template\base.py", line 966, in render_annotated
    return self.render(context)
           ^^^^^^^^^^^^^^^^^^^^
  File "C:\Users\User\PycharmProjects\specialization\venv\Lib\site-packages\django\template\base.py", line 1064, in render
    output = self.filter_expression.resolve(context)
             ^^^^^^^^^^^^^^^^^^^^^^^^^^^^^^^^^^^^^^^
  File "C:\Users\User\PycharmProjects\specialization\venv\Lib\site-packages\django\template\base.py", line 715, in resolve
    obj = self.var.resolve(context)
          ^^^^^^^^^^^^^^^^^^^^^^^^^
  File "C:\Users\User\PycharmProjects\specialization\venv\Lib\site-packages\django\template\base.py", line 847, in resolve
    value = self._resolve_lookup(context)
            ^^^^^^^^^^^^^^^^^^^^^^^^^^^^^
  File "C:\Users\User\PycharmProjects\specialization\venv\Lib\site-packages\django\template\base.py", line 914, in _resolve_lookup
    current = current()
              ^^^^^^^^^
  File "C:\Users\User\PycharmProjects\specialization\venv\Lib\site-packages\django\forms\utils.py", line 84, in as_p
    return self.render(self.template_name_p)
           ^^^^^^^^^^^^^^^^^^^^^^^^^^^^^^^^^
  File "C:\Users\User\PycharmProjects\specialization\venv\Lib\site-packages\django\forms\utils.py", line 67, in render
    context = context or self.get_context()
                         ^^^^^^^^^^^^^^^^^^
  File "C:\Users\User\PycharmProjects\specialization\venv\Lib\site-packages\django\forms\forms.py", line 325, in get_context
    if bf.is_hidden:
       ^^^^^^^^^^^^
  File "C:\Users\User\PycharmProjects\specialization\venv\Lib\site-packages\django\forms\boundfield.py", line 235, in is_hidden
    return self.field.widget.is_hidden
           ^^^^^^^^^^^^^^^^^^^^^^^^^^^
AttributeError: 'BooleanField' object has no attribute 'is_hidden'
ERROR "GET /create_article_form/ HTTP/1.1" 500 183537
INFO C:\Users\User\PycharmProjects\specialization\django\seminars\project2\base_blog_app\forms.py changed, reloading.
INFO Watching for file changes with StatReloader
ERROR Internal Server Error: /create_article_form/
Traceback (most recent call last):
  File "C:\Users\User\PycharmProjects\specialization\venv\Lib\site-packages\django\core\handlers\exception.py", line 55, in inner
    response = get_response(request)
               ^^^^^^^^^^^^^^^^^^^^^
  File "C:\Users\User\PycharmProjects\specialization\venv\Lib\site-packages\django\core\handlers\base.py", line 197, in _get_response
    response = wrapped_callback(request, *callback_args, **callback_kwargs)
               ^^^^^^^^^^^^^^^^^^^^^^^^^^^^^^^^^^^^^^^^^^^^^^^^^^^^^^^^^^^^
  File "C:\Users\User\PycharmProjects\specialization\django\seminars\project2\base_blog_app\views.py", line 91, in create_article_form
    return render(request, "base_blog_app/create_article_form.html", {"form": form, "message": message})
           ^^^^^^^^^^^^^^^^^^^^^^^^^^^^^^^^^^^^^^^^^^^^^^^^^^^^^^^^^^^^^^^^^^^^^^^^^^^^^^^^^^^^^^^^^^^^^
  File "C:\Users\User\PycharmProjects\specialization\venv\Lib\site-packages\django\shortcuts.py", line 24, in render
    content = loader.render_to_string(template_name, context, request, using=using)
              ^^^^^^^^^^^^^^^^^^^^^^^^^^^^^^^^^^^^^^^^^^^^^^^^^^^^^^^^^^^^^^^^^^^^^
  File "C:\Users\User\PycharmProjects\specialization\venv\Lib\site-packages\django\template\loader.py", line 62, in render_to_string
    return template.render(context, request)
           ^^^^^^^^^^^^^^^^^^^^^^^^^^^^^^^^^
  File "C:\Users\User\PycharmProjects\specialization\venv\Lib\site-packages\django\template\backends\django.py", line 61, in render
    return self.template.render(context)
           ^^^^^^^^^^^^^^^^^^^^^^^^^^^^^
  File "C:\Users\User\PycharmProjects\specialization\venv\Lib\site-packages\django\template\base.py", line 175, in render
    return self._render(context)
           ^^^^^^^^^^^^^^^^^^^^^
  File "C:\Users\User\PycharmProjects\specialization\venv\Lib\site-packages\django\template\base.py", line 167, in _render
    return self.nodelist.render(context)
           ^^^^^^^^^^^^^^^^^^^^^^^^^^^^^
  File "C:\Users\User\PycharmProjects\specialization\venv\Lib\site-packages\django\template\base.py", line 1005, in render
    return SafeString("".join([node.render_annotated(context) for node in self]))
                              ^^^^^^^^^^^^^^^^^^^^^^^^^^^^^^^^^^^^^^^^^^^^^^^^^
  File "C:\Users\User\PycharmProjects\specialization\venv\Lib\site-packages\django\template\base.py", line 1005, in <listcomp>
    return SafeString("".join([node.render_annotated(context) for node in self]))
                               ^^^^^^^^^^^^^^^^^^^^^^^^^^^^^^
  File "C:\Users\User\PycharmProjects\specialization\venv\Lib\site-packages\django\template\base.py", line 966, in render_annotated
    return self.render(context)
           ^^^^^^^^^^^^^^^^^^^^
  File "C:\Users\User\PycharmProjects\specialization\venv\Lib\site-packages\django\template\loader_tags.py", line 157, in render
    return compiled_parent._render(context)
           ^^^^^^^^^^^^^^^^^^^^^^^^^^^^^^^^
  File "C:\Users\User\PycharmProjects\specialization\venv\Lib\site-packages\django\template\base.py", line 167, in _render
    return self.nodelist.render(context)
           ^^^^^^^^^^^^^^^^^^^^^^^^^^^^^
  File "C:\Users\User\PycharmProjects\specialization\venv\Lib\site-packages\django\template\base.py", line 1005, in render
    return SafeString("".join([node.render_annotated(context) for node in self]))
                              ^^^^^^^^^^^^^^^^^^^^^^^^^^^^^^^^^^^^^^^^^^^^^^^^^
  File "C:\Users\User\PycharmProjects\specialization\venv\Lib\site-packages\django\template\base.py", line 1005, in <listcomp>
    return SafeString("".join([node.render_annotated(context) for node in self]))
                               ^^^^^^^^^^^^^^^^^^^^^^^^^^^^^^
  File "C:\Users\User\PycharmProjects\specialization\venv\Lib\site-packages\django\template\base.py", line 966, in render_annotated
    return self.render(context)
           ^^^^^^^^^^^^^^^^^^^^
  File "C:\Users\User\PycharmProjects\specialization\venv\Lib\site-packages\django\template\loader_tags.py", line 63, in render
    result = block.nodelist.render(context)
             ^^^^^^^^^^^^^^^^^^^^^^^^^^^^^^
  File "C:\Users\User\PycharmProjects\specialization\venv\Lib\site-packages\django\template\base.py", line 1005, in render
    return SafeString("".join([node.render_annotated(context) for node in self]))
                              ^^^^^^^^^^^^^^^^^^^^^^^^^^^^^^^^^^^^^^^^^^^^^^^^^
  File "C:\Users\User\PycharmProjects\specialization\venv\Lib\site-packages\django\template\base.py", line 1005, in <listcomp>
    return SafeString("".join([node.render_annotated(context) for node in self]))
                               ^^^^^^^^^^^^^^^^^^^^^^^^^^^^^^
  File "C:\Users\User\PycharmProjects\specialization\venv\Lib\site-packages\django\template\base.py", line 966, in render_annotated
    return self.render(context)
           ^^^^^^^^^^^^^^^^^^^^
  File "C:\Users\User\PycharmProjects\specialization\venv\Lib\site-packages\django\template\base.py", line 1064, in render
    output = self.filter_expression.resolve(context)
             ^^^^^^^^^^^^^^^^^^^^^^^^^^^^^^^^^^^^^^^
  File "C:\Users\User\PycharmProjects\specialization\venv\Lib\site-packages\django\template\base.py", line 715, in resolve
    obj = self.var.resolve(context)
          ^^^^^^^^^^^^^^^^^^^^^^^^^
  File "C:\Users\User\PycharmProjects\specialization\venv\Lib\site-packages\django\template\base.py", line 847, in resolve
    value = self._resolve_lookup(context)
            ^^^^^^^^^^^^^^^^^^^^^^^^^^^^^
  File "C:\Users\User\PycharmProjects\specialization\venv\Lib\site-packages\django\template\base.py", line 914, in _resolve_lookup
    current = current()
              ^^^^^^^^^
  File "C:\Users\User\PycharmProjects\specialization\venv\Lib\site-packages\django\forms\utils.py", line 84, in as_p
    return self.render(self.template_name_p)
           ^^^^^^^^^^^^^^^^^^^^^^^^^^^^^^^^^
  File "C:\Users\User\PycharmProjects\specialization\venv\Lib\site-packages\django\forms\utils.py", line 67, in render
    context = context or self.get_context()
                         ^^^^^^^^^^^^^^^^^^
  File "C:\Users\User\PycharmProjects\specialization\venv\Lib\site-packages\django\forms\forms.py", line 325, in get_context
    if bf.is_hidden:
       ^^^^^^^^^^^^
  File "C:\Users\User\PycharmProjects\specialization\venv\Lib\site-packages\django\forms\boundfield.py", line 235, in is_hidden
    return self.field.widget.is_hidden
           ^^^^^^^^^^^^^^^^^^^^^^^^^^^
AttributeError: 'BooleanField' object has no attribute 'is_hidden'
ERROR "GET /create_article_form/ HTTP/1.1" 500 183755
INFO C:\Users\User\PycharmProjects\specialization\django\seminars\project2\base_blog_app\forms.py changed, reloading.
INFO Watching for file changes with StatReloader
ERROR Internal Server Error: /create_article_form/
Traceback (most recent call last):
  File "C:\Users\User\PycharmProjects\specialization\venv\Lib\site-packages\django\core\handlers\exception.py", line 55, in inner
    response = get_response(request)
               ^^^^^^^^^^^^^^^^^^^^^
  File "C:\Users\User\PycharmProjects\specialization\venv\Lib\site-packages\django\core\handlers\base.py", line 197, in _get_response
    response = wrapped_callback(request, *callback_args, **callback_kwargs)
               ^^^^^^^^^^^^^^^^^^^^^^^^^^^^^^^^^^^^^^^^^^^^^^^^^^^^^^^^^^^^
  File "C:\Users\User\PycharmProjects\specialization\django\seminars\project2\base_blog_app\views.py", line 91, in create_article_form
    return render(request, "base_blog_app/create_article_form.html", {"form": form, "message": message})
           ^^^^^^^^^^^^^^^^^^^^^^^^^^^^^^^^^^^^^^^^^^^^^^^^^^^^^^^^^^^^^^^^^^^^^^^^^^^^^^^^^^^^^^^^^^^^^
  File "C:\Users\User\PycharmProjects\specialization\venv\Lib\site-packages\django\shortcuts.py", line 24, in render
    content = loader.render_to_string(template_name, context, request, using=using)
              ^^^^^^^^^^^^^^^^^^^^^^^^^^^^^^^^^^^^^^^^^^^^^^^^^^^^^^^^^^^^^^^^^^^^^
  File "C:\Users\User\PycharmProjects\specialization\venv\Lib\site-packages\django\template\loader.py", line 62, in render_to_string
    return template.render(context, request)
           ^^^^^^^^^^^^^^^^^^^^^^^^^^^^^^^^^
  File "C:\Users\User\PycharmProjects\specialization\venv\Lib\site-packages\django\template\backends\django.py", line 61, in render
    return self.template.render(context)
           ^^^^^^^^^^^^^^^^^^^^^^^^^^^^^
  File "C:\Users\User\PycharmProjects\specialization\venv\Lib\site-packages\django\template\base.py", line 175, in render
    return self._render(context)
           ^^^^^^^^^^^^^^^^^^^^^
  File "C:\Users\User\PycharmProjects\specialization\venv\Lib\site-packages\django\template\base.py", line 167, in _render
    return self.nodelist.render(context)
           ^^^^^^^^^^^^^^^^^^^^^^^^^^^^^
  File "C:\Users\User\PycharmProjects\specialization\venv\Lib\site-packages\django\template\base.py", line 1005, in render
    return SafeString("".join([node.render_annotated(context) for node in self]))
                              ^^^^^^^^^^^^^^^^^^^^^^^^^^^^^^^^^^^^^^^^^^^^^^^^^
  File "C:\Users\User\PycharmProjects\specialization\venv\Lib\site-packages\django\template\base.py", line 1005, in <listcomp>
    return SafeString("".join([node.render_annotated(context) for node in self]))
                               ^^^^^^^^^^^^^^^^^^^^^^^^^^^^^^
  File "C:\Users\User\PycharmProjects\specialization\venv\Lib\site-packages\django\template\base.py", line 966, in render_annotated
    return self.render(context)
           ^^^^^^^^^^^^^^^^^^^^
  File "C:\Users\User\PycharmProjects\specialization\venv\Lib\site-packages\django\template\loader_tags.py", line 157, in render
    return compiled_parent._render(context)
           ^^^^^^^^^^^^^^^^^^^^^^^^^^^^^^^^
  File "C:\Users\User\PycharmProjects\specialization\venv\Lib\site-packages\django\template\base.py", line 167, in _render
    return self.nodelist.render(context)
           ^^^^^^^^^^^^^^^^^^^^^^^^^^^^^
  File "C:\Users\User\PycharmProjects\specialization\venv\Lib\site-packages\django\template\base.py", line 1005, in render
    return SafeString("".join([node.render_annotated(context) for node in self]))
                              ^^^^^^^^^^^^^^^^^^^^^^^^^^^^^^^^^^^^^^^^^^^^^^^^^
  File "C:\Users\User\PycharmProjects\specialization\venv\Lib\site-packages\django\template\base.py", line 1005, in <listcomp>
    return SafeString("".join([node.render_annotated(context) for node in self]))
                               ^^^^^^^^^^^^^^^^^^^^^^^^^^^^^^
  File "C:\Users\User\PycharmProjects\specialization\venv\Lib\site-packages\django\template\base.py", line 966, in render_annotated
    return self.render(context)
           ^^^^^^^^^^^^^^^^^^^^
  File "C:\Users\User\PycharmProjects\specialization\venv\Lib\site-packages\django\template\loader_tags.py", line 63, in render
    result = block.nodelist.render(context)
             ^^^^^^^^^^^^^^^^^^^^^^^^^^^^^^
  File "C:\Users\User\PycharmProjects\specialization\venv\Lib\site-packages\django\template\base.py", line 1005, in render
    return SafeString("".join([node.render_annotated(context) for node in self]))
                              ^^^^^^^^^^^^^^^^^^^^^^^^^^^^^^^^^^^^^^^^^^^^^^^^^
  File "C:\Users\User\PycharmProjects\specialization\venv\Lib\site-packages\django\template\base.py", line 1005, in <listcomp>
    return SafeString("".join([node.render_annotated(context) for node in self]))
                               ^^^^^^^^^^^^^^^^^^^^^^^^^^^^^^
  File "C:\Users\User\PycharmProjects\specialization\venv\Lib\site-packages\django\template\base.py", line 966, in render_annotated
    return self.render(context)
           ^^^^^^^^^^^^^^^^^^^^
  File "C:\Users\User\PycharmProjects\specialization\venv\Lib\site-packages\django\template\base.py", line 1064, in render
    output = self.filter_expression.resolve(context)
             ^^^^^^^^^^^^^^^^^^^^^^^^^^^^^^^^^^^^^^^
  File "C:\Users\User\PycharmProjects\specialization\venv\Lib\site-packages\django\template\base.py", line 715, in resolve
    obj = self.var.resolve(context)
          ^^^^^^^^^^^^^^^^^^^^^^^^^
  File "C:\Users\User\PycharmProjects\specialization\venv\Lib\site-packages\django\template\base.py", line 847, in resolve
    value = self._resolve_lookup(context)
            ^^^^^^^^^^^^^^^^^^^^^^^^^^^^^
  File "C:\Users\User\PycharmProjects\specialization\venv\Lib\site-packages\django\template\base.py", line 914, in _resolve_lookup
    current = current()
              ^^^^^^^^^
  File "C:\Users\User\PycharmProjects\specialization\venv\Lib\site-packages\django\forms\utils.py", line 84, in as_p
    return self.render(self.template_name_p)
           ^^^^^^^^^^^^^^^^^^^^^^^^^^^^^^^^^
  File "C:\Users\User\PycharmProjects\specialization\venv\Lib\site-packages\django\forms\utils.py", line 67, in render
    context = context or self.get_context()
                         ^^^^^^^^^^^^^^^^^^
  File "C:\Users\User\PycharmProjects\specialization\venv\Lib\site-packages\django\forms\forms.py", line 325, in get_context
    if bf.is_hidden:
       ^^^^^^^^^^^^
  File "C:\Users\User\PycharmProjects\specialization\venv\Lib\site-packages\django\forms\boundfield.py", line 235, in is_hidden
    return self.field.widget.is_hidden
           ^^^^^^^^^^^^^^^^^^^^^^^^^^^
AttributeError: 'BooleanField' object has no attribute 'is_hidden'
ERROR "GET /create_article_form/ HTTP/1.1" 500 183755
INFO C:\Users\User\PycharmProjects\specialization\django\seminars\project2\base_blog_app\forms.py changed, reloading.
INFO Watching for file changes with StatReloader
INFO "GET /create_article_form/ HTTP/1.1" 200 2270
INFO "POST /create_article_form/ HTTP/1.1" 200 2333
INFO "GET /view_all_articles/ HTTP/1.1" 200 12005
INFO "GET /view_article/52 HTTP/1.1" 200 437
INFO Watching for file changes with StatReloader
INFO "GET / HTTP/1.1" 200 10
INFO "GET /view_all_articles/ HTTP/1.1" 200 12005
INFO "GET /view_article/46 HTTP/1.1" 200 475
INFO "GET /view_article/46 HTTP/1.1" 200 475
INFO "GET /view_article/46 HTTP/1.1" 200 475
INFO "GET /view_article/46 HTTP/1.1" 200 475
INFO "GET /view_article/46 HTTP/1.1" 200 475
INFO "GET /view_article/46 HTTP/1.1" 200 475
INFO "GET /view_article/46 HTTP/1.1" 200 475
INFO "GET /view_article/46 HTTP/1.1" 200 475
INFO "GET /view_article/52 HTTP/1.1" 200 481
INFO "GET /view_article/52 HTTP/1.1" 200 481
INFO "GET /view_article/52 HTTP/1.1" 200 481
INFO "GET /create_author_form/ HTTP/1.1" 200 1479
INFO "GET /create_comment_form/ HTTP/1.1" 200 4331
INFO C:\Users\User\PycharmProjects\specialization\django\seminars\project2\base_blog_app\views.py changed, reloading.
INFO Watching for file changes with StatReloader
ERROR Internal Server Error: /create_comment_form/
Traceback (most recent call last):
  File "C:\Users\User\PycharmProjects\specialization\venv\Lib\site-packages\django\utils\datastructures.py", line 84, in __getitem__
    list_ = super().__getitem__(key)
            ^^^^^^^^^^^^^^^^^^^^^^^^
KeyError: ''

During handling of the above exception, another exception occurred:

Traceback (most recent call last):
  File "C:\Users\User\PycharmProjects\specialization\venv\Lib\site-packages\django\core\handlers\exception.py", line 55, in inner
    response = get_response(request)
               ^^^^^^^^^^^^^^^^^^^^^
  File "C:\Users\User\PycharmProjects\specialization\venv\Lib\site-packages\django\core\handlers\base.py", line 197, in _get_response
    response = wrapped_callback(request, *callback_args, **callback_kwargs)
               ^^^^^^^^^^^^^^^^^^^^^^^^^^^^^^^^^^^^^^^^^^^^^^^^^^^^^^^^^^^^
  File "C:\Users\User\PycharmProjects\specialization\django\seminars\project2\base_blog_app\views.py", line 103, in create_comment_form
    article = get_object_or_404(Article, pk=request.POST[""])
                                            ~~~~~~~~~~~~^^^^
  File "C:\Users\User\PycharmProjects\specialization\venv\Lib\site-packages\django\utils\datastructures.py", line 86, in __getitem__
    raise MultiValueDictKeyError(key)
django.utils.datastructures.MultiValueDictKeyError: ''
ERROR "GET /create_comment_form/ HTTP/1.1" 500 76099
INFO C:\Users\User\PycharmProjects\specialization\django\seminars\project2\base_blog_app\views.py changed, reloading.
INFO Watching for file changes with StatReloader
INFO C:\Users\User\PycharmProjects\specialization\django\seminars\project2\base_blog_app\views.py changed, reloading.
INFO Watching for file changes with StatReloader
INFO C:\Users\User\PycharmProjects\specialization\django\seminars\project2\base_blog_app\views.py changed, reloading.
INFO Watching for file changes with StatReloader
INFO C:\Users\User\PycharmProjects\specialization\django\seminars\project2\base_blog_app\views.py changed, reloading.
INFO Watching for file changes with StatReloader
INFO C:\Users\User\PycharmProjects\specialization\django\seminars\project2\base_blog_app\views.py changed, reloading.
INFO Watching for file changes with StatReloader
INFO "GET / HTTP/1.1" 200 10
WARNING Not Found: /favicon.ico
WARNING "GET /favicon.ico HTTP/1.1" 404 4008
INFO "GET / HTTP/1.1" 200 10
WARNING Not Found: /favicon.ico
WARNING "GET /favicon.ico HTTP/1.1" 404 4008
INFO "GET /create_comment_form/ HTTP/1.1" 200 4331
INFO C:\Users\User\PycharmProjects\specialization\django\seminars\project2\base_blog_app\views.py changed, reloading.
INFO Watching for file changes with StatReloader
INFO "GET / HTTP/1.1" 200 10
WARNING Not Found: /favicon.ico
WARNING "GET /favicon.ico HTTP/1.1" 404 4008
ERROR Internal Server Error: /create_comment_form/
Traceback (most recent call last):
  File "C:\Users\User\PycharmProjects\specialization\venv\Lib\site-packages\django\core\handlers\exception.py", line 55, in inner
    response = get_response(request)
               ^^^^^^^^^^^^^^^^^^^^^
  File "C:\Users\User\PycharmProjects\specialization\venv\Lib\site-packages\django\core\handlers\base.py", line 197, in _get_response
    response = wrapped_callback(request, *callback_args, **callback_kwargs)
               ^^^^^^^^^^^^^^^^^^^^^^^^^^^^^^^^^^^^^^^^^^^^^^^^^^^^^^^^^^^^
TypeError: create_comment_form() missing 1 required positional argument: 'article_id'
ERROR "GET /create_comment_form/ HTTP/1.1" 500 64319
INFO C:\Users\User\PycharmProjects\specialization\django\seminars\project2\base_blog_app\views.py changed, reloading.
INFO Watching for file changes with StatReloader
ERROR Internal Server Error: /create_comment_form/
Traceback (most recent call last):
  File "C:\Users\User\PycharmProjects\specialization\venv\Lib\site-packages\django\core\handlers\exception.py", line 55, in inner
    response = get_response(request)
               ^^^^^^^^^^^^^^^^^^^^^
  File "C:\Users\User\PycharmProjects\specialization\venv\Lib\site-packages\django\core\handlers\base.py", line 197, in _get_response
    response = wrapped_callback(request, *callback_args, **callback_kwargs)
               ^^^^^^^^^^^^^^^^^^^^^^^^^^^^^^^^^^^^^^^^^^^^^^^^^^^^^^^^^^^^
  File "C:\Users\User\PycharmProjects\specialization\django\seminars\project2\base_blog_app\views.py", line 105, in create_comment_form
    return render(request, "base_blog_app/create_comment_form.html", {"form": form, "message": message, "article": article})
           ^^^^^^^^^^^^^^^^^^^^^^^^^^^^^^^^^^^^^^^^^^^^^^^^^^^^^^^^^^^^^^^^^^^^^^^^^^^^^^^^^^^^^^^^^^^^^^^^^^^^^^^^^^^^^^^^^
  File "C:\Users\User\PycharmProjects\specialization\venv\Lib\site-packages\django\shortcuts.py", line 24, in render
    content = loader.render_to_string(template_name, context, request, using=using)
              ^^^^^^^^^^^^^^^^^^^^^^^^^^^^^^^^^^^^^^^^^^^^^^^^^^^^^^^^^^^^^^^^^^^^^
  File "C:\Users\User\PycharmProjects\specialization\venv\Lib\site-packages\django\template\loader.py", line 62, in render_to_string
    return template.render(context, request)
           ^^^^^^^^^^^^^^^^^^^^^^^^^^^^^^^^^
  File "C:\Users\User\PycharmProjects\specialization\venv\Lib\site-packages\django\template\backends\django.py", line 61, in render
    return self.template.render(context)
           ^^^^^^^^^^^^^^^^^^^^^^^^^^^^^
  File "C:\Users\User\PycharmProjects\specialization\venv\Lib\site-packages\django\template\base.py", line 175, in render
    return self._render(context)
           ^^^^^^^^^^^^^^^^^^^^^
  File "C:\Users\User\PycharmProjects\specialization\venv\Lib\site-packages\django\template\base.py", line 167, in _render
    return self.nodelist.render(context)
           ^^^^^^^^^^^^^^^^^^^^^^^^^^^^^
  File "C:\Users\User\PycharmProjects\specialization\venv\Lib\site-packages\django\template\base.py", line 1005, in render
    return SafeString("".join([node.render_annotated(context) for node in self]))
                              ^^^^^^^^^^^^^^^^^^^^^^^^^^^^^^^^^^^^^^^^^^^^^^^^^
  File "C:\Users\User\PycharmProjects\specialization\venv\Lib\site-packages\django\template\base.py", line 1005, in <listcomp>
    return SafeString("".join([node.render_annotated(context) for node in self]))
                               ^^^^^^^^^^^^^^^^^^^^^^^^^^^^^^
  File "C:\Users\User\PycharmProjects\specialization\venv\Lib\site-packages\django\template\base.py", line 966, in render_annotated
    return self.render(context)
           ^^^^^^^^^^^^^^^^^^^^
  File "C:\Users\User\PycharmProjects\specialization\venv\Lib\site-packages\django\template\loader_tags.py", line 157, in render
    return compiled_parent._render(context)
           ^^^^^^^^^^^^^^^^^^^^^^^^^^^^^^^^
  File "C:\Users\User\PycharmProjects\specialization\venv\Lib\site-packages\django\template\base.py", line 167, in _render
    return self.nodelist.render(context)
           ^^^^^^^^^^^^^^^^^^^^^^^^^^^^^
  File "C:\Users\User\PycharmProjects\specialization\venv\Lib\site-packages\django\template\base.py", line 1005, in render
    return SafeString("".join([node.render_annotated(context) for node in self]))
                              ^^^^^^^^^^^^^^^^^^^^^^^^^^^^^^^^^^^^^^^^^^^^^^^^^
  File "C:\Users\User\PycharmProjects\specialization\venv\Lib\site-packages\django\template\base.py", line 1005, in <listcomp>
    return SafeString("".join([node.render_annotated(context) for node in self]))
                               ^^^^^^^^^^^^^^^^^^^^^^^^^^^^^^
  File "C:\Users\User\PycharmProjects\specialization\venv\Lib\site-packages\django\template\base.py", line 966, in render_annotated
    return self.render(context)
           ^^^^^^^^^^^^^^^^^^^^
  File "C:\Users\User\PycharmProjects\specialization\venv\Lib\site-packages\django\template\loader_tags.py", line 63, in render
    result = block.nodelist.render(context)
             ^^^^^^^^^^^^^^^^^^^^^^^^^^^^^^
  File "C:\Users\User\PycharmProjects\specialization\venv\Lib\site-packages\django\template\base.py", line 1005, in render
    return SafeString("".join([node.render_annotated(context) for node in self]))
                              ^^^^^^^^^^^^^^^^^^^^^^^^^^^^^^^^^^^^^^^^^^^^^^^^^
  File "C:\Users\User\PycharmProjects\specialization\venv\Lib\site-packages\django\template\base.py", line 1005, in <listcomp>
    return SafeString("".join([node.render_annotated(context) for node in self]))
                               ^^^^^^^^^^^^^^^^^^^^^^^^^^^^^^
  File "C:\Users\User\PycharmProjects\specialization\venv\Lib\site-packages\django\template\base.py", line 966, in render_annotated
    return self.render(context)
           ^^^^^^^^^^^^^^^^^^^^
  File "C:\Users\User\PycharmProjects\specialization\venv\Lib\site-packages\django\template\defaulttags.py", line 471, in render
    url = reverse(view_name, args=args, kwargs=kwargs, current_app=current_app)
          ^^^^^^^^^^^^^^^^^^^^^^^^^^^^^^^^^^^^^^^^^^^^^^^^^^^^^^^^^^^^^^^^^^^^^
  File "C:\Users\User\PycharmProjects\specialization\venv\Lib\site-packages\django\urls\base.py", line 88, in reverse
    return resolver._reverse_with_prefix(view, prefix, *args, **kwargs)
           ^^^^^^^^^^^^^^^^^^^^^^^^^^^^^^^^^^^^^^^^^^^^^^^^^^^^^^^^^^^^
  File "C:\Users\User\PycharmProjects\specialization\venv\Lib\site-packages\django\urls\resolvers.py", line 828, in _reverse_with_prefix
    raise NoReverseMatch(msg)
django.urls.exceptions.NoReverseMatch: Reverse for 'template_article' not found. 'template_article' is not a valid view function or pattern name.
ERROR "GET /create_comment_form/ HTTP/1.1" 500 166948
INFO C:\Users\User\PycharmProjects\specialization\django\seminars\project2\base_blog_app\views.py changed, reloading.
INFO Watching for file changes with StatReloader
INFO C:\Users\User\PycharmProjects\specialization\django\seminars\project2\base_blog_app\views.py changed, reloading.
INFO Watching for file changes with StatReloader
ERROR Internal Server Error: /create_comment_form/
Traceback (most recent call last):
  File "C:\Users\User\PycharmProjects\specialization\venv\Lib\site-packages\django\core\handlers\exception.py", line 55, in inner
    response = get_response(request)
               ^^^^^^^^^^^^^^^^^^^^^
  File "C:\Users\User\PycharmProjects\specialization\venv\Lib\site-packages\django\core\handlers\base.py", line 197, in _get_response
    response = wrapped_callback(request, *callback_args, **callback_kwargs)
               ^^^^^^^^^^^^^^^^^^^^^^^^^^^^^^^^^^^^^^^^^^^^^^^^^^^^^^^^^^^^
TypeError: create_comment_form() missing 1 required positional argument: 'article_id'
ERROR "GET /create_comment_form/ HTTP/1.1" 500 64456
INFO C:\Users\User\PycharmProjects\specialization\django\seminars\project2\base_blog_app\views.py changed, reloading.
INFO Watching for file changes with StatReloader
ERROR Internal Server Error: /create_comment_form/
Traceback (most recent call last):
  File "C:\Users\User\PycharmProjects\specialization\venv\Lib\site-packages\django\core\handlers\exception.py", line 55, in inner
    response = get_response(request)
               ^^^^^^^^^^^^^^^^^^^^^
  File "C:\Users\User\PycharmProjects\specialization\venv\Lib\site-packages\django\core\handlers\base.py", line 197, in _get_response
    response = wrapped_callback(request, *callback_args, **callback_kwargs)
               ^^^^^^^^^^^^^^^^^^^^^^^^^^^^^^^^^^^^^^^^^^^^^^^^^^^^^^^^^^^^
  File "C:\Users\User\PycharmProjects\specialization\django\seminars\project2\base_blog_app\views.py", line 103, in create_comment_form
    article = Article.objects.filter(id=article_id).first()
                                        ^^^^^^^^^^
NameError: name 'article_id' is not defined
ERROR "GET /create_comment_form/ HTTP/1.1" 500 67886
ERROR Internal Server Error: /create_comment_form/
Traceback (most recent call last):
  File "C:\Users\User\PycharmProjects\specialization\venv\Lib\site-packages\django\core\handlers\exception.py", line 55, in inner
    response = get_response(request)
               ^^^^^^^^^^^^^^^^^^^^^
  File "C:\Users\User\PycharmProjects\specialization\venv\Lib\site-packages\django\core\handlers\base.py", line 197, in _get_response
    response = wrapped_callback(request, *callback_args, **callback_kwargs)
               ^^^^^^^^^^^^^^^^^^^^^^^^^^^^^^^^^^^^^^^^^^^^^^^^^^^^^^^^^^^^
  File "C:\Users\User\PycharmProjects\specialization\django\seminars\project2\base_blog_app\views.py", line 103, in create_comment_form
    article = Article.objects.filter(id=article_id).first()
                                        ^^^^^^^^^^
NameError: name 'article_id' is not defined
ERROR "GET /create_comment_form/ HTTP/1.1" 500 67886
INFO "GET /view_comment_article/1 HTTP/1.1" 200 1208
INFO "GET /view_comment_article/1 HTTP/1.1" 200 1208
INFO C:\Users\User\PycharmProjects\specialization\django\seminars\project2\base_blog_app\views.py changed, reloading.
INFO Watching for file changes with StatReloader
INFO "GET / HTTP/1.1" 200 10
WARNING Not Found: /favicon.ico
WARNING "GET /favicon.ico HTTP/1.1" 404 4008
INFO "GET /create_article_form/ HTTP/1.1" 200 2270
INFO "GET / HTTP/1.1" 200 10
WARNING Not Found: /favicon.ico
WARNING "GET /favicon.ico HTTP/1.1" 404 4008
INFO "GET /view_comment_article/52 HTTP/1.1" 200 565
INFO "GET /view_comment_article/51 HTTP/1.1" 200 1114
INFO Watching for file changes with StatReloader
INFO C:\Users\User\PycharmProjects\specialization\django\seminars\project2\base_blog_app\admin.py changed, reloading.
INFO Watching for file changes with StatReloader
INFO Watching for file changes with StatReloader
INFO "GET /admin/testapp/eagletails/ HTTP/1.1" 302 0
INFO "GET /admin/login/?next=/admin/testapp/eagletails/ HTTP/1.1" 200 4219
INFO "POST /admin/login/?next=/admin/testapp/eagletails/ HTTP/1.1" 200 4388
INFO Watching for file changes with StatReloader
INFO "POST /admin/login/?next=/admin/testapp/eagletails/ HTTP/1.1" 302 0
WARNING Not Found: /admin/testapp/eagletails/
WARNING "GET /admin/testapp/eagletails/ HTTP/1.1" 404 4891
INFO "GET /admin/ HTTP/1.1" 200 7153
INFO "GET /admin/base_blog_app/article/ HTTP/1.1" 200 20340
INFO "GET /admin/jsi18n/ HTTP/1.1" 200 3343
INFO "GET /admin/ HTTP/1.1" 200 7153
INFO "GET /admin/base_blog_app/author/ HTTP/1.1" 200 14076
INFO "GET /admin/jsi18n/ HTTP/1.1" 200 3343
INFO "GET /admin/ HTTP/1.1" 200 7153
INFO C:\Users\User\PycharmProjects\specialization\django\seminars\project2\my_blog\settings.py changed, reloading.
INFO Watching for file changes with StatReloader
INFO "GET /admin/ HTTP/1.1" 200 7529
INFO "GET / HTTP/1.1" 200 10
INFO "GET /admin/ HTTP/1.1" 200 7529
INFO "GET /admin/base_blog_app/author/ HTTP/1.1" 200 14572
INFO "GET /admin/jsi18n/ HTTP/1.1" 200 16066
INFO "GET /admin/ HTTP/1.1" 200 7529
INFO "GET /admin/base_blog_app/comment/ HTTP/1.1" 200 34415
INFO "GET /admin/jsi18n/ HTTP/1.1" 200 16066
INFO "GET /admin/base_blog_app/comment/?all= HTTP/1.1" 200 48160
INFO "GET /admin/jsi18n/ HTTP/1.1" 200 16066
INFO "GET /admin/base_blog_app/comment/ HTTP/1.1" 200 34415
INFO "GET /admin/ HTTP/1.1" 200 7529
INFO "GET /admin/base_blog_app/author/ HTTP/1.1" 200 14572
INFO "GET /admin/jsi18n/ HTTP/1.1" 200 16066
INFO "GET /admin/ HTTP/1.1" 200 7529
INFO Watching for file changes with StatReloader
INFO "GET /admin/auth/group/add/ HTTP/1.1" 200 13397
INFO "GET /admin/jsi18n/ HTTP/1.1" 200 16066
INFO "POST /admin/auth/group/add/ HTTP/1.1" 302 0
INFO "GET /admin/auth/group/ HTTP/1.1" 200 10360
INFO "GET /admin/jsi18n/ HTTP/1.1" 200 16066
INFO "GET /admin/auth/user/ HTTP/1.1" 200 12859
INFO "GET /admin/jsi18n/ HTTP/1.1" 200 16066
INFO "GET /admin/auth/user/add/ HTTP/1.1" 200 12222
INFO "GET /admin/jsi18n/ HTTP/1.1" 200 16066
INFO "POST /admin/auth/user/add/ HTTP/1.1" 302 0
INFO "GET /admin/auth/user/2/change/ HTTP/1.1" 200 24070
INFO "GET /admin/jsi18n/ HTTP/1.1" 200 16066
INFO "POST /admin/auth/user/2/change/ HTTP/1.1" 302 0
INFO "GET /admin/auth/user/ HTTP/1.1" 200 13491
INFO "GET /admin/jsi18n/ HTTP/1.1" 200 16066
INFO "GET /admin/auth/user/2/change/ HTTP/1.1" 200 23819
INFO "GET /admin/jsi18n/ HTTP/1.1" 200 16066
INFO "GET /admin/auth/group/ HTTP/1.1" 200 10141
INFO "GET /admin/jsi18n/ HTTP/1.1" 200 16066
INFO "GET /admin/auth/group/add/ HTTP/1.1" 200 13397
INFO "GET /admin/jsi18n/ HTTP/1.1" 200 16066
INFO "POST /admin/auth/group/add/ HTTP/1.1" 302 0
INFO "GET /admin/auth/group/ HTTP/1.1" 200 10573
INFO "GET /admin/jsi18n/ HTTP/1.1" 200 16066
INFO "GET /admin/auth/user/ HTTP/1.1" 200 13340
INFO "GET /admin/jsi18n/ HTTP/1.1" 200 16066
INFO "GET /admin/auth/user/add/ HTTP/1.1" 200 12222
INFO "GET /admin/jsi18n/ HTTP/1.1" 200 16066
INFO "POST /admin/auth/user/add/ HTTP/1.1" 302 0
INFO "GET /admin/auth/user/3/change/ HTTP/1.1" 200 24167
INFO "GET /admin/jsi18n/ HTTP/1.1" 200 16066
INFO "POST /admin/auth/user/3/change/ HTTP/1.1" 302 0
INFO "GET /admin/auth/user/ HTTP/1.1" 200 14004
INFO "GET /admin/jsi18n/ HTTP/1.1" 200 16066
INFO "GET /admin/auth/group/ HTTP/1.1" 200 10354
INFO "GET /admin/jsi18n/ HTTP/1.1" 200 16066
INFO "GET /admin/auth/group/add/ HTTP/1.1" 200 13397
INFO "GET /admin/jsi18n/ HTTP/1.1" 200 16066
INFO "POST /admin/auth/group/add/ HTTP/1.1" 302 0
INFO "GET /admin/auth/group/ HTTP/1.1" 200 10790
INFO "GET /admin/jsi18n/ HTTP/1.1" 200 16066
INFO "GET /admin/auth/user/ HTTP/1.1" 200 13845
INFO "GET /admin/jsi18n/ HTTP/1.1" 200 16066
INFO "GET /admin/auth/user/add/ HTTP/1.1" 200 12222
INFO "GET /admin/jsi18n/ HTTP/1.1" 200 16066
INFO "POST /admin/auth/user/add/ HTTP/1.1" 302 0
INFO "GET /admin/auth/user/4/change/ HTTP/1.1" 200 24166
INFO "GET /admin/jsi18n/ HTTP/1.1" 200 16066
INFO "POST /admin/auth/user/4/change/ HTTP/1.1" 302 0
INFO "GET /admin/auth/user/ HTTP/1.1" 200 14479
INFO "GET /admin/jsi18n/ HTTP/1.1" 200 16066
INFO "GET /admin/auth/group/ HTTP/1.1" 200 10569
INFO "GET /admin/jsi18n/ HTTP/1.1" 200 16066
INFO "GET /admin/auth/group/add/ HTTP/1.1" 200 13397
INFO "GET /admin/jsi18n/ HTTP/1.1" 200 16066
INFO "POST /admin/auth/group/add/ HTTP/1.1" 302 0
INFO "GET /admin/auth/group/ HTTP/1.1" 200 10993
INFO "GET /admin/jsi18n/ HTTP/1.1" 200 16066
INFO "GET /admin/auth/user/ HTTP/1.1" 200 14324
INFO "GET /admin/jsi18n/ HTTP/1.1" 200 16066
INFO "GET /admin/auth/user/add/ HTTP/1.1" 200 12222
INFO "GET /admin/jsi18n/ HTTP/1.1" 200 16066
INFO "POST /admin/auth/user/add/ HTTP/1.1" 302 0
INFO "GET /admin/auth/user/5/change/ HTTP/1.1" 200 24224
INFO "GET /admin/jsi18n/ HTTP/1.1" 200 16066
INFO "POST /admin/auth/user/5/change/ HTTP/1.1" 302 0
INFO "GET /admin/auth/user/ HTTP/1.1" 200 14968
INFO "GET /admin/jsi18n/ HTTP/1.1" 200 16066
INFO "POST /admin/logout/ HTTP/1.1" 200 3709
INFO "GET /admin/ HTTP/1.1" 302 0
INFO "GET /admin/login/?next=/admin/ HTTP/1.1" 200 4267
INFO "POST /admin/login/?next=/admin/ HTTP/1.1" 302 0
INFO "GET /admin/ HTTP/1.1" 200 7010
INFO "POST /admin/logout/ HTTP/1.1" 200 3709
INFO "GET /admin/ HTTP/1.1" 302 0
INFO "GET /admin/login/?next=/admin/ HTTP/1.1" 200 4267
INFO "POST /admin/login/?next=/admin/ HTTP/1.1" 302 0
INFO "GET /admin/ HTTP/1.1" 200 10583
INFO "GET /admin/auth/user/ HTTP/1.1" 200 14741
INFO "GET /admin/jsi18n/ HTTP/1.1" 200 16066
INFO "GET /admin/auth/user/5/change/ HTTP/1.1" 200 23984
INFO "GET /admin/jsi18n/ HTTP/1.1" 200 16066
INFO "POST /admin/auth/user/5/change/ HTTP/1.1" 302 0
INFO "GET /admin/auth/user/ HTTP/1.1" 200 14958
INFO "GET /admin/jsi18n/ HTTP/1.1" 200 16066
INFO "GET /admin/auth/user/3/change/ HTTP/1.1" 200 24018
INFO "GET /admin/jsi18n/ HTTP/1.1" 200 16066
INFO "POST /admin/auth/user/3/change/ HTTP/1.1" 302 0
INFO "GET /admin/auth/user/ HTTP/1.1" 200 14946
INFO "GET /admin/jsi18n/ HTTP/1.1" 200 16066
INFO "GET /admin/auth/user/4/change/ HTTP/1.1" 200 24004
INFO "GET /admin/jsi18n/ HTTP/1.1" 200 16066
INFO "POST /admin/auth/user/4/change/ HTTP/1.1" 302 0
INFO "GET /admin/auth/user/ HTTP/1.1" 200 14948
INFO "GET /admin/jsi18n/ HTTP/1.1" 200 16066
INFO "GET /admin/auth/user/2/change/ HTTP/1.1" 200 23958
INFO "GET /admin/jsi18n/ HTTP/1.1" 200 16066
INFO "POST /admin/auth/user/2/change/ HTTP/1.1" 302 0
INFO "GET /admin/auth/user/ HTTP/1.1" 200 14944
INFO "GET /admin/jsi18n/ HTTP/1.1" 200 16066
INFO "GET /admin/auth/user/4/change/ HTTP/1.1" 200 24004
INFO "GET /admin/jsi18n/ HTTP/1.1" 200 16066
INFO "POST /admin/auth/user/4/change/ HTTP/1.1" 302 0
INFO "GET /admin/auth/user/ HTTP/1.1" 200 14942
INFO "GET /admin/jsi18n/ HTTP/1.1" 200 16066
INFO "POST /admin/logout/ HTTP/1.1" 200 3709
INFO "GET /admin/ HTTP/1.1" 302 0
INFO "GET /admin/login/?next=/admin/ HTTP/1.1" 200 4267
INFO "POST /admin/login/?next=/admin/ HTTP/1.1" 302 0
INFO "GET /admin/ HTTP/1.1" 200 6271
INFO "GET /admin/base_blog_app/article/ HTTP/1.1" 200 13126
INFO "GET /admin/base_blog_app/article/50/change/ HTTP/1.1" 200 14557
INFO "GET /admin/jsi18n/ HTTP/1.1" 200 16066
INFO "POST /admin/base_blog_app/article/50/change/ HTTP/1.1" 302 0
INFO "GET /admin/base_blog_app/article/ HTTP/1.1" 200 13420
INFO "GET /admin/base_blog_app/author/ HTTP/1.1" 200 10140
INFO "GET /admin/base_blog_app/author/23/change/ HTTP/1.1" 200 11303
INFO "GET /admin/jsi18n/ HTTP/1.1" 200 16066
INFO "POST /admin/base_blog_app/author/23/change/ HTTP/1.1" 302 0
INFO "GET /admin/base_blog_app/author/ HTTP/1.1" 200 10376
INFO Watching for file changes with StatReloader
INFO "GET /admin/base_blog_app/author/ HTTP/1.1" 200 10152
INFO "GET /admin/base_blog_app/article/ HTTP/1.1" 200 13164
INFO "GET /admin/base_blog_app/article/52/change/ HTTP/1.1" 200 14626
INFO "GET /admin/jsi18n/ HTTP/1.1" 200 16066
INFO "GET /admin/base_blog_app/article/ HTTP/1.1" 200 13164
INFO "POST /admin/logout/ HTTP/1.1" 200 3709
INFO "GET /admin/ HTTP/1.1" 302 0
INFO "GET /admin/login/?next=/admin/ HTTP/1.1" 200 4267
INFO "POST /admin/login/?next=/admin/ HTTP/1.1" 302 0
INFO "GET /admin/ HTTP/1.1" 200 10568
INFO "GET /admin/base_blog_app/article/ HTTP/1.1" 200 20874
INFO "GET /admin/jsi18n/ HTTP/1.1" 200 16066
INFO "GET /admin/base_blog_app/article/52/change/ HTTP/1.1" 200 15713
INFO "GET /admin/jsi18n/ HTTP/1.1" 200 16066
INFO "GET /admin/base_blog_app/article/ HTTP/1.1" 200 20874
INFO C:\Users\User\PycharmProjects\specialization\django\seminars\project2\base_blog_app\admin.py changed, reloading.
INFO Watching for file changes with StatReloader
INFO "GET /admin/base_blog_app/article/ HTTP/1.1" 200 20874
INFO "GET /admin/jsi18n/ HTTP/1.1" 200 16066
INFO "GET /admin/base_blog_app/article/52/change/ HTTP/1.1" 200 15713
INFO "GET /admin/jsi18n/ HTTP/1.1" 200 16066
INFO "GET /admin/base_blog_app/article/ HTTP/1.1" 200 20874
INFO "GET /admin/jsi18n/ HTTP/1.1" 200 16066
INFO "GET /admin/base_blog_app/article/51/change/ HTTP/1.1" 200 15705
INFO "GET /admin/jsi18n/ HTTP/1.1" 200 16066
INFO "GET /admin/base_blog_app/article/ HTTP/1.1" 200 20874
INFO C:\Users\User\PycharmProjects\specialization\django\seminars\project2\base_blog_app\admin.py changed, reloading.
INFO Watching for file changes with StatReloader
INFO "GET /admin/base_blog_app/article/ HTTP/1.1" 200 20874
INFO "GET /admin/jsi18n/ HTTP/1.1" 200 16066
INFO "GET /admin/base_blog_app/article/52/change/ HTTP/1.1" 200 15713
INFO "GET /admin/jsi18n/ HTTP/1.1" 200 16066
INFO "GET /admin/base_blog_app/article/ HTTP/1.1" 200 20874
INFO "GET /admin/base_blog_app/article/52/change/ HTTP/1.1" 200 15713
INFO C:\Users\User\PycharmProjects\specialization\django\seminars\project2\base_blog_app\admin.py changed, reloading.
INFO Watching for file changes with StatReloader
INFO C:\Users\User\PycharmProjects\specialization\django\seminars\project2\base_blog_app\admin.py changed, reloading.
INFO Watching for file changes with StatReloader
INFO Watching for file changes with StatReloader
INFO "GET /admin/base_blog_app/article/52/change/ HTTP/1.1" 200 15713
INFO "GET /admin/jsi18n/ HTTP/1.1" 200 16066
INFO "GET /admin/base_blog_app/article/52/change/ HTTP/1.1" 200 15713
INFO "GET /admin/jsi18n/ HTTP/1.1" 200 16066
INFO "GET /admin/base_blog_app/article/ HTTP/1.1" 200 20874
INFO "GET /admin/jsi18n/ HTTP/1.1" 200 16066
INFO "GET /admin/base_blog_app/article/30/change/ HTTP/1.1" 200 15656
INFO "GET /admin/jsi18n/ HTTP/1.1" 200 16066
INFO Watching for file changes with StatReloader
INFO "GET /admin/base_blog_app/article/30/change/ HTTP/1.1" 200 15656
INFO "GET /admin/jsi18n/ HTTP/1.1" 200 16066
INFO "GET /admin/base_blog_app/article/30/change/ HTTP/1.1" 200 15656
INFO "GET /admin/jsi18n/ HTTP/1.1" 200 16066
INFO "GET /admin/base_blog_app/author/ HTTP/1.1" 200 14584
INFO "GET /admin/jsi18n/ HTTP/1.1" 200 16066
INFO "GET /admin/base_blog_app/author/23/change/ HTTP/1.1" 200 12459
INFO "GET /admin/jsi18n/ HTTP/1.1" 200 16066
INFO "POST /admin/logout/ HTTP/1.1" 200 3709
INFO "GET /admin/ HTTP/1.1" 302 0
INFO "GET /admin/login/?next=/admin/ HTTP/1.1" 200 4267
INFO "POST /admin/login/?next=/admin/ HTTP/1.1" 302 0
INFO "GET /admin/ HTTP/1.1" 200 6936
INFO "GET /admin/base_blog_app/author/ HTTP/1.1" 200 10152
INFO "GET /admin/base_blog_app/author/23/change/ HTTP/1.1" 200 11373
INFO "GET /admin/jsi18n/ HTTP/1.1" 200 16066
INFO "GET /admin/base_blog_app/author/ HTTP/1.1" 200 10152
INFO "GET /admin/ HTTP/1.1" 200 6936
INFO "GET /admin/base_blog_app/comment/ HTTP/1.1" 200 20706
INFO "GET /admin/ HTTP/1.1" 200 6936
INFO C:\Users\User\PycharmProjects\specialization\django\seminars\project2\base_blog_app\admin.py changed, reloading.
INFO Watching for file changes with StatReloader
INFO Watching for file changes with StatReloader
INFO C:\Users\User\PycharmProjects\specialization\django\seminars\project2\base_blog_app\admin.py changed, reloading.
INFO Watching for file changes with StatReloader
INFO Watching for file changes with StatReloader
INFO "GET /admin/ HTTP/1.1" 200 6936
INFO "GET /admin/ HTTP/1.1" 200 6936
INFO "GET /admin/base_blog_app/article/ HTTP/1.1" 200 29371
INFO "GET /admin/base_blog_app/article/52/change/ HTTP/1.1" 200 14626
INFO "GET /admin/jsi18n/ HTTP/1.1" 200 16066
INFO "GET /admin/base_blog_app/article/ HTTP/1.1" 200 29371
INFO C:\Users\User\PycharmProjects\specialization\django\seminars\project2\base_blog_app\admin.py changed, reloading.
INFO Watching for file changes with StatReloader
INFO C:\Users\User\PycharmProjects\specialization\django\seminars\project2\base_blog_app\admin.py changed, reloading.
INFO Watching for file changes with StatReloader
INFO "GET /admin/base_blog_app/article/ HTTP/1.1" 200 29686
INFO C:\Users\User\PycharmProjects\specialization\django\seminars\project2\base_blog_app\admin.py changed, reloading.
INFO Watching for file changes with StatReloader
INFO C:\Users\User\PycharmProjects\specialization\django\seminars\project2\base_blog_app\admin.py changed, reloading.
INFO Watching for file changes with StatReloader
INFO C:\Users\User\PycharmProjects\specialization\django\seminars\project2\base_blog_app\admin.py changed, reloading.
INFO Watching for file changes with StatReloader
INFO "GET /admin/base_blog_app/article/52/change/ HTTP/1.1" 200 12173
INFO "GET /admin/jsi18n/ HTTP/1.1" 200 16066
INFO "GET /admin/base_blog_app/author/22/change/ HTTP/1.1" 200 11301
INFO "GET /admin/jsi18n/ HTTP/1.1" 200 16066
INFO "GET /admin/base_blog_app/article/52/change/ HTTP/1.1" 200 12173
INFO C:\Users\User\PycharmProjects\specialization\django\seminars\project2\base_blog_app\admin.py changed, reloading.
INFO Watching for file changes with StatReloader
INFO "GET /admin/base_blog_app/article/52/change/ HTTP/1.1" 200 12259
INFO "GET /admin/jsi18n/ HTTP/1.1" 200 16066
INFO C:\Users\User\PycharmProjects\specialization\django\seminars\project2\base_blog_app\admin.py changed, reloading.
INFO Watching for file changes with StatReloader
INFO "GET /admin/base_blog_app/article/52/change/ HTTP/1.1" 200 12152
INFO "GET /admin/jsi18n/ HTTP/1.1" 200 16066
INFO C:\Users\User\PycharmProjects\specialization\django\seminars\project2\base_blog_app\admin.py changed, reloading.
INFO Watching for file changes with StatReloader
INFO C:\Users\User\PycharmProjects\specialization\django\seminars\project2\base_blog_app\admin.py changed, reloading.
INFO Watching for file changes with StatReloader
INFO C:\Users\User\PycharmProjects\specialization\django\seminars\project2\base_blog_app\admin.py changed, reloading.
INFO Watching for file changes with StatReloader
INFO C:\Users\User\PycharmProjects\specialization\django\seminars\project2\base_blog_app\admin.py changed, reloading.
INFO Watching for file changes with StatReloader
INFO C:\Users\User\PycharmProjects\specialization\django\seminars\project2\base_blog_app\admin.py changed, reloading.
INFO Watching for file changes with StatReloader
INFO C:\Users\User\PycharmProjects\specialization\django\seminars\project2\base_blog_app\admin.py changed, reloading.
INFO Watching for file changes with StatReloader
INFO C:\Users\User\PycharmProjects\specialization\django\seminars\project2\base_blog_app\admin.py changed, reloading.
INFO Watching for file changes with StatReloader
INFO C:\Users\User\PycharmProjects\specialization\django\seminars\project2\base_blog_app\admin.py changed, reloading.
INFO Watching for file changes with StatReloader
INFO C:\Users\User\PycharmProjects\specialization\django\seminars\project2\base_blog_app\admin.py changed, reloading.
INFO Watching for file changes with StatReloader
INFO C:\Users\User\PycharmProjects\specialization\django\seminars\project2\base_blog_app\admin.py changed, reloading.
INFO Watching for file changes with StatReloader
INFO C:\Users\User\PycharmProjects\specialization\django\seminars\project2\base_blog_app\admin.py changed, reloading.
INFO Watching for file changes with StatReloader
INFO C:\Users\User\PycharmProjects\specialization\django\seminars\project2\base_blog_app\admin.py changed, reloading.
INFO Watching for file changes with StatReloader
INFO C:\Users\User\PycharmProjects\specialization\django\seminars\project2\base_blog_app\admin.py changed, reloading.
INFO Watching for file changes with StatReloader
INFO C:\Users\User\PycharmProjects\specialization\django\seminars\project2\base_blog_app\admin.py changed, reloading.
INFO Watching for file changes with StatReloader
INFO "GET /admin/base_blog_app/article/52/change/ HTTP/1.1" 200 9381
INFO "GET /admin/jsi18n/ HTTP/1.1" 200 16066
INFO C:\Users\User\PycharmProjects\specialization\django\seminars\project2\base_blog_app\admin.py changed, reloading.
INFO Watching for file changes with StatReloader
ERROR Internal Server Error: /admin/base_blog_app/article/52/change/
Traceback (most recent call last):
  File "C:\Users\User\PycharmProjects\specialization\venv\Lib\site-packages\django\contrib\admin\options.py", line 809, in get_form
    return modelform_factory(self.model, **defaults)
           ^^^^^^^^^^^^^^^^^^^^^^^^^^^^^^^^^^^^^^^^^
  File "C:\Users\User\PycharmProjects\specialization\venv\Lib\site-packages\django\forms\models.py", line 642, in modelform_factory
    return type(form)(class_name, (form,), form_class_attrs)
           ^^^^^^^^^^^^^^^^^^^^^^^^^^^^^^^^^^^^^^^^^^^^^^^^^
  File "C:\Users\User\PycharmProjects\specialization\venv\Lib\site-packages\django\forms\models.py", line 321, in __new__
    raise FieldError(message)
django.core.exceptions.FieldError: Unknown field(s) (description) specified for Article

During handling of the above exception, another exception occurred:

Traceback (most recent call last):
  File "C:\Users\User\PycharmProjects\specialization\venv\Lib\site-packages\django\core\handlers\exception.py", line 55, in inner
    response = get_response(request)
               ^^^^^^^^^^^^^^^^^^^^^
  File "C:\Users\User\PycharmProjects\specialization\venv\Lib\site-packages\django\core\handlers\base.py", line 197, in _get_response
    response = wrapped_callback(request, *callback_args, **callback_kwargs)
               ^^^^^^^^^^^^^^^^^^^^^^^^^^^^^^^^^^^^^^^^^^^^^^^^^^^^^^^^^^^^
  File "C:\Users\User\PycharmProjects\specialization\venv\Lib\site-packages\django\contrib\admin\options.py", line 688, in wrapper
    return self.admin_site.admin_view(view)(*args, **kwargs)
           ^^^^^^^^^^^^^^^^^^^^^^^^^^^^^^^^^^^^^^^^^^^^^^^^^
  File "C:\Users\User\PycharmProjects\specialization\venv\Lib\site-packages\django\utils\decorators.py", line 134, in _wrapper_view
    response = view_func(request, *args, **kwargs)
               ^^^^^^^^^^^^^^^^^^^^^^^^^^^^^^^^^^^
  File "C:\Users\User\PycharmProjects\specialization\venv\Lib\site-packages\django\views\decorators\cache.py", line 62, in _wrapper_view_func
    response = view_func(request, *args, **kwargs)
               ^^^^^^^^^^^^^^^^^^^^^^^^^^^^^^^^^^^
  File "C:\Users\User\PycharmProjects\specialization\venv\Lib\site-packages\django\contrib\admin\sites.py", line 242, in inner
    return view(request, *args, **kwargs)
           ^^^^^^^^^^^^^^^^^^^^^^^^^^^^^^
  File "C:\Users\User\PycharmProjects\specialization\venv\Lib\site-packages\django\contrib\admin\options.py", line 1889, in change_view
    return self.changeform_view(request, object_id, form_url, extra_context)
           ^^^^^^^^^^^^^^^^^^^^^^^^^^^^^^^^^^^^^^^^^^^^^^^^^^^^^^^^^^^^^^^^^
  File "C:\Users\User\PycharmProjects\specialization\venv\Lib\site-packages\django\utils\decorators.py", line 46, in _wrapper
    return bound_method(*args, **kwargs)
           ^^^^^^^^^^^^^^^^^^^^^^^^^^^^^
  File "C:\Users\User\PycharmProjects\specialization\venv\Lib\site-packages\django\utils\decorators.py", line 134, in _wrapper_view
    response = view_func(request, *args, **kwargs)
               ^^^^^^^^^^^^^^^^^^^^^^^^^^^^^^^^^^^
  File "C:\Users\User\PycharmProjects\specialization\venv\Lib\site-packages\django\contrib\admin\options.py", line 1747, in changeform_view
    return self._changeform_view(request, object_id, form_url, extra_context)
           ^^^^^^^^^^^^^^^^^^^^^^^^^^^^^^^^^^^^^^^^^^^^^^^^^^^^^^^^^^^^^^^^^^
  File "C:\Users\User\PycharmProjects\specialization\venv\Lib\site-packages\django\contrib\admin\options.py", line 1782, in _changeform_view
    ModelForm = self.get_form(
                ^^^^^^^^^^^^^^
  File "C:\Users\User\PycharmProjects\specialization\venv\Lib\site-packages\django\contrib\admin\options.py", line 811, in get_form
    raise FieldError(
django.core.exceptions.FieldError: Unknown field(s) (description) specified for Article. Check fields/fieldsets/exclude attributes of class ArticleAdmin.
ERROR "GET /admin/base_blog_app/article/52/change/ HTTP/1.1" 500 135821
INFO C:\Users\User\PycharmProjects\specialization\django\seminars\project2\base_blog_app\admin.py changed, reloading.
INFO Watching for file changes with StatReloader
INFO "GET /admin/base_blog_app/article/52/change/ HTTP/1.1" 200 11995
INFO "GET /admin/jsi18n/ HTTP/1.1" 200 16066
INFO "POST /admin/base_blog_app/article/52/change/ HTTP/1.1" 302 0
INFO "GET /admin/base_blog_app/article/ HTTP/1.1" 200 29915
INFO "GET /admin/base_blog_app/article/51/change/ HTTP/1.1" 200 11987
INFO "GET /admin/jsi18n/ HTTP/1.1" 200 16066
INFO "POST /admin/base_blog_app/article/51/change/ HTTP/1.1" 302 0
INFO "GET /admin/base_blog_app/article/ HTTP/1.1" 200 29928
INFO C:\Users\User\PycharmProjects\specialization\django\seminars\project2\base_blog_app\admin.py changed, reloading.
INFO Watching for file changes with StatReloader
INFO "GET /admin/base_blog_app/article/ HTTP/1.1" 200 30003
INFO "GET /admin/base_blog_app/article/?q=%D0%BD%D0%BE%D0%B2%D1%8B%D0%B9+%D0%B3%D0%BE%D0%B4 HTTP/1.1" 200 10327
INFO "GET /admin/base_blog_app/article/? HTTP/1.1" 200 30003
INFO C:\Users\User\PycharmProjects\specialization\django\seminars\project2\base_blog_app\admin.py changed, reloading.
INFO Watching for file changes with StatReloader
INFO "GET /admin/base_blog_app/article/? HTTP/1.1" 200 30673
INFO "GET /admin/base_blog_app/article/?show_count=16 HTTP/1.1" 200 10711
INFO "GET /admin/base_blog_app/article/?show_count=5 HTTP/1.1" 200 10661
INFO "GET /admin/base_blog_app/article/?show_count=2 HTTP/1.1" 200 11535
INFO "GET /admin/base_blog_app/article/? HTTP/1.1" 200 30673
INFO C:\Users\User\PycharmProjects\specialization\django\seminars\project2\base_blog_app\admin.py changed, reloading.
INFO Watching for file changes with StatReloader
INFO "GET /admin/base_blog_app/article/? HTTP/1.1" 200 16038
INFO C:\Users\User\PycharmProjects\specialization\django\seminars\project2\base_blog_app\admin.py changed, reloading.
INFO Watching for file changes with StatReloader
INFO C:\Users\User\PycharmProjects\specialization\django\seminars\project2\base_blog_app\admin.py changed, reloading.
INFO Watching for file changes with StatReloader
INFO C:\Users\User\PycharmProjects\specialization\django\seminars\project2\base_blog_app\admin.py changed, reloading.
INFO Watching for file changes with StatReloader
INFO "GET /admin/base_blog_app/article/?show_count=2 HTTP/1.1" 200 12732
INFO "GET /admin/jsi18n/ HTTP/1.1" 200 16066
INFO "POST /admin/base_blog_app/article/?show_count=2 HTTP/1.1" 302 0
INFO "GET /admin/base_blog_app/article/?show_count=2 HTTP/1.1" 200 11631
INFO "GET /admin/jsi18n/ HTTP/1.1" 200 16066
INFO "GET /admin/base_blog_app/article/? HTTP/1.1" 200 18983
INFO "GET /admin/jsi18n/ HTTP/1.1" 200 16066
INFO C:\Users\User\PycharmProjects\specialization\django\seminars\project2\base_blog_app\admin.py changed, reloading.
INFO Watching for file changes with StatReloader
INFO "GET /admin/base_blog_app/article/? HTTP/1.1" 200 19660
INFO "GET /admin/jsi18n/ HTTP/1.1" 200 16066
INFO C:\Users\User\PycharmProjects\specialization\django\seminars\project2\base_blog_app\admin.py changed, reloading.
INFO Watching for file changes with StatReloader
